{"/app/app/test/integrations/auth.spec.ts":{"path":"/app/app/test/integrations/auth.spec.ts","statementMap":{"0":{"start":{"line":2,"column":16},"end":{"line":10,"column":1}},"1":{"start":{"line":3,"column":28},"end":{"line":3,"column":110}},"2":{"start":{"line":3,"column":91},"end":{"line":3,"column":106}},"3":{"start":{"line":4,"column":4},"end":{"line":9,"column":7}},"4":{"start":{"line":5,"column":36},"end":{"line":5,"column":97}},"5":{"start":{"line":5,"column":42},"end":{"line":5,"column":70}},"6":{"start":{"line":5,"column":85},"end":{"line":5,"column":95}},"7":{"start":{"line":6,"column":35},"end":{"line":6,"column":100}},"8":{"start":{"line":6,"column":41},"end":{"line":6,"column":73}},"9":{"start":{"line":6,"column":88},"end":{"line":6,"column":98}},"10":{"start":{"line":7,"column":32},"end":{"line":7,"column":116}},"11":{"start":{"line":8,"column":8},"end":{"line":8,"column":78}},"12":{"start":{"line":11,"column":18},"end":{"line":37,"column":1}},"13":{"start":{"line":12,"column":12},"end":{"line":12,"column":104}},"14":{"start":{"line":12,"column":43},"end":{"line":12,"column":68}},"15":{"start":{"line":12,"column":57},"end":{"line":12,"column":68}},"16":{"start":{"line":12,"column":69},"end":{"line":12,"column":81}},"17":{"start":{"line":13,"column":4},"end":{"line":13,"column":157}},"18":{"start":{"line":13,"column":138},"end":{"line":13,"column":150}},"19":{"start":{"line":14,"column":23},"end":{"line":14,"column":68}},"20":{"start":{"line":14,"column":45},"end":{"line":14,"column":65}},"21":{"start":{"line":16,"column":8},"end":{"line":16,"column":70}},"22":{"start":{"line":16,"column":15},"end":{"line":16,"column":70}},"23":{"start":{"line":17,"column":8},"end":{"line":34,"column":66}},"24":{"start":{"line":17,"column":18},"end":{"line":34,"column":66}},"25":{"start":{"line":18,"column":12},"end":{"line":18,"column":169}},"26":{"start":{"line":18,"column":160},"end":{"line":18,"column":169}},"27":{"start":{"line":19,"column":12},"end":{"line":19,"column":52}},"28":{"start":{"line":19,"column":26},"end":{"line":19,"column":52}},"29":{"start":{"line":20,"column":12},"end":{"line":32,"column":13}},"30":{"start":{"line":21,"column":32},"end":{"line":21,"column":39}},"31":{"start":{"line":21,"column":40},"end":{"line":21,"column":46}},"32":{"start":{"line":22,"column":24},"end":{"line":22,"column":34}},"33":{"start":{"line":22,"column":35},"end":{"line":22,"column":72}},"34":{"start":{"line":23,"column":24},"end":{"line":23,"column":34}},"35":{"start":{"line":23,"column":35},"end":{"line":23,"column":45}},"36":{"start":{"line":23,"column":46},"end":{"line":23,"column":55}},"37":{"start":{"line":23,"column":56},"end":{"line":23,"column":65}},"38":{"start":{"line":24,"column":24},"end":{"line":24,"column":41}},"39":{"start":{"line":24,"column":42},"end":{"line":24,"column":55}},"40":{"start":{"line":24,"column":56},"end":{"line":24,"column":65}},"41":{"start":{"line":26,"column":20},"end":{"line":26,"column":128}},"42":{"start":{"line":26,"column":110},"end":{"line":26,"column":116}},"43":{"start":{"line":26,"column":117},"end":{"line":26,"column":126}},"44":{"start":{"line":27,"column":20},"end":{"line":27,"column":106}},"45":{"start":{"line":27,"column":81},"end":{"line":27,"column":97}},"46":{"start":{"line":27,"column":98},"end":{"line":27,"column":104}},"47":{"start":{"line":28,"column":20},"end":{"line":28,"column":89}},"48":{"start":{"line":28,"column":57},"end":{"line":28,"column":72}},"49":{"start":{"line":28,"column":73},"end":{"line":28,"column":80}},"50":{"start":{"line":28,"column":81},"end":{"line":28,"column":87}},"51":{"start":{"line":29,"column":20},"end":{"line":29,"column":87}},"52":{"start":{"line":29,"column":47},"end":{"line":29,"column":62}},"53":{"start":{"line":29,"column":63},"end":{"line":29,"column":78}},"54":{"start":{"line":29,"column":79},"end":{"line":29,"column":85}},"55":{"start":{"line":30,"column":20},"end":{"line":30,"column":42}},"56":{"start":{"line":30,"column":30},"end":{"line":30,"column":42}},"57":{"start":{"line":31,"column":20},"end":{"line":31,"column":33}},"58":{"start":{"line":31,"column":34},"end":{"line":31,"column":43}},"59":{"start":{"line":33,"column":12},"end":{"line":33,"column":39}},"60":{"start":{"line":34,"column":22},"end":{"line":34,"column":34}},"61":{"start":{"line":34,"column":35},"end":{"line":34,"column":41}},"62":{"start":{"line":34,"column":54},"end":{"line":34,"column":64}},"63":{"start":{"line":35,"column":8},"end":{"line":35,"column":35}},"64":{"start":{"line":35,"column":23},"end":{"line":35,"column":35}},"65":{"start":{"line":35,"column":36},"end":{"line":35,"column":89}},"66":{"start":{"line":38,"column":0},"end":{"line":38,"column":62}},"67":{"start":{"line":39,"column":15},"end":{"line":39,"column":32}},"68":{"start":{"line":40,"column":13},"end":{"line":40,"column":39}},"69":{"start":{"line":41,"column":10},"end":{"line":41,"column":30}},"70":{"start":{"line":42,"column":18},"end":{"line":42,"column":40}},"71":{"start":{"line":43,"column":11},"end":{"line":43,"column":26}},"72":{"start":{"line":44,"column":12},"end":{"line":44,"column":28}},"73":{"start":{"line":45,"column":15},"end":{"line":45,"column":35}},"74":{"start":{"line":46,"column":15},"end":{"line":46,"column":47}},"75":{"start":{"line":47,"column":11},"end":{"line":47,"column":48}},"76":{"start":{"line":48,"column":14},"end":{"line":48,"column":45}},"77":{"start":{"line":49,"column":15},"end":{"line":49,"column":47}},"78":{"start":{"line":50,"column":0},"end":{"line":50,"column":122}},"79":{"start":{"line":50,"column":43},"end":{"line":50,"column":119}},"80":{"start":{"line":50,"column":77},"end":{"line":50,"column":112}},"81":{"start":{"line":51,"column":0},"end":{"line":51,"column":120}},"82":{"start":{"line":51,"column":46},"end":{"line":51,"column":117}},"83":{"start":{"line":51,"column":80},"end":{"line":51,"column":110}},"84":{"start":{"line":52,"column":0},"end":{"line":52,"column":19}},"85":{"start":{"line":54,"column":4},"end":{"line":74,"column":7}},"86":{"start":{"line":55,"column":8},"end":{"line":73,"column":11}},"87":{"start":{"line":56,"column":12},"end":{"line":72,"column":13}},"88":{"start":{"line":58,"column":20},"end":{"line":58,"column":108}},"89":{"start":{"line":58,"column":92},"end":{"line":58,"column":104}},"90":{"start":{"line":59,"column":20},"end":{"line":62,"column":59}},"91":{"start":{"line":64,"column":20},"end":{"line":64,"column":30}},"92":{"start":{"line":65,"column":20},"end":{"line":68,"column":70}},"93":{"start":{"line":70,"column":20},"end":{"line":70,"column":30}},"94":{"start":{"line":71,"column":20},"end":{"line":71,"column":42}},"95":{"start":{"line":76,"column":0},"end":{"line":76,"column":36}},"96":{"start":{"line":78,"column":4},"end":{"line":94,"column":7}},"97":{"start":{"line":80,"column":8},"end":{"line":93,"column":11}},"98":{"start":{"line":81,"column":12},"end":{"line":92,"column":13}},"99":{"start":{"line":82,"column":24},"end":{"line":86,"column":65}},"100":{"start":{"line":88,"column":20},"end":{"line":88,"column":36}},"101":{"start":{"line":89,"column":20},"end":{"line":89,"column":79}},"102":{"start":{"line":90,"column":20},"end":{"line":90,"column":89}},"103":{"start":{"line":91,"column":20},"end":{"line":91,"column":88}},"104":{"start":{"line":96,"column":0},"end":{"line":96,"column":30}},"105":{"start":{"line":97,"column":0},"end":{"line":214,"column":3}},"106":{"start":{"line":98,"column":4},"end":{"line":107,"column":7}},"107":{"start":{"line":99,"column":8},"end":{"line":106,"column":11}},"108":{"start":{"line":102,"column":12},"end":{"line":102,"column":51}},"109":{"start":{"line":105,"column":12},"end":{"line":105,"column":45}},"110":{"start":{"line":108,"column":4},"end":{"line":111,"column":7}},"111":{"start":{"line":109,"column":8},"end":{"line":109,"column":24}},"112":{"start":{"line":110,"column":8},"end":{"line":110,"column":49}},"113":{"start":{"line":112,"column":4},"end":{"line":128,"column":11}},"114":{"start":{"line":112,"column":51},"end":{"line":128,"column":7}},"115":{"start":{"line":114,"column":8},"end":{"line":127,"column":11}},"116":{"start":{"line":115,"column":12},"end":{"line":126,"column":13}},"117":{"start":{"line":117,"column":20},"end":{"line":117,"column":108}},"118":{"start":{"line":117,"column":92},"end":{"line":117,"column":104}},"119":{"start":{"line":118,"column":20},"end":{"line":121,"column":59}},"120":{"start":{"line":123,"column":20},"end":{"line":123,"column":36}},"121":{"start":{"line":124,"column":20},"end":{"line":124,"column":65}},"122":{"start":{"line":125,"column":20},"end":{"line":125,"column":42}},"123":{"start":{"line":129,"column":4},"end":{"line":149,"column":11}},"124":{"start":{"line":129,"column":61},"end":{"line":149,"column":7}},"125":{"start":{"line":131,"column":8},"end":{"line":148,"column":11}},"126":{"start":{"line":132,"column":12},"end":{"line":147,"column":13}},"127":{"start":{"line":133,"column":24},"end":{"line":133,"column":61}},"128":{"start":{"line":135,"column":20},"end":{"line":135,"column":30}},"129":{"start":{"line":136,"column":20},"end":{"line":140,"column":69}},"130":{"start":{"line":142,"column":20},"end":{"line":142,"column":36}},"131":{"start":{"line":143,"column":20},"end":{"line":143,"column":131}},"132":{"start":{"line":144,"column":20},"end":{"line":144,"column":135}},"133":{"start":{"line":145,"column":20},"end":{"line":145,"column":69}},"134":{"start":{"line":146,"column":20},"end":{"line":146,"column":42}},"135":{"start":{"line":150,"column":4},"end":{"line":168,"column":11}},"136":{"start":{"line":150,"column":66},"end":{"line":168,"column":7}},"137":{"start":{"line":152,"column":8},"end":{"line":167,"column":11}},"138":{"start":{"line":153,"column":12},"end":{"line":166,"column":13}},"139":{"start":{"line":154,"column":24},"end":{"line":154,"column":61}},"140":{"start":{"line":156,"column":20},"end":{"line":156,"column":30}},"141":{"start":{"line":157,"column":20},"end":{"line":161,"column":70}},"142":{"start":{"line":163,"column":20},"end":{"line":163,"column":42}},"143":{"start":{"line":164,"column":20},"end":{"line":164,"column":75}},"144":{"start":{"line":165,"column":20},"end":{"line":165,"column":42}},"145":{"start":{"line":169,"column":4},"end":{"line":180,"column":11}},"146":{"start":{"line":169,"column":48},"end":{"line":180,"column":7}},"147":{"start":{"line":171,"column":8},"end":{"line":179,"column":11}},"148":{"start":{"line":172,"column":12},"end":{"line":178,"column":13}},"149":{"start":{"line":173,"column":24},"end":{"line":173,"column":113}},"150":{"start":{"line":175,"column":20},"end":{"line":175,"column":36}},"151":{"start":{"line":176,"column":20},"end":{"line":176,"column":37}},"152":{"start":{"line":177,"column":20},"end":{"line":177,"column":42}},"153":{"start":{"line":181,"column":4},"end":{"line":213,"column":11}},"154":{"start":{"line":181,"column":47},"end":{"line":213,"column":7}},"155":{"start":{"line":183,"column":8},"end":{"line":212,"column":11}},"156":{"start":{"line":184,"column":12},"end":{"line":211,"column":13}},"157":{"start":{"line":186,"column":20},"end":{"line":186,"column":113}},"158":{"start":{"line":186,"column":97},"end":{"line":186,"column":109}},"159":{"start":{"line":187,"column":20},"end":{"line":187,"column":57}},"160":{"start":{"line":189,"column":20},"end":{"line":189,"column":30}},"161":{"start":{"line":190,"column":20},"end":{"line":190,"column":54}},"162":{"start":{"line":192,"column":20},"end":{"line":192,"column":85}},"163":{"start":{"line":193,"column":20},"end":{"line":198,"column":70}},"164":{"start":{"line":200,"column":20},"end":{"line":200,"column":42}},"165":{"start":{"line":201,"column":20},"end":{"line":201,"column":75}},"166":{"start":{"line":202,"column":20},"end":{"line":206,"column":145}},"167":{"start":{"line":208,"column":20},"end":{"line":208,"column":47}},"168":{"start":{"line":209,"column":20},"end":{"line":209,"column":80}},"169":{"start":{"line":210,"column":20},"end":{"line":210,"column":42}}},"fnMap":{"0":{"name":"(anonymous_0)","decl":{"start":{"line":2,"column":44},"end":{"line":2,"column":45}},"loc":{"start":{"line":2,"column":89},"end":{"line":10,"column":1}},"line":2},"1":{"name":"adopt","decl":{"start":{"line":3,"column":13},"end":{"line":3,"column":18}},"loc":{"start":{"line":3,"column":26},"end":{"line":3,"column":112}},"line":3},"2":{"name":"(anonymous_2)","decl":{"start":{"line":3,"column":70},"end":{"line":3,"column":71}},"loc":{"start":{"line":3,"column":89},"end":{"line":3,"column":108}},"line":3},"3":{"name":"(anonymous_3)","decl":{"start":{"line":4,"column":36},"end":{"line":4,"column":37}},"loc":{"start":{"line":4,"column":63},"end":{"line":9,"column":5}},"line":4},"4":{"name":"fulfilled","decl":{"start":{"line":5,"column":17},"end":{"line":5,"column":26}},"loc":{"start":{"line":5,"column":34},"end":{"line":5,"column":99}},"line":5},"5":{"name":"rejected","decl":{"start":{"line":6,"column":17},"end":{"line":6,"column":25}},"loc":{"start":{"line":6,"column":33},"end":{"line":6,"column":102}},"line":6},"6":{"name":"step","decl":{"start":{"line":7,"column":17},"end":{"line":7,"column":21}},"loc":{"start":{"line":7,"column":30},"end":{"line":7,"column":118}},"line":7},"7":{"name":"(anonymous_7)","decl":{"start":{"line":11,"column":48},"end":{"line":11,"column":49}},"loc":{"start":{"line":11,"column":73},"end":{"line":37,"column":1}},"line":11},"8":{"name":"(anonymous_8)","decl":{"start":{"line":12,"column":30},"end":{"line":12,"column":31}},"loc":{"start":{"line":12,"column":41},"end":{"line":12,"column":83}},"line":12},"9":{"name":"(anonymous_9)","decl":{"start":{"line":13,"column":125},"end":{"line":13,"column":126}},"loc":{"start":{"line":13,"column":136},"end":{"line":13,"column":152}},"line":13},"10":{"name":"verb","decl":{"start":{"line":14,"column":13},"end":{"line":14,"column":17}},"loc":{"start":{"line":14,"column":21},"end":{"line":14,"column":70}},"line":14},"11":{"name":"(anonymous_11)","decl":{"start":{"line":14,"column":30},"end":{"line":14,"column":31}},"loc":{"start":{"line":14,"column":43},"end":{"line":14,"column":67}},"line":14},"12":{"name":"step","decl":{"start":{"line":15,"column":13},"end":{"line":15,"column":17}},"loc":{"start":{"line":15,"column":22},"end":{"line":36,"column":5}},"line":15},"13":{"name":"(anonymous_13)","decl":{"start":{"line":50,"column":26},"end":{"line":50,"column":27}},"loc":{"start":{"line":50,"column":41},"end":{"line":50,"column":121}},"line":50},"14":{"name":"(anonymous_14)","decl":{"start":{"line":50,"column":61},"end":{"line":50,"column":62}},"loc":{"start":{"line":50,"column":75},"end":{"line":50,"column":114}},"line":50},"15":{"name":"(anonymous_15)","decl":{"start":{"line":51,"column":29},"end":{"line":51,"column":30}},"loc":{"start":{"line":51,"column":44},"end":{"line":51,"column":119}},"line":51},"16":{"name":"(anonymous_16)","decl":{"start":{"line":51,"column":64},"end":{"line":51,"column":65}},"loc":{"start":{"line":51,"column":78},"end":{"line":51,"column":112}},"line":51},"17":{"name":"registerUser","decl":{"start":{"line":53,"column":9},"end":{"line":53,"column":21}},"loc":{"start":{"line":53,"column":24},"end":{"line":75,"column":1}},"line":53},"18":{"name":"(anonymous_18)","decl":{"start":{"line":54,"column":43},"end":{"line":54,"column":44}},"loc":{"start":{"line":54,"column":55},"end":{"line":74,"column":5}},"line":54},"19":{"name":"(anonymous_19)","decl":{"start":{"line":55,"column":33},"end":{"line":55,"column":34}},"loc":{"start":{"line":55,"column":47},"end":{"line":73,"column":9}},"line":55},"20":{"name":"fakeFn","decl":{"start":{"line":58,"column":81},"end":{"line":58,"column":87}},"loc":{"start":{"line":58,"column":90},"end":{"line":58,"column":106}},"line":58},"21":{"name":"testLogin","decl":{"start":{"line":77,"column":9},"end":{"line":77,"column":18}},"loc":{"start":{"line":77,"column":21},"end":{"line":95,"column":1}},"line":77},"22":{"name":"(anonymous_22)","decl":{"start":{"line":78,"column":43},"end":{"line":78,"column":44}},"loc":{"start":{"line":78,"column":55},"end":{"line":94,"column":5}},"line":78},"23":{"name":"(anonymous_23)","decl":{"start":{"line":80,"column":33},"end":{"line":80,"column":34}},"loc":{"start":{"line":80,"column":47},"end":{"line":93,"column":9}},"line":80},"24":{"name":"(anonymous_24)","decl":{"start":{"line":97,"column":26},"end":{"line":97,"column":27}},"loc":{"start":{"line":97,"column":38},"end":{"line":214,"column":1}},"line":97},"25":{"name":"(anonymous_25)","decl":{"start":{"line":98,"column":15},"end":{"line":98,"column":16}},"loc":{"start":{"line":98,"column":27},"end":{"line":107,"column":5}},"line":98},"26":{"name":"(anonymous_26)","decl":{"start":{"line":101,"column":18},"end":{"line":101,"column":19}},"loc":{"start":{"line":101,"column":30},"end":{"line":103,"column":9}},"line":101},"27":{"name":"(anonymous_27)","decl":{"start":{"line":104,"column":18},"end":{"line":104,"column":19}},"loc":{"start":{"line":104,"column":30},"end":{"line":106,"column":9}},"line":104},"28":{"name":"(anonymous_28)","decl":{"start":{"line":108,"column":14},"end":{"line":108,"column":15}},"loc":{"start":{"line":108,"column":26},"end":{"line":111,"column":5}},"line":108},"29":{"name":"(anonymous_29)","decl":{"start":{"line":112,"column":37},"end":{"line":112,"column":38}},"loc":{"start":{"line":112,"column":49},"end":{"line":128,"column":9}},"line":112},"30":{"name":"(anonymous_30)","decl":{"start":{"line":112,"column":92},"end":{"line":112,"column":93}},"loc":{"start":{"line":112,"column":104},"end":{"line":128,"column":5}},"line":112},"31":{"name":"(anonymous_31)","decl":{"start":{"line":114,"column":33},"end":{"line":114,"column":34}},"loc":{"start":{"line":114,"column":47},"end":{"line":127,"column":9}},"line":114},"32":{"name":"fakeFn","decl":{"start":{"line":117,"column":81},"end":{"line":117,"column":87}},"loc":{"start":{"line":117,"column":90},"end":{"line":117,"column":106}},"line":117},"33":{"name":"(anonymous_33)","decl":{"start":{"line":129,"column":47},"end":{"line":129,"column":48}},"loc":{"start":{"line":129,"column":59},"end":{"line":149,"column":9}},"line":129},"34":{"name":"(anonymous_34)","decl":{"start":{"line":129,"column":102},"end":{"line":129,"column":103}},"loc":{"start":{"line":129,"column":114},"end":{"line":149,"column":5}},"line":129},"35":{"name":"(anonymous_35)","decl":{"start":{"line":131,"column":33},"end":{"line":131,"column":34}},"loc":{"start":{"line":131,"column":47},"end":{"line":148,"column":9}},"line":131},"36":{"name":"(anonymous_36)","decl":{"start":{"line":150,"column":52},"end":{"line":150,"column":53}},"loc":{"start":{"line":150,"column":64},"end":{"line":168,"column":9}},"line":150},"37":{"name":"(anonymous_37)","decl":{"start":{"line":150,"column":107},"end":{"line":150,"column":108}},"loc":{"start":{"line":150,"column":119},"end":{"line":168,"column":5}},"line":150},"38":{"name":"(anonymous_38)","decl":{"start":{"line":152,"column":33},"end":{"line":152,"column":34}},"loc":{"start":{"line":152,"column":47},"end":{"line":167,"column":9}},"line":152},"39":{"name":"(anonymous_39)","decl":{"start":{"line":169,"column":34},"end":{"line":169,"column":35}},"loc":{"start":{"line":169,"column":46},"end":{"line":180,"column":9}},"line":169},"40":{"name":"(anonymous_40)","decl":{"start":{"line":169,"column":89},"end":{"line":169,"column":90}},"loc":{"start":{"line":169,"column":101},"end":{"line":180,"column":5}},"line":169},"41":{"name":"(anonymous_41)","decl":{"start":{"line":171,"column":33},"end":{"line":171,"column":34}},"loc":{"start":{"line":171,"column":47},"end":{"line":179,"column":9}},"line":171},"42":{"name":"(anonymous_42)","decl":{"start":{"line":181,"column":33},"end":{"line":181,"column":34}},"loc":{"start":{"line":181,"column":45},"end":{"line":213,"column":9}},"line":181},"43":{"name":"(anonymous_43)","decl":{"start":{"line":181,"column":88},"end":{"line":181,"column":89}},"loc":{"start":{"line":181,"column":100},"end":{"line":213,"column":5}},"line":181},"44":{"name":"(anonymous_44)","decl":{"start":{"line":183,"column":33},"end":{"line":183,"column":34}},"loc":{"start":{"line":183,"column":47},"end":{"line":212,"column":9}},"line":183},"45":{"name":"fakeFn","decl":{"start":{"line":186,"column":86},"end":{"line":186,"column":92}},"loc":{"start":{"line":186,"column":95},"end":{"line":186,"column":111}},"line":186}},"branchMap":{"0":{"loc":{"start":{"line":2,"column":16},"end":{"line":10,"column":1}},"type":"binary-expr","locations":[{"start":{"line":2,"column":17},"end":{"line":2,"column":21}},{"start":{"line":2,"column":25},"end":{"line":2,"column":39}},{"start":{"line":2,"column":44},"end":{"line":10,"column":1}}],"line":2},"1":{"loc":{"start":{"line":3,"column":35},"end":{"line":3,"column":109}},"type":"cond-expr","locations":[{"start":{"line":3,"column":56},"end":{"line":3,"column":61}},{"start":{"line":3,"column":64},"end":{"line":3,"column":109}}],"line":3},"2":{"loc":{"start":{"line":4,"column":16},"end":{"line":4,"column":34}},"type":"binary-expr","locations":[{"start":{"line":4,"column":16},"end":{"line":4,"column":17}},{"start":{"line":4,"column":22},"end":{"line":4,"column":33}}],"line":4},"3":{"loc":{"start":{"line":7,"column":32},"end":{"line":7,"column":115}},"type":"cond-expr","locations":[{"start":{"line":7,"column":46},"end":{"line":7,"column":67}},{"start":{"line":7,"column":70},"end":{"line":7,"column":115}}],"line":7},"4":{"loc":{"start":{"line":8,"column":51},"end":{"line":8,"column":67}},"type":"binary-expr","locations":[{"start":{"line":8,"column":51},"end":{"line":8,"column":61}},{"start":{"line":8,"column":65},"end":{"line":8,"column":67}}],"line":8},"5":{"loc":{"start":{"line":11,"column":18},"end":{"line":37,"column":1}},"type":"binary-expr","locations":[{"start":{"line":11,"column":19},"end":{"line":11,"column":23}},{"start":{"line":11,"column":27},"end":{"line":11,"column":43}},{"start":{"line":11,"column":48},"end":{"line":37,"column":1}}],"line":11},"6":{"loc":{"start":{"line":12,"column":43},"end":{"line":12,"column":68}},"type":"if","locations":[{"start":{"line":12,"column":43},"end":{"line":12,"column":68}},{"start":{"line":12,"column":43},"end":{"line":12,"column":68}}],"line":12},"7":{"loc":{"start":{"line":13,"column":71},"end":{"line":13,"column":153}},"type":"binary-expr","locations":[{"start":{"line":13,"column":71},"end":{"line":13,"column":99}},{"start":{"line":13,"column":104},"end":{"line":13,"column":152}}],"line":13},"8":{"loc":{"start":{"line":16,"column":8},"end":{"line":16,"column":70}},"type":"if","locations":[{"start":{"line":16,"column":8},"end":{"line":16,"column":70}},{"start":{"line":16,"column":8},"end":{"line":16,"column":70}}],"line":16},"9":{"loc":{"start":{"line":18,"column":12},"end":{"line":18,"column":169}},"type":"if","locations":[{"start":{"line":18,"column":12},"end":{"line":18,"column":169}},{"start":{"line":18,"column":12},"end":{"line":18,"column":169}}],"line":18},"10":{"loc":{"start":{"line":18,"column":23},"end":{"line":18,"column":158}},"type":"binary-expr","locations":[{"start":{"line":18,"column":23},"end":{"line":18,"column":24}},{"start":{"line":18,"column":29},"end":{"line":18,"column":125}},{"start":{"line":18,"column":130},"end":{"line":18,"column":158}}],"line":18},"11":{"loc":{"start":{"line":18,"column":33},"end":{"line":18,"column":125}},"type":"cond-expr","locations":[{"start":{"line":18,"column":45},"end":{"line":18,"column":56}},{"start":{"line":18,"column":59},"end":{"line":18,"column":125}}],"line":18},"12":{"loc":{"start":{"line":18,"column":59},"end":{"line":18,"column":125}},"type":"cond-expr","locations":[{"start":{"line":18,"column":67},"end":{"line":18,"column":116}},{"start":{"line":18,"column":119},"end":{"line":18,"column":125}}],"line":18},"13":{"loc":{"start":{"line":18,"column":67},"end":{"line":18,"column":116}},"type":"binary-expr","locations":[{"start":{"line":18,"column":67},"end":{"line":18,"column":77}},{"start":{"line":18,"column":82},"end":{"line":18,"column":115}}],"line":18},"14":{"loc":{"start":{"line":18,"column":82},"end":{"line":18,"column":112}},"type":"binary-expr","locations":[{"start":{"line":18,"column":83},"end":{"line":18,"column":98}},{"start":{"line":18,"column":103},"end":{"line":18,"column":112}}],"line":18},"15":{"loc":{"start":{"line":19,"column":12},"end":{"line":19,"column":52}},"type":"if","locations":[{"start":{"line":19,"column":12},"end":{"line":19,"column":52}},{"start":{"line":19,"column":12},"end":{"line":19,"column":52}}],"line":19},"16":{"loc":{"start":{"line":20,"column":12},"end":{"line":32,"column":13}},"type":"switch","locations":[{"start":{"line":21,"column":16},"end":{"line":21,"column":23}},{"start":{"line":21,"column":24},"end":{"line":21,"column":46}},{"start":{"line":22,"column":16},"end":{"line":22,"column":72}},{"start":{"line":23,"column":16},"end":{"line":23,"column":65}},{"start":{"line":24,"column":16},"end":{"line":24,"column":65}},{"start":{"line":25,"column":16},"end":{"line":31,"column":43}}],"line":20},"17":{"loc":{"start":{"line":26,"column":20},"end":{"line":26,"column":128}},"type":"if","locations":[{"start":{"line":26,"column":20},"end":{"line":26,"column":128}},{"start":{"line":26,"column":20},"end":{"line":26,"column":128}}],"line":26},"18":{"loc":{"start":{"line":26,"column":24},"end":{"line":26,"column":106}},"type":"binary-expr","locations":[{"start":{"line":26,"column":24},"end":{"line":26,"column":74}},{"start":{"line":26,"column":79},"end":{"line":26,"column":90}},{"start":{"line":26,"column":94},"end":{"line":26,"column":105}}],"line":26},"19":{"loc":{"start":{"line":26,"column":42},"end":{"line":26,"column":73}},"type":"binary-expr","locations":[{"start":{"line":26,"column":42},"end":{"line":26,"column":54}},{"start":{"line":26,"column":58},"end":{"line":26,"column":73}}],"line":26},"20":{"loc":{"start":{"line":27,"column":20},"end":{"line":27,"column":106}},"type":"if","locations":[{"start":{"line":27,"column":20},"end":{"line":27,"column":106}},{"start":{"line":27,"column":20},"end":{"line":27,"column":106}}],"line":27},"21":{"loc":{"start":{"line":27,"column":24},"end":{"line":27,"column":77}},"type":"binary-expr","locations":[{"start":{"line":27,"column":24},"end":{"line":27,"column":35}},{"start":{"line":27,"column":40},"end":{"line":27,"column":42}},{"start":{"line":27,"column":47},"end":{"line":27,"column":59}},{"start":{"line":27,"column":63},"end":{"line":27,"column":75}}],"line":27},"22":{"loc":{"start":{"line":28,"column":20},"end":{"line":28,"column":89}},"type":"if","locations":[{"start":{"line":28,"column":20},"end":{"line":28,"column":89}},{"start":{"line":28,"column":20},"end":{"line":28,"column":89}}],"line":28},"23":{"loc":{"start":{"line":28,"column":24},"end":{"line":28,"column":53}},"type":"binary-expr","locations":[{"start":{"line":28,"column":24},"end":{"line":28,"column":35}},{"start":{"line":28,"column":39},"end":{"line":28,"column":53}}],"line":28},"24":{"loc":{"start":{"line":29,"column":20},"end":{"line":29,"column":87}},"type":"if","locations":[{"start":{"line":29,"column":20},"end":{"line":29,"column":87}},{"start":{"line":29,"column":20},"end":{"line":29,"column":87}}],"line":29},"25":{"loc":{"start":{"line":29,"column":24},"end":{"line":29,"column":43}},"type":"binary-expr","locations":[{"start":{"line":29,"column":24},"end":{"line":29,"column":25}},{"start":{"line":29,"column":29},"end":{"line":29,"column":43}}],"line":29},"26":{"loc":{"start":{"line":30,"column":20},"end":{"line":30,"column":42}},"type":"if","locations":[{"start":{"line":30,"column":20},"end":{"line":30,"column":42}},{"start":{"line":30,"column":20},"end":{"line":30,"column":42}}],"line":30},"27":{"loc":{"start":{"line":35,"column":8},"end":{"line":35,"column":35}},"type":"if","locations":[{"start":{"line":35,"column":8},"end":{"line":35,"column":35}},{"start":{"line":35,"column":8},"end":{"line":35,"column":35}}],"line":35},"28":{"loc":{"start":{"line":35,"column":52},"end":{"line":35,"column":74}},"type":"cond-expr","locations":[{"start":{"line":35,"column":60},"end":{"line":35,"column":65}},{"start":{"line":35,"column":68},"end":{"line":35,"column":74}}],"line":35},"29":{"loc":{"start":{"line":56,"column":12},"end":{"line":72,"column":13}},"type":"switch","locations":[{"start":{"line":57,"column":16},"end":{"line":62,"column":59}},{"start":{"line":63,"column":16},"end":{"line":68,"column":70}},{"start":{"line":69,"column":16},"end":{"line":71,"column":42}}],"line":56},"30":{"loc":{"start":{"line":81,"column":12},"end":{"line":92,"column":13}},"type":"switch","locations":[{"start":{"line":82,"column":16},"end":{"line":86,"column":65}},{"start":{"line":87,"column":16},"end":{"line":91,"column":88}}],"line":81},"31":{"loc":{"start":{"line":115,"column":12},"end":{"line":126,"column":13}},"type":"switch","locations":[{"start":{"line":116,"column":16},"end":{"line":121,"column":59}},{"start":{"line":122,"column":16},"end":{"line":125,"column":42}}],"line":115},"32":{"loc":{"start":{"line":132,"column":12},"end":{"line":147,"column":13}},"type":"switch","locations":[{"start":{"line":133,"column":16},"end":{"line":133,"column":61}},{"start":{"line":134,"column":16},"end":{"line":140,"column":69}},{"start":{"line":141,"column":16},"end":{"line":146,"column":42}}],"line":132},"33":{"loc":{"start":{"line":153,"column":12},"end":{"line":166,"column":13}},"type":"switch","locations":[{"start":{"line":154,"column":16},"end":{"line":154,"column":61}},{"start":{"line":155,"column":16},"end":{"line":161,"column":70}},{"start":{"line":162,"column":16},"end":{"line":165,"column":42}}],"line":153},"34":{"loc":{"start":{"line":172,"column":12},"end":{"line":178,"column":13}},"type":"switch","locations":[{"start":{"line":173,"column":16},"end":{"line":173,"column":113}},{"start":{"line":174,"column":16},"end":{"line":177,"column":42}}],"line":172},"35":{"loc":{"start":{"line":184,"column":12},"end":{"line":211,"column":13}},"type":"switch","locations":[{"start":{"line":185,"column":16},"end":{"line":187,"column":57}},{"start":{"line":188,"column":16},"end":{"line":190,"column":54}},{"start":{"line":191,"column":16},"end":{"line":198,"column":70}},{"start":{"line":199,"column":16},"end":{"line":206,"column":145}},{"start":{"line":207,"column":16},"end":{"line":210,"column":42}}],"line":184}},"s":{"0":1,"1":1,"2":0,"3":1,"4":0,"5":0,"6":0,"7":1,"8":1,"9":1,"10":1,"11":1,"12":1,"13":1,"14":1,"15":1,"16":0,"17":1,"18":0,"19":3,"20":2,"21":2,"22":0,"23":2,"24":4,"25":4,"26":0,"27":4,"28":0,"29":4,"30":2,"31":2,"32":1,"33":1,"34":0,"35":0,"36":0,"37":0,"38":0,"39":0,"40":0,"41":1,"42":1,"43":1,"44":0,"45":0,"46":0,"47":0,"48":0,"49":0,"50":0,"51":0,"52":0,"53":0,"54":0,"55":0,"56":0,"57":0,"58":0,"59":2,"60":1,"61":1,"62":4,"63":1,"64":1,"65":0,"66":1,"67":1,"68":1,"69":1,"70":1,"71":1,"72":1,"73":1,"74":1,"75":1,"76":1,"77":1,"78":1,"79":0,"80":0,"81":1,"82":0,"83":0,"84":1,"85":0,"86":0,"87":0,"88":0,"89":0,"90":0,"91":0,"92":0,"93":0,"94":0,"95":1,"96":0,"97":0,"98":0,"99":0,"100":0,"101":0,"102":0,"103":0,"104":1,"105":1,"106":1,"107":1,"108":1,"109":1,"110":1,"111":1,"112":1,"113":1,"114":0,"115":0,"116":0,"117":0,"118":0,"119":0,"120":0,"121":0,"122":0,"123":1,"124":0,"125":0,"126":0,"127":0,"128":0,"129":0,"130":0,"131":0,"132":0,"133":0,"134":0,"135":1,"136":0,"137":0,"138":0,"139":0,"140":0,"141":0,"142":0,"143":0,"144":0,"145":1,"146":1,"147":1,"148":2,"149":1,"150":1,"151":0,"152":0,"153":1,"154":0,"155":0,"156":0,"157":0,"158":0,"159":0,"160":0,"161":0,"162":0,"163":0,"164":0,"165":0,"166":0,"167":0,"168":0,"169":0},"f":{"0":1,"1":1,"2":0,"3":1,"4":0,"5":1,"6":1,"7":1,"8":1,"9":0,"10":3,"11":2,"12":2,"13":0,"14":0,"15":0,"16":0,"17":0,"18":0,"19":0,"20":0,"21":0,"22":0,"23":0,"24":1,"25":1,"26":1,"27":1,"28":1,"29":0,"30":0,"31":0,"32":0,"33":0,"34":0,"35":0,"36":0,"37":0,"38":0,"39":1,"40":1,"41":2,"42":0,"43":0,"44":0,"45":0},"b":{"0":[1,1,1],"1":[1,0],"2":[1,1],"3":[0,1],"4":[1,1],"5":[1,1,1],"6":[1,0],"7":[1,1],"8":[0,2],"9":[0,4],"10":[4,0,0],"11":[0,0],"12":[0,0],"13":[0,0],"14":[0,0],"15":[0,4],"16":[1,2,1,0,0,1],"17":[1,0],"18":[1,1,0],"19":[1,0],"20":[0,0],"21":[0,0,0,0],"22":[0,0],"23":[0,0],"24":[0,0],"25":[0,0],"26":[0,0],"27":[1,0],"28":[0,0],"29":[0,0,0],"30":[0,0],"31":[0,0],"32":[0,0,0],"33":[0,0,0],"34":[1,1],"35":[0,0,0,0,0]},"inputSourceMap":{"version":3,"file":"/app/app/test/integrations/auth.spec.ts","sources":["/app/app/test/integrations/auth.spec.ts"],"names":[],"mappings":";;;;;;;;;;;;;;;;;;;;;;;;;;;;;;;;;;;;;;AAAA,iCAAyC;AACzC,wCAAkC;AAElC,+BAA2B;AAC3B,yCAA4D;AAC5D,IAAM,IAAI,GAAG,OAAO,CAAC,MAAM,CAAC,CAAA;AAC5B,IAAM,KAAK,GAAG,OAAO,CAAC,OAAO,CAAC,CAAA;AAC9B,IAAM,QAAQ,GAAG,OAAO,CAAC,WAAW,CAAC,CAAA;AACrC,gDAA6C;AAC7C,iDAAkD;AAClD,8CAA8C;AAC9C,gDAA2C;AAC9B,QAAA,eAAe,GAAG,UAAC,GAAG,IAAK,OAAA,GAAG,CAAC,MAAM,CAAC,UAAA,EAAE,IAAI,OAAA,EAAE,CAAC,QAAQ,CAAC,cAAc,CAAC,EAA3B,CAA2B,CAAC,CAAC,CAAC,CAAC,EAAhD,CAAgD,CAAA;AAC3E,QAAA,kBAAkB,GAAG,UAAC,GAAG,IAAK,OAAA,GAAG,CAAC,MAAM,CAAC,UAAA,EAAE,IAAI,OAAA,EAAE,CAAC,QAAQ,CAAC,SAAS,CAAC,EAAtB,CAAsB,CAAC,CAAC,CAAC,CAAC,EAA3C,CAA2C,CAAA;AAEtF,IAAI,CAAC,GAAG,CAAC,QAAQ,CAAC,CAAA;AAClB,SAAsB,YAAY;;;;;oBAC9B,KAAK,CAAC,IAAI,CAAC,IAAI,EAAE,uBAAuB,CAAC,CAAC,SAAS,CAAC,SAAS,MAAM,KAAI,OAAO,IAAI,CAAA,CAAA,CAAC,CAAC,CAAA;oBAEpF,qBAAM,IAAI;6BACL,OAAO,CAAC,WAAG,CAAC;6BACZ,IAAI,CAAC,oBAAoB,CAAC;6BAC1B,IAAI,CAAC,sBAAU,CAAC,EAAA;;oBAHrB,SAGqB,CAAA;oBAErB,qBAAM,IAAI;6BACL,OAAO,CAAC,WAAG,CAAC;6BACZ,GAAG,CAAC,yBAAuB,gBAAO,CAAC,sBAAU,CAAC,KAAK,CAAG,CAAC;6BACvD,GAAG,CAAC,cAAc,EAAE,kBAAkB,CAAC,EAAA;;oBAH5C,SAG4C,CAAA;;;;;CAC/C;AAZD,oCAYC;AACD,SAAsB,SAAS;;;;;wBACf,qBAAM,IAAI;yBACjB,OAAO,CAAC,WAAG,CAAC;yBACZ,IAAI,CAAC,aAAa,CAAC;yBACnB,GAAG,CAAC,cAAc,EAAE,kBAAkB,CAAC;yBACvC,IAAI,CAAC,gCAAoB,CAAC,EAAA;;oBAJzB,GAAG,GAAG,SAImB;oBACzB,KAAK,GAAG,uBAAe,CAAC,GAAG,CAAC,OAAO,CAAC,YAAY,CAAC,CAAC,CAAA;oBAClD,YAAY,GAAG,0BAAkB,CAAC,GAAG,CAAC,OAAO,CAAC,YAAY,CAAC,CAAC,CAAA;oBAClE,sBAAO,EAAC,KAAK,OAAA,EAAE,YAAY,cAAA,EAAC,EAAA;;;;CAC/B;AATD,8BASC;AACD,QAAQ,CAAC,eAAe,EAAE;IACxB,UAAU,CAAC;QACT,OAAO,cAAI,CAAC,OAAO;aACd,QAAQ,EAAE;aACV,IAAI,CAAC;YACJ,OAAO,cAAI,CAAC,OAAO,CAAC,MAAM,EAAE,CAAA;QAC9B,CAAC,CAAC;aACD,IAAI,CAAC;YACJ,OAAO,cAAI,CAAC,IAAI,CAAC,GAAG,EAAE,CAAA;QACxB,CAAC,CAAC,CAAA;IACR,CAAC,CAAC,CAAA;IACF,SAAS,CAAC;QACR,KAAK,CAAC,OAAO,EAAE,CAAA;QACf,OAAO,cAAI,CAAC,OAAO,CAAC,QAAQ,EAAE,CAAA;IAChC,CAAC,CAAC,CAAA;IAEF,EAAE,CAAC,4BAA4B,EAAE;;;;;oBAC/B,KAAK,CAAC,IAAI,CAAC,IAAI,EAAE,uBAAuB,CAAC,CAAC,SAAS,CAAC,SAAS,MAAM,KAAI,OAAO,IAAI,CAAA,CAAA,CAAC,CAAC,CAAA;oBAExE,qBAAM,IAAI;6BACD,OAAO,CAAC,WAAG,CAAC;6BACZ,IAAI,CAAC,oBAAoB,CAAC;6BAC1B,IAAI,CAAC,sBAAU,CAAC,EAAA;;oBAH/B,GAAG,GAAG,SAGyB;oBACrC,eAAM,CAAC,WAAW,CAAC,GAAG,CAAC,MAAM,EAAE,GAAG,CAAC,CAAA;;;;SACpC,CAAC,CAAA;IAEF,EAAE,CAAC,sCAAsC,EAAE;;;;wBACvC,qBAAM,YAAY,EAAE,EAAA;;oBAApB,SAAoB,CAAA;oBAER,qBAAM,IAAI;6BACD,OAAO,CAAC,WAAG,CAAC;6BACZ,IAAI,CAAC,aAAa,CAAC;6BACnB,GAAG,CAAC,cAAc,EAAE,kBAAkB,CAAC;6BACvC,IAAI,CAAC,gCAAoB,CAAC,EAAA;;oBAJzC,GAAG,GAAG,SAImC;oBAE/C,eAAM,CAAC,WAAW,CAAC,uBAAe,CAAC,GAAG,CAAC,OAAO,CAAC,YAAY,CAAC,CAAC,CAAC,QAAQ,CAAC,cAAc,CAAC,EAAE,IAAI,CAAC,CAAA;oBAC7F,eAAM,CAAC,WAAW,CAAC,0BAAkB,CAAC,GAAG,CAAC,OAAO,CAAC,YAAY,CAAC,CAAC,CAAC,QAAQ,CAAC,eAAe,CAAC,EAAE,IAAI,CAAC,CAAA;oBACjG,eAAM,CAAC,WAAW,CAAC,GAAG,CAAC,UAAU,EAAE,GAAG,CAAC,CAAA;;;;SAC1C,CAAC,CAAA;IAEF,EAAE,CAAC,2CAA2C,EAAE;;;;wBAC5C,qBAAM,YAAY,EAAE,EAAA;;oBAApB,SAAoB,CAAA;oBACF,qBAAM,IAAI;6BACvB,OAAO,CAAC,WAAG,CAAC;6BACZ,IAAI,CAAC,uBAAuB,CAAC;6BAC7B,IAAI,CAAC,EAAC,KAAK,EAAE,gCAAoB,CAAC,KAAK,EAAC,CAAC;6BACzC,GAAG,CAAC,cAAc,EAAE,kBAAkB,CAAC,EAAA;;oBAJtC,SAAS,GAAG,SAI0B;oBAE5C,eAAM,CAAC,WAAW,CAAC,SAAS,CAAC,UAAU,EAAE,GAAG,CAAC,CAAA;;;;SAChD,CAAC,CAAA;IAEF,EAAE,CAAC,IAAI,CAAC,oBAAoB,EAAE;;;;wBACd,qBAAM,gBAAM,CAAC,qBAAqB,CAAC,0BAA0B,CAAC,EAAA;;oBAApE,GAAG,GAAG,SAA8D;oBAC1E,OAAO,CAAC,GAAG,CAAC,GAAG,CAAC,CAAC;;;;SACpB,CAAC,CAAA;IAEF,EAAE,CAAC,wBAAwB,EAAE;;;;;oBACzB,KAAK,CAAC,IAAI,CAAC,eAAW,EAAE,iBAAiB,CAAC,CAAC,SAAS,CAAC,SAAS,MAAM,KAAI,OAAO,IAAI,CAAA,CAAA,CAAC,CAAC,CAAA;oBACrF,qBAAM,YAAY,EAAE,EAAA;;oBAApB,SAAoB,CAAA;oBACU,qBAAM,SAAS,EAAE,EAAA;;oBAAzC,KAAwB,SAAiB,EAAxC,KAAK,WAAA,EAAE,YAAY,kBAAA;oBAER,qBAAM,IAAI;6BACvB,OAAO,CAAC,WAAG,CAAC;6BACZ,IAAI,CAAC,uBAAuB,CAAC;6BAC7B,IAAI,CAAC,EAAC,QAAQ,EAAE,gCAAoB,CAAC,QAAQ,GAAC,GAAG,EAAC,CAAC;6BACnD,GAAG,CAAC,QAAQ,EAAE,KAAK,GAAC,GAAG,GAAC,YAAY,CAAC;6BACrC,GAAG,CAAC,cAAc,EAAE,kBAAkB,CAAC,EAAA;;oBALtC,SAAS,GAAG,SAK0B;oBAC5C,eAAM,CAAC,WAAW,CAAC,SAAS,CAAC,UAAU,EAAE,GAAG,CAAC,CAAA;oBAEtB,qBAAM,IAAI;6BAC5B,OAAO,CAAC,WAAG,CAAC;6BACZ,IAAI,CAAC,aAAa,CAAC;6BACnB,GAAG,CAAC,cAAc,EAAE,kBAAkB,CAAC;6BACvC,IAAI,CAAC,EAAC,KAAK,EAAE,gCAAoB,CAAC,KAAK,EAAE,QAAQ,EAAG,gCAAoB,CAAC,QAAQ,GAAC,GAAG,EAAC,CAAC,EAAA;;oBAJtF,cAAc,GAAG,SAIqE;oBAE5F,eAAM,CAAC,WAAW,CAAC,cAAc,CAAC,UAAU,EAAE,GAAG,CAAC,CAAA;;;;SACrD,CAAC,CAAA;AACJ,CAAC,CAAC,CAAA","sourcesContent":["import { strict as assert } from 'assert'\nimport knex from '../../libs/knex'\n\nimport app from '../../../'\nimport {MockedUser, MockedUserCredetials} from './mock.user'\nconst chai = require('chai')\nconst sinon = require('sinon')\nconst chaiHttp = require('chai-http')\nimport {encrypt} from '../../services/crypto'\nimport * as auth from '../../../app/services/auth'\nimport userService from '../../services/users'\nimport mailer from '../../services/mailer';\nexport const filterAuthToken = (arr) => arr.filter(it => it.includes('token=Bearer'))[0]\nexport const filterRefreshToken = (arr) => arr.filter(it => it.includes('refresh'))[0]\n\nchai.use(chaiHttp)\nexport async function registerUser() {\n    sinon.stub(auth, 'sendConfirmationEmail').callsFake(function fakeFn() {return true})\n\n    await chai\n        .request(app)\n        .post('/auth/registration')\n        .send(MockedUser)\n\n    await chai\n        .request(app)\n        .get(`/auth/confirm-email/${encrypt(MockedUser.email)}`)\n        .set('content-type', 'application/json')\n}\nexport async function testLogin() {\n    const res = await chai\n        .request(app)\n        .post(`/auth/login`)\n        .set('content-type', 'application/json')\n        .send(MockedUserCredetials)\n    const token = filterAuthToken(res.headers['set-cookie'])\n    const refreshToken = filterRefreshToken(res.headers['set-cookie'])\n    return {token, refreshToken}\n}\ndescribe('routes : auth', () => {\n  beforeEach(() => {\n    return knex.migrate\n        .rollback()\n        .then(() => {\n          return knex.migrate.latest()\n        })\n        .then(() => {\n          return knex.seed.run()\n        })\n  })\n  afterEach(() => {\n    sinon.restore()\n    return knex.migrate.rollback()\n  })\n\n  it('should register a new user', async () => {\n    sinon.stub(auth, 'sendConfirmationEmail').callsFake(function fakeFn() {return true})\n\n    const res = await chai\n                        .request(app)\n                        .post('/auth/registration')\n                        .send(MockedUser)\n    assert.strictEqual(res.status, 200)\n  })\n\n  it('should login user and provide tokens', async () => {\n      await registerUser()\n\n      const res = await chai\n                          .request(app)\n                          .post(`/auth/login`)\n                          .set('content-type', 'application/json')\n                          .send(MockedUserCredetials)\n\n      assert.strictEqual(filterAuthToken(res.headers['set-cookie']).includes('token=Bearer'), true)\n      assert.strictEqual(filterRefreshToken(res.headers['set-cookie']).includes('refreshToken='), true)\n      assert.strictEqual(res.statusCode, 200)\n  })\n\n  it('should update password on forgot password', async () => {\n      await registerUser()\n      const secondRes = await chai\n          .request(app)\n          .post(`/auth/forgot-password`)\n          .send({email: MockedUserCredetials.email})\n          .set('content-type', 'application/json')\n\n      assert.strictEqual(secondRes.statusCode, 200)\n  })\n\n  it.only('should send emails', async () => {\n      const res = await mailer.sendConfirmationEmail('yaroslavudodov@gmail.com');\n      console.log(res);\n  })\n\n  it('should change password', async () => {\n      sinon.stub(userService, 'sendNewPassword').callsFake(function fakeFn() {return true})\n      await registerUser()\n      const {token, refreshToken} = await testLogin();\n\n      const secondRes = await chai\n          .request(app)\n          .post(`/auth/change-password`)\n          .send({password: MockedUserCredetials.password+'1'})\n          .set('Cookie', token+';'+refreshToken)\n          .set('content-type', 'application/json')\n      assert.strictEqual(secondRes.statusCode, 200)\n\n      const newPasswordRes = await chai\n          .request(app)\n          .post(`/auth/login`)\n          .set('content-type', 'application/json')\n          .send({email: MockedUserCredetials.email, password:  MockedUserCredetials.password+'1'})\n\n      assert.strictEqual(newPasswordRes.statusCode, 200)\n  })\n})\n"]},"_coverageSchema":"1a1c01bbd47fc00a2c39e90264f33305004495a9","hash":"14903912c8da4543b754bf00756bc42ee64a4ad5","contentHash":"ed6376564ecc395ad88132de7910e0469f3b4a6c69eeed82578173a8d43475d3"},"/app/app/libs/knex/index.ts":{"path":"/app/app/libs/knex/index.ts","statementMap":{"0":{"start":{"line":2,"column":0},"end":{"line":2,"column":62}},"1":{"start":{"line":3,"column":15},"end":{"line":3,"column":38}},"2":{"start":{"line":4,"column":20},"end":{"line":4,"column":50}},"3":{"start":{"line":4,"column":68},"end":{"line":4,"column":98}},"4":{"start":{"line":4,"column":114},"end":{"line":4,"column":142}},"5":{"start":{"line":4,"column":164},"end":{"line":4,"column":198}},"6":{"start":{"line":4,"column":216},"end":{"line":4,"column":246}},"7":{"start":{"line":6,"column":11},"end":{"line":33,"column":2}},"8":{"start":{"line":34,"column":0},"end":{"line":34,"column":23}}},"fnMap":{},"branchMap":{},"s":{"0":1,"1":1,"2":1,"3":1,"4":1,"5":1,"6":1,"7":1,"8":1},"f":{},"b":{},"inputSourceMap":{"version":3,"file":"/app/app/libs/knex/index.ts","sources":["/app/app/libs/knex/index.ts"],"names":[],"mappings":";;AAAA,uCAAiC;AAG/B,IAAA,8CAAa,EACb,8CAAa,EACb,0CAAW,EACX,sDAAiB,EACjB,8CAAa,CACJ;AACX,2BAA2B;AAC3B,IAAM,IAAI,GAAG,OAAO,CAAC,MAAM,CAAC,CAAC;IAC3B,MAAM,EAAE,IAAI;IACZ,OAAO,EAAE,MAAM;IACf,UAAU,EAAE;QACV,IAAI,EAAE,aAAa;QACnB,IAAI,EAAE,aAAa;QACnB,QAAQ,EAAE,iBAAiB;QAC3B,QAAQ,EAAE,WAAW;QACrB,IAAI,EAAE,aAAa;KACpB;IACD,IAAI,EAAE;QACJ,GAAG,EAAE,CAAC;QACN,GAAG,EAAE,CAAC;QACN,mBAAmB,EAAE,IAAI;QACzB,oBAAoB,EAAE,KAAK;QAC3B,iBAAiB,EAAE,KAAK;QACxB,kBAAkB,EAAE,IAAI;QACxB,yBAAyB,EAAE,GAAG;QAC9B,oBAAoB,EAAE,KAAK,CAAC,mCAAmC;KAChE;IACD,UAAU,EAAE;QACV,SAAS,EAAE,SAAS,GAAG,sBAAsB;QAC7C,SAAS,EAAE,iBAAiB;KAC7B;IACD,KAAK,EAAE;QACL,SAAS,EAAE,SAAS,GAAG,gBAAgB;KACxC;CACF,CAAC,CAAC;AACH,kBAAe,IAAI,CAAC","sourcesContent":["import config from '../../config'\n\nconst {\n  POSTGRES_HOST,\n  POSTGRES_USER,\n  POSTGRES_DB,\n  POSTGRES_PASSWORD,\n  POSTGRES_PORT,\n} = config;\n// tslint:disable-next-line\nconst knex = require('knex')({\n  client: 'pg',\n  version: '11.1',\n  connection: {\n    host: POSTGRES_HOST,\n    user: POSTGRES_USER,\n    password: POSTGRES_PASSWORD,\n    database: POSTGRES_DB,\n    port: POSTGRES_PORT,\n  },\n  pool: {\n    min: 2,\n    max: 6,\n    createTimeoutMillis: 3000,\n    acquireTimeoutMillis: 30000,\n    idleTimeoutMillis: 30000,\n    reapIntervalMillis: 1000,\n    createRetryIntervalMillis: 100,\n    propagateCreateError: false // <- default is true, set to false\n  },\n  migrations: {\n    directory: __dirname + '/../../db/migrations',\n    tableName: 'knex-migrations',\n  },\n  seeds: {\n    directory: __dirname + '/../../db/seed',\n  },\n});\nexport default knex;\n"]},"_coverageSchema":"1a1c01bbd47fc00a2c39e90264f33305004495a9","hash":"09e9e8fbfd1f5d87cd4f5946092dd18e0f3a03bc","contentHash":"9c90972717838047a61f2ab59894dd8e22fe94bba4965d08f3aa7c6eb3c216bc"},"/app/app/config/index.ts":{"path":"/app/app/config/index.ts","statementMap":{"0":{"start":{"line":2,"column":0},"end":{"line":2,"column":62}},"1":{"start":{"line":3,"column":13},"end":{"line":3,"column":30}},"2":{"start":{"line":4,"column":0},"end":{"line":6,"column":1}},"3":{"start":{"line":5,"column":4},"end":{"line":5,"column":20}},"4":{"start":{"line":7,"column":0},"end":{"line":26,"column":2}}},"fnMap":{},"branchMap":{"0":{"loc":{"start":{"line":4,"column":0},"end":{"line":6,"column":1}},"type":"if","locations":[{"start":{"line":4,"column":0},"end":{"line":6,"column":1}},{"start":{"line":4,"column":0},"end":{"line":6,"column":1}}],"line":4},"1":{"loc":{"start":{"line":4,"column":4},"end":{"line":4,"column":82}},"type":"binary-expr","locations":[{"start":{"line":4,"column":4},"end":{"line":4,"column":42}},{"start":{"line":4,"column":46},"end":{"line":4,"column":77}},{"start":{"line":4,"column":81},"end":{"line":4,"column":82}}],"line":4},"2":{"loc":{"start":{"line":8,"column":9},"end":{"line":8,"column":46}},"type":"binary-expr","locations":[{"start":{"line":8,"column":9},"end":{"line":8,"column":29}},{"start":{"line":8,"column":33},"end":{"line":8,"column":46}}],"line":8},"3":{"loc":{"start":{"line":10,"column":19},"end":{"line":10,"column":58}},"type":"binary-expr","locations":[{"start":{"line":10,"column":19},"end":{"line":10,"column":44}},{"start":{"line":10,"column":48},"end":{"line":10,"column":58}}],"line":10},"4":{"loc":{"start":{"line":11,"column":19},"end":{"line":11,"column":58}},"type":"binary-expr","locations":[{"start":{"line":11,"column":19},"end":{"line":11,"column":44}},{"start":{"line":11,"column":48},"end":{"line":11,"column":58}}],"line":11},"5":{"loc":{"start":{"line":12,"column":17},"end":{"line":12,"column":54}},"type":"binary-expr","locations":[{"start":{"line":12,"column":17},"end":{"line":12,"column":40}},{"start":{"line":12,"column":44},"end":{"line":12,"column":54}}],"line":12},"6":{"loc":{"start":{"line":13,"column":23},"end":{"line":13,"column":66}},"type":"binary-expr","locations":[{"start":{"line":13,"column":23},"end":{"line":13,"column":52}},{"start":{"line":13,"column":56},"end":{"line":13,"column":66}}],"line":13},"7":{"loc":{"start":{"line":14,"column":19},"end":{"line":14,"column":52}},"type":"binary-expr","locations":[{"start":{"line":14,"column":19},"end":{"line":14,"column":44}},{"start":{"line":14,"column":48},"end":{"line":14,"column":52}}],"line":14},"8":{"loc":{"start":{"line":15,"column":10},"end":{"line":15,"column":48}},"type":"binary-expr","locations":[{"start":{"line":15,"column":10},"end":{"line":15,"column":40}},{"start":{"line":15,"column":44},"end":{"line":15,"column":48}}],"line":15},"9":{"loc":{"start":{"line":23,"column":16},"end":{"line":23,"column":63}},"type":"binary-expr","locations":[{"start":{"line":23,"column":16},"end":{"line":23,"column":38}},{"start":{"line":23,"column":42},"end":{"line":23,"column":63}}],"line":23},"10":{"loc":{"start":{"line":24,"column":10},"end":{"line":24,"column":53}},"type":"binary-expr","locations":[{"start":{"line":24,"column":10},"end":{"line":24,"column":26}},{"start":{"line":24,"column":30},"end":{"line":24,"column":53}}],"line":24},"11":{"loc":{"start":{"line":25,"column":27},"end":{"line":25,"column":70}},"type":"binary-expr","locations":[{"start":{"line":25,"column":27},"end":{"line":25,"column":60}},{"start":{"line":25,"column":64},"end":{"line":25,"column":70}}],"line":25}},"s":{"0":1,"1":1,"2":1,"3":1,"4":1},"f":{},"b":{"0":[1,0],"1":[1,1,0],"2":[1,0],"3":[1,0],"4":[1,0],"5":[1,0],"6":[1,0],"7":[1,0],"8":[1,1],"9":[1,1],"10":[1,1],"11":[1,1]},"inputSourceMap":{"version":3,"file":"/app/app/config/index.ts","sources":["/app/app/config/index.ts"],"names":[],"mappings":";;AAAA,+BAAgC;AAChC,IAAI,OAAO,CAAC,GAAG,CAAC,QAAQ,KAAK,aAAa,IAAI,OAAO,CAAC,GAAG,CAAC,QAAQ,KAAK,MAAM,IAAI,CAAC,EAAE;IAClF,MAAM,CAAC,MAAM,EAAE,CAAA;CAChB;AAED,kBAAe;IACb,GAAG,EAAE,OAAO,CAAC,GAAG,CAAC,QAAQ,IAAI,aAAa;IAC1C,IAAI,EAAE,OAAO,CAAC,GAAG,EAAE;IACnB,aAAa,EAAE,OAAO,CAAC,GAAG,CAAC,aAAa,IAAI,UAAU;IACtD,aAAa,EAAE,OAAO,CAAC,GAAG,CAAC,aAAa,IAAI,UAAU;IACtD,WAAW,EAAE,OAAO,CAAC,GAAG,CAAC,WAAW,IAAI,UAAU;IAClD,iBAAiB,EAAE,OAAO,CAAC,GAAG,CAAC,iBAAiB,IAAI,UAAU;IAC9D,aAAa,EAAE,OAAO,CAAC,GAAG,CAAC,aAAa,IAAI,IAAI;IAEhD,IAAI,EAAE,QAAQ,CAAC,OAAO,CAAC,GAAG,CAAC,IAAI,EAAE,EAAE,CAAC,IAAG,IAAI;IAE3C,gBAAgB,EAAE,OAAO,CAAC,GAAG,CAAC,gBAAgB;IAC9C,oBAAoB,EAAE,OAAO,CAAC,GAAG,CAAC,oBAAoB;IACtD,mBAAmB,EAAE,OAAO,CAAC,GAAG,CAAC,mBAAmB;IAEpD,mBAAmB,EAAE,OAAO,CAAC,GAAG,CAAC,mBAAmB;IACpD,kBAAkB,EAAE,OAAO,CAAC,GAAG,CAAC,kBAAkB;IAClD,eAAe,EAAE,OAAO,CAAC,GAAG,CAAC,eAAe;IAC5C,mBAAmB,EAAE,OAAO,CAAC,GAAG,CAAC,mBAAmB;IAEpD,UAAU,EAAE,OAAO,CAAC,GAAG,CAAC,UAAU,IAAI,qBAAqB;IAC3D,IAAI,EAAE,OAAO,CAAC,GAAG,CAAC,IAAI,IAAI,uBAAuB;IACjD,qBAAqB,EAAE,OAAO,CAAC,GAAG,CAAC,qBAAqB,IAAI,MAAM;CACnE,CAAC","sourcesContent":["import * as dotEnv from 'dotenv'\nif (process.env.NODE_ENV === 'development' || process.env.NODE_ENV === 'test' || 1) {\n  dotEnv.config()\n}\n\nexport default {\n  env: process.env.NODE_ENV || 'development',\n  root: process.cwd(),\n  POSTGRES_HOST: process.env.POSTGRES_HOST || 'postgres',\n  POSTGRES_USER: process.env.POSTGRES_USER || 'postgres',\n  POSTGRES_DB: process.env.POSTGRES_DB || 'postgres',\n  POSTGRES_PASSWORD: process.env.POSTGRES_PASSWORD || 'postgres',\n  POSTGRES_PORT: process.env.POSTGRES_PORT || 5432,\n\n  PORT: parseInt(process.env.PORT, 10)|| 5000,\n\n  GOOGLE_CLIENT_ID: process.env.GOOGLE_CLIENT_ID,\n  GOOGLE_CLIENT_SECRET: process.env.GOOGLE_CLIENT_SECRET,\n  GOOGLE_REDIRECT_URI: process.env.GOOGLE_REDIRECT_URI,\n\n  GMAIL_REFRESH_TOKEN: process.env.GMAIL_REFRESH_TOKEN,\n  GMAIL_ACCESS_TOKEN: process.env.GMAIL_ACCESS_TOKEN,\n  GMAIL_CLIENT_ID: process.env.GMAIL_CLIENT_ID,\n  GMAIL_CLIENT_SECRET: process.env.GMAIL_CLIENT_SECRET,\n\n  JWT_SECRET: process.env.JWT_SECRET || 'asdasdasdasdasdssss',\n  HOST: process.env.HOST || 'http://localhost:3050',\n  GAME_CHAT_ROOM_PREFIX: process.env.GAME_CHAT_ROOM_PREFIX || 'game'\n};\n"]},"_coverageSchema":"1a1c01bbd47fc00a2c39e90264f33305004495a9","hash":"d2415f3c432cd05b5a2286fdff2675902a4968a2","contentHash":"6cf8072e451b7cb8a54a26b6c4c0612ceeda671da912630d8da1d4923bcbfcc3"},"/app/index.ts":{"path":"/app/index.ts","statementMap":{"0":{"start":{"line":2,"column":0},"end":{"line":2,"column":62}},"1":{"start":{"line":3,"column":10},"end":{"line":3,"column":24}},"2":{"start":{"line":4,"column":15},"end":{"line":4,"column":44}},"3":{"start":{"line":5,"column":13},"end":{"line":5,"column":42}},"4":{"start":{"line":6,"column":17},"end":{"line":6,"column":47}},"5":{"start":{"line":7,"column":10},"end":{"line":7,"column":19}},"6":{"start":{"line":8,"column":0},"end":{"line":8,"column":41}},"7":{"start":{"line":9,"column":0},"end":{"line":9,"column":32}},"8":{"start":{"line":10,"column":0},"end":{"line":10,"column":36}},"9":{"start":{"line":11,"column":0},"end":{"line":11,"column":32}},"10":{"start":{"line":12,"column":13},"end":{"line":12,"column":44}},"11":{"start":{"line":13,"column":0},"end":{"line":13,"column":37}},"12":{"start":{"line":14,"column":0},"end":{"line":14,"column":25}}},"fnMap":{},"branchMap":{},"s":{"0":1,"1":1,"2":1,"3":1,"4":1,"5":1,"6":1,"7":1,"8":1,"9":1,"10":1,"11":1,"12":1},"f":{},"b":{},"inputSourceMap":{"version":3,"file":"/app/index.ts","sources":["/app/index.ts"],"names":[],"mappings":";;AAAA,yBAA0B;AAC1B,6CAA4C;AAC5C,2CAAsD;AACtD,gDAA2C;AAC3C,IAAM,GAAG,GAAG,IAAI,GAAG,EAAE,CAAC;AACtB,GAAG,CAAC,GAAG,CAAC,kBAAQ,CAAC,UAAU,EAAE,CAAC,CAAA;AAC9B,0BAAmB,CAAC,GAAG,CAAC,CAAC;AACzB,gBAAW,CAAC,aAAa,CAAC,GAAG,CAAC,CAAC;AAC/B,gBAAW,CAAC,SAAS,CAAC,GAAG,CAAC,CAAC;AAC3B,IAAM,MAAM,GAAG,gBAAW,CAAC,SAAS,CAAC,GAAG,CAAC,CAAC;AAC1C,gBAAW,CAAC,WAAW,CAAC,MAAM,CAAC,CAAC;AAChC,kBAAe,MAAM,CAAA","sourcesContent":["import * as Koa from 'koa'\nimport ServerUtils from './app/utils/server'\nimport {addSocketsToContext} from './app/sockets/init'\nimport passport from './app/libs/passport';\nconst app = new Koa();\napp.use(passport.initialize())\naddSocketsToContext(app);\nServerUtils.addMiddleware(app);\nServerUtils.addRoutes(app);\nconst server = ServerUtils.runServer(app);\nServerUtils.wrapSockets(server);\nexport default server\n"]},"_coverageSchema":"1a1c01bbd47fc00a2c39e90264f33305004495a9","hash":"4fbded3da7e2b3f471e4d2545ff6a428c6743d14","contentHash":"dbe69f119074b325ce0da53945feed41d8ac750397bc6193e68504c689b5d932"},"/app/app/utils/server.ts":{"path":"/app/app/utils/server.ts","statementMap":{"0":{"start":{"line":2,"column":0},"end":{"line":2,"column":62}},"1":{"start":{"line":3,"column":15},"end":{"line":3,"column":35}},"2":{"start":{"line":4,"column":9},"end":{"line":4,"column":22}},"3":{"start":{"line":5,"column":11},"end":{"line":5,"column":26}},"4":{"start":{"line":6,"column":14},"end":{"line":6,"column":36}},"5":{"start":{"line":7,"column":19},"end":{"line":7,"column":40}},"6":{"start":{"line":8,"column":13},"end":{"line":8,"column":39}},"7":{"start":{"line":9,"column":28},"end":{"line":32,"column":3}},"8":{"start":{"line":12,"column":4},"end":{"line":15,"column":6}},"9":{"start":{"line":13,"column":23},"end":{"line":13,"column":94}},"10":{"start":{"line":14,"column":8},"end":{"line":14,"column":113}},"11":{"start":{"line":14,"column":46},"end":{"line":14,"column":109}},"12":{"start":{"line":16,"column":4},"end":{"line":18,"column":6}},"13":{"start":{"line":17,"column":8},"end":{"line":17,"column":129}},"14":{"start":{"line":19,"column":4},"end":{"line":26,"column":6}},"15":{"start":{"line":20,"column":21},"end":{"line":20,"column":23}},"16":{"start":{"line":21,"column":8},"end":{"line":21,"column":40}},"17":{"start":{"line":22,"column":8},"end":{"line":24,"column":11}},"18":{"start":{"line":23,"column":12},"end":{"line":23,"column":75}},"19":{"start":{"line":25,"column":8},"end":{"line":25,"column":33}},"20":{"start":{"line":27,"column":4},"end":{"line":30,"column":6}},"21":{"start":{"line":28,"column":8},"end":{"line":28,"column":68}},"22":{"start":{"line":29,"column":8},"end":{"line":29,"column":65}},"23":{"start":{"line":31,"column":4},"end":{"line":31,"column":18}},"24":{"start":{"line":33,"column":0},"end":{"line":33,"column":25}}},"fnMap":{"0":{"name":"(anonymous_0)","decl":{"start":{"line":9,"column":28},"end":{"line":9,"column":29}},"loc":{"start":{"line":9,"column":40},"end":{"line":32,"column":1}},"line":9},"1":{"name":"Server","decl":{"start":{"line":10,"column":13},"end":{"line":10,"column":19}},"loc":{"start":{"line":10,"column":22},"end":{"line":11,"column":5}},"line":10},"2":{"name":"(anonymous_2)","decl":{"start":{"line":12,"column":27},"end":{"line":12,"column":28}},"loc":{"start":{"line":12,"column":42},"end":{"line":15,"column":5}},"line":12},"3":{"name":"(anonymous_3)","decl":{"start":{"line":14,"column":25},"end":{"line":14,"column":26}},"loc":{"start":{"line":14,"column":44},"end":{"line":14,"column":111}},"line":14},"4":{"name":"(anonymous_4)","decl":{"start":{"line":16,"column":23},"end":{"line":16,"column":24}},"loc":{"start":{"line":16,"column":41},"end":{"line":18,"column":5}},"line":16},"5":{"name":"(anonymous_5)","decl":{"start":{"line":19,"column":23},"end":{"line":19,"column":24}},"loc":{"start":{"line":19,"column":38},"end":{"line":26,"column":5}},"line":19},"6":{"name":"(anonymous_6)","decl":{"start":{"line":22,"column":68},"end":{"line":22,"column":69}},"loc":{"start":{"line":22,"column":94},"end":{"line":24,"column":9}},"line":22},"7":{"name":"(anonymous_7)","decl":{"start":{"line":27,"column":25},"end":{"line":27,"column":26}},"loc":{"start":{"line":27,"column":43},"end":{"line":30,"column":5}},"line":27}},"branchMap":{"0":{"loc":{"start":{"line":17,"column":15},"end":{"line":17,"column":128}},"type":"cond-expr","locations":[{"start":{"line":17,"column":49},"end":{"line":17,"column":85}},{"start":{"line":17,"column":88},"end":{"line":17,"column":128}}],"line":17}},"s":{"0":1,"1":1,"2":1,"3":1,"4":1,"5":1,"6":1,"7":1,"8":1,"9":1,"10":1,"11":4,"12":1,"13":1,"14":1,"15":1,"16":1,"17":1,"18":3,"19":1,"20":1,"21":1,"22":1,"23":1,"24":1},"f":{"0":1,"1":0,"2":1,"3":4,"4":1,"5":1,"6":3,"7":1},"b":{"0":[0,1]},"inputSourceMap":{"version":3,"file":"/app/app/utils/server.ts","sources":["/app/app/utils/server.ts"],"names":[],"mappings":";;AAAA,oCAA8B;AAC9B,uBAAwB;AACxB,2BAA4B;AAC5B,qCAAsC;AACtC,yCAA+B;AAC/B,wCAAyD;AAEzD;IAAA;IAoBA,CAAC;IAnBU,oBAAa,GAApB,UAAqB,GAAG;QACpB,IAAM,QAAQ,GAAG,EAAE,CAAC,WAAW,CAAC,IAAI,CAAC,IAAI,CAAC,SAAS,EAAE,0BAA0B,CAAC,CAAC,CAAC,IAAI,EAAE,CAAC;QACzF,QAAQ,CAAC,OAAO,CAAC,UAAC,OAAO,IAAK,OAAA,OAAO,CAAC,0BAA0B,GAAG,OAAO,CAAC,CAAC,IAAI,CAAC,GAAG,CAAC,EAAvD,CAAuD,CAAC,CAAC;IAC3F,CAAC;IACM,gBAAS,GAAhB,UAAiB,MAAM;QACnB,OAAO,MAAM,KAAK,gBAAM,CAAC,GAAG,CAAC,CAAC,CAAC,MAAM,CAAC,MAAM,CAAC,gBAAM,CAAC,IAAI,CAAC,CAAC,CAAC,CAAC,MAAM,CAAC,MAAM,CAAC,gBAAM,CAAC,IAAI,GAAC,CAAC,CAAC,CAAA;IAC5F,CAAC;IACM,gBAAS,GAAhB,UAAiB,GAAG;QAChB,IAAM,MAAM,GAAG,EAAE,CAAC;QAClB,GAAG,CAAC,GAAG,CAAC,oBAAM,EAAE,CAAC,CAAA;QACjB,EAAE,CAAC,WAAW,CAAC,IAAI,CAAC,IAAI,CAAC,SAAS,EAAE,aAAa,CAAC,CAAC,CAAC,OAAO,CAAC,UAAC,cAAc;YACvE,MAAM,CAAC,IAAI,CAAC,OAAO,CAAC,cAAc,GAAC,cAAc,CAAC,CAAC,MAAM,EAAE,CAAC,CAAA;QAChE,CAAC,CAAC,CAAC;QACH,GAAG,CAAC,GAAG,CAAC,OAAO,CAAC,MAAM,CAAC,CAAC,CAAC;IAC7B,CAAC;IACM,kBAAW,GAAlB,UAAmB,MAAM;QACrB,oBAAa,CAAC,MAAM,CAAC,MAAM,EAAE,EAAC,WAAW,EAAE,KAAK,EAAC,CAAC,CAAC;QACnD,iBAAU,CAAC,MAAM,CAAC,MAAM,EAAE,EAAC,WAAW,EAAE,KAAK,EAAC,CAAC,CAAC;IACpD,CAAC;IACL,aAAC;AAAD,CAAC,AApBD,IAoBC;AACD,kBAAe,MAAM,CAAA","sourcesContent":["import config from '../config'\nimport * as fs from 'fs'\nimport * as path from 'path'\nimport * as compose from 'koa-compose'\nimport cookie from 'koa-cookie'\nimport {gameSocket, generalSocket} from '../sockets/init'\n\nclass Server {\n    static addMiddleware(app): void {\n        const handlers = fs.readdirSync(path.join(__dirname, './../middleware/default/')).sort();\n        handlers.forEach((handler) => require('./../middleware/default/' + handler).init(app));\n    }\n    static runServer(koaApp) {\n        return 'test' !== config.env ? koaApp.listen(config.PORT) : koaApp.listen(config.PORT+2)\n    }\n    static addRoutes(app): void {\n        const routes = [];\n        app.use(cookie())\n        fs.readdirSync(path.join(__dirname, './../routes')).forEach((middlewarePath) => {\n            routes.push(require('./../routes/'+middlewarePath).routes())\n        });\n        app.use(compose(routes));\n    }\n    static wrapSockets(server) {\n        generalSocket.attach(server, {pingTimeout: 60000});\n        gameSocket.attach(server, {pingTimeout: 60000});\n    }\n}\nexport default Server\n\n"]},"_coverageSchema":"1a1c01bbd47fc00a2c39e90264f33305004495a9","hash":"ff9f5a30b9098386955ec1799264407d82bf348c","contentHash":"f7458fd4ed0a8ebfaa9625c60736f4e38606c1e1edeaed42f55d86c26ac6bdf9"},"/app/app/sockets/init.ts":{"path":"/app/app/sockets/init.ts","statementMap":{"0":{"start":{"line":2,"column":0},"end":{"line":2,"column":62}},"1":{"start":{"line":3,"column":20},"end":{"line":3,"column":44}},"2":{"start":{"line":4,"column":0},"end":{"line":4,"column":43}},"3":{"start":{"line":5,"column":23},"end":{"line":5,"column":50}},"4":{"start":{"line":6,"column":0},"end":{"line":6,"column":49}},"5":{"start":{"line":7,"column":26},"end":{"line":11,"column":5}},"6":{"start":{"line":7,"column":43},"end":{"line":11,"column":3}},"7":{"start":{"line":8,"column":4},"end":{"line":8,"column":39}},"8":{"start":{"line":9,"column":4},"end":{"line":9,"column":45}},"9":{"start":{"line":10,"column":4},"end":{"line":10,"column":18}},"10":{"start":{"line":12,"column":0},"end":{"line":12,"column":50}}},"fnMap":{"0":{"name":"(anonymous_0)","decl":{"start":{"line":7,"column":26},"end":{"line":7,"column":27}},"loc":{"start":{"line":7,"column":41},"end":{"line":11,"column":5}},"line":7},"1":{"name":"(anonymous_1)","decl":{"start":{"line":7,"column":58},"end":{"line":7,"column":59}},"loc":{"start":{"line":7,"column":79},"end":{"line":11,"column":1}},"line":7}},"branchMap":{},"s":{"0":1,"1":1,"2":1,"3":1,"4":1,"5":1,"6":1,"7":0,"8":0,"9":0,"10":1},"f":{"0":1,"1":0},"b":{},"inputSourceMap":{"version":3,"file":"/app/app/sockets/init.ts","sources":["/app/app/sockets/init.ts"],"names":[],"mappings":";;AAAA,6CAAsC;AAWpC,qBAXK,qBAAU,CAWL;AAVZ,mDAA4C;AAS1C,wBATK,wBAAa,CASL;AAPf,IAAM,mBAAmB,GAAG,UAAC,GAAG,IAAK,OAAA,GAAG,CAAC,GAAG,CAAC,UAAC,GAAG,EAAE,IAAI;IACrD,GAAG,CAAC,MAAM,GAAG,qBAAU,CAAA;IACvB,GAAG,CAAC,SAAS,GAAG,wBAAa,CAAA;IAC7B,OAAO,IAAI,EAAE,CAAA;AACf,CAAC,CAAC,EAJmC,CAInC,CAAA;AAKA,kDAAmB","sourcesContent":["import gameSocket from './game-socket'\nimport generalSocket from './general-socket'\n\nconst addSocketsToContext = (app) => app.use((ctx, next) => {\n  ctx.ioGame = gameSocket\n  ctx.ioGeneral = generalSocket\n  return next()\n})\n\nexport {\n  generalSocket,\n  gameSocket,\n  addSocketsToContext,\n}\n"]},"_coverageSchema":"1a1c01bbd47fc00a2c39e90264f33305004495a9","hash":"23e9f0324ea1f315a810f374ae9c21a756dee8e3","contentHash":"bd812808e1fc7433ecf9ead0e0cda0a274d75f2efb76b2d0be05d27b9ea5eb0b"},"/app/app/sockets/game-socket.ts":{"path":"/app/app/sockets/game-socket.ts","statementMap":{"0":{"start":{"line":2,"column":0},"end":{"line":2,"column":62}},"1":{"start":{"line":3,"column":15},"end":{"line":3,"column":35}},"2":{"start":{"line":4,"column":17},"end":{"line":4,"column":49}},"3":{"start":{"line":5,"column":0},"end":{"line":10,"column":3}},"4":{"start":{"line":6,"column":4},"end":{"line":9,"column":7}},"5":{"start":{"line":7,"column":8},"end":{"line":7,"column":60}},"6":{"start":{"line":8,"column":8},"end":{"line":8,"column":26}},"7":{"start":{"line":11,"column":0},"end":{"line":11,"column":29}}},"fnMap":{"0":{"name":"(anonymous_0)","decl":{"start":{"line":5,"column":28},"end":{"line":5,"column":29}},"loc":{"start":{"line":5,"column":46},"end":{"line":10,"column":1}},"line":5},"1":{"name":"(anonymous_1)","decl":{"start":{"line":6,"column":22},"end":{"line":6,"column":23}},"loc":{"start":{"line":6,"column":38},"end":{"line":9,"column":5}},"line":6}},"branchMap":{},"s":{"0":1,"1":1,"2":1,"3":1,"4":0,"5":0,"6":0,"7":1},"f":{"0":0,"1":0},"b":{},"inputSourceMap":{"version":3,"file":"/app/app/sockets/game-socket.ts","sources":["/app/app/sockets/game-socket.ts"],"names":[],"mappings":";;AAAA,oCAAqC;AACrC,IAAM,UAAU,GAAG,QAAQ,CAAC,EAAC,IAAI,EAAE,YAAY,EAAC,CAAC,CAAC;AAClD,UAAU,CAAC,EAAE,CAAC,YAAY,EAAE,UAAC,MAAM;IACjC,MAAM,CAAC,EAAE,CAAC,MAAM,EAAE,UAAC,IAAI;QACrB,OAAO,CAAC,MAAM,CAAC,KAAK,CAAC,yBAAuB,IAAM,CAAC,CAAC;QACpD,MAAM,CAAC,IAAI,CAAC,IAAI,CAAC,CAAA;IACnB,CAAC,CAAC,CAAA;AACJ,CAAC,CAAC,CAAC;AACH,kBAAe,UAAU,CAAA","sourcesContent":["import * as socketIo from 'socket.io'\nconst gameSocket = socketIo({path: '/chat/game'});\ngameSocket.on('connection', (socket) => {\n  socket.on('join', (room) => {\n    process.stdout.write(`connected to room - ${room}`);\n    socket.join(room)\n  })\n});\nexport default gameSocket\n"]},"_coverageSchema":"1a1c01bbd47fc00a2c39e90264f33305004495a9","hash":"ad3707ca837a80371dcd69421574f0d7def298f8","contentHash":"7abf9383e984f04a609cb0b42a24cef12cc8275cea59a4c0f6e19febfae8043e"},"/app/app/sockets/general-socket.ts":{"path":"/app/app/sockets/general-socket.ts","statementMap":{"0":{"start":{"line":2,"column":0},"end":{"line":2,"column":62}},"1":{"start":{"line":3,"column":15},"end":{"line":3,"column":35}},"2":{"start":{"line":4,"column":20},"end":{"line":4,"column":55}},"3":{"start":{"line":5,"column":0},"end":{"line":9,"column":2}},"4":{"start":{"line":6,"column":4},"end":{"line":8,"column":5}},"5":{"start":{"line":7,"column":8},"end":{"line":7,"column":59}},"6":{"start":{"line":10,"column":0},"end":{"line":10,"column":32}}},"fnMap":{"0":{"name":"(anonymous_0)","decl":{"start":{"line":5,"column":25},"end":{"line":5,"column":26}},"loc":{"start":{"line":5,"column":50},"end":{"line":9,"column":1}},"line":5}},"branchMap":{"0":{"loc":{"start":{"line":6,"column":4},"end":{"line":8,"column":5}},"type":"if","locations":[{"start":{"line":6,"column":4},"end":{"line":8,"column":5}},{"start":{"line":6,"column":4},"end":{"line":8,"column":5}}],"line":6}},"s":{"0":1,"1":1,"2":1,"3":1,"4":0,"5":0,"6":1},"f":{"0":0},"b":{"0":[0,0]},"inputSourceMap":{"version":3,"file":"/app/app/sockets/general-socket.ts","sources":["/app/app/sockets/general-socket.ts"],"names":[],"mappings":";;AAAA,oCAAqC;AACrC,IAAM,aAAa,GAAG,QAAQ,CAAC,EAAC,IAAI,EAAE,eAAe,EAAC,CAAC,CAAC;AACxD,aAAa,CAAC,QAAQ,GAAG,UAAC,aAAa;IACnC,IAAI,aAAa,EAAE;QACf,aAAa,CAAC,IAAI,CAAC,eAAe,EAAE,aAAa,CAAC,CAAC;KACtD;AACL,CAAC,CAAA;AACD,kBAAe,aAAa,CAAA","sourcesContent":["import * as socketIo from 'socket.io'\nconst generalSocket = socketIo({path: '/chat/general'});\ngeneralSocket.joinGame = (playersInGame) => {\n    if (playersInGame) {\n        generalSocket.emit('PLAYER_JOINED', playersInGame);\n    }\n}\nexport default generalSocket\n"]},"_coverageSchema":"1a1c01bbd47fc00a2c39e90264f33305004495a9","hash":"a47818c9d00de28340a7526aa260e2c6b1579697","contentHash":"baa895a6dca0a8e347a6b76fcb8773fd4af9d4e0af9d837a7171bd2d049ae4ed"},"/app/app/libs/passport.ts":{"path":"/app/app/libs/passport.ts","statementMap":{"0":{"start":{"line":2,"column":16},"end":{"line":10,"column":1}},"1":{"start":{"line":3,"column":28},"end":{"line":3,"column":110}},"2":{"start":{"line":3,"column":91},"end":{"line":3,"column":106}},"3":{"start":{"line":4,"column":4},"end":{"line":9,"column":7}},"4":{"start":{"line":5,"column":36},"end":{"line":5,"column":97}},"5":{"start":{"line":5,"column":42},"end":{"line":5,"column":70}},"6":{"start":{"line":5,"column":85},"end":{"line":5,"column":95}},"7":{"start":{"line":6,"column":35},"end":{"line":6,"column":100}},"8":{"start":{"line":6,"column":41},"end":{"line":6,"column":73}},"9":{"start":{"line":6,"column":88},"end":{"line":6,"column":98}},"10":{"start":{"line":7,"column":32},"end":{"line":7,"column":116}},"11":{"start":{"line":8,"column":8},"end":{"line":8,"column":78}},"12":{"start":{"line":11,"column":18},"end":{"line":37,"column":1}},"13":{"start":{"line":12,"column":12},"end":{"line":12,"column":104}},"14":{"start":{"line":12,"column":43},"end":{"line":12,"column":68}},"15":{"start":{"line":12,"column":57},"end":{"line":12,"column":68}},"16":{"start":{"line":12,"column":69},"end":{"line":12,"column":81}},"17":{"start":{"line":13,"column":4},"end":{"line":13,"column":157}},"18":{"start":{"line":13,"column":138},"end":{"line":13,"column":150}},"19":{"start":{"line":14,"column":23},"end":{"line":14,"column":68}},"20":{"start":{"line":14,"column":45},"end":{"line":14,"column":65}},"21":{"start":{"line":16,"column":8},"end":{"line":16,"column":70}},"22":{"start":{"line":16,"column":15},"end":{"line":16,"column":70}},"23":{"start":{"line":17,"column":8},"end":{"line":34,"column":66}},"24":{"start":{"line":17,"column":18},"end":{"line":34,"column":66}},"25":{"start":{"line":18,"column":12},"end":{"line":18,"column":169}},"26":{"start":{"line":18,"column":160},"end":{"line":18,"column":169}},"27":{"start":{"line":19,"column":12},"end":{"line":19,"column":52}},"28":{"start":{"line":19,"column":26},"end":{"line":19,"column":52}},"29":{"start":{"line":20,"column":12},"end":{"line":32,"column":13}},"30":{"start":{"line":21,"column":32},"end":{"line":21,"column":39}},"31":{"start":{"line":21,"column":40},"end":{"line":21,"column":46}},"32":{"start":{"line":22,"column":24},"end":{"line":22,"column":34}},"33":{"start":{"line":22,"column":35},"end":{"line":22,"column":72}},"34":{"start":{"line":23,"column":24},"end":{"line":23,"column":34}},"35":{"start":{"line":23,"column":35},"end":{"line":23,"column":45}},"36":{"start":{"line":23,"column":46},"end":{"line":23,"column":55}},"37":{"start":{"line":23,"column":56},"end":{"line":23,"column":65}},"38":{"start":{"line":24,"column":24},"end":{"line":24,"column":41}},"39":{"start":{"line":24,"column":42},"end":{"line":24,"column":55}},"40":{"start":{"line":24,"column":56},"end":{"line":24,"column":65}},"41":{"start":{"line":26,"column":20},"end":{"line":26,"column":128}},"42":{"start":{"line":26,"column":110},"end":{"line":26,"column":116}},"43":{"start":{"line":26,"column":117},"end":{"line":26,"column":126}},"44":{"start":{"line":27,"column":20},"end":{"line":27,"column":106}},"45":{"start":{"line":27,"column":81},"end":{"line":27,"column":97}},"46":{"start":{"line":27,"column":98},"end":{"line":27,"column":104}},"47":{"start":{"line":28,"column":20},"end":{"line":28,"column":89}},"48":{"start":{"line":28,"column":57},"end":{"line":28,"column":72}},"49":{"start":{"line":28,"column":73},"end":{"line":28,"column":80}},"50":{"start":{"line":28,"column":81},"end":{"line":28,"column":87}},"51":{"start":{"line":29,"column":20},"end":{"line":29,"column":87}},"52":{"start":{"line":29,"column":47},"end":{"line":29,"column":62}},"53":{"start":{"line":29,"column":63},"end":{"line":29,"column":78}},"54":{"start":{"line":29,"column":79},"end":{"line":29,"column":85}},"55":{"start":{"line":30,"column":20},"end":{"line":30,"column":42}},"56":{"start":{"line":30,"column":30},"end":{"line":30,"column":42}},"57":{"start":{"line":31,"column":20},"end":{"line":31,"column":33}},"58":{"start":{"line":31,"column":34},"end":{"line":31,"column":43}},"59":{"start":{"line":33,"column":12},"end":{"line":33,"column":39}},"60":{"start":{"line":34,"column":22},"end":{"line":34,"column":34}},"61":{"start":{"line":34,"column":35},"end":{"line":34,"column":41}},"62":{"start":{"line":34,"column":54},"end":{"line":34,"column":64}},"63":{"start":{"line":35,"column":8},"end":{"line":35,"column":35}},"64":{"start":{"line":35,"column":23},"end":{"line":35,"column":35}},"65":{"start":{"line":35,"column":36},"end":{"line":35,"column":89}},"66":{"start":{"line":38,"column":0},"end":{"line":38,"column":62}},"67":{"start":{"line":39,"column":15},"end":{"line":39,"column":38}},"68":{"start":{"line":40,"column":15},"end":{"line":40,"column":35}},"69":{"start":{"line":41,"column":21},"end":{"line":41,"column":47}},"70":{"start":{"line":42,"column":18},"end":{"line":42,"column":45}},"71":{"start":{"line":43,"column":21},"end":{"line":43,"column":55}},"72":{"start":{"line":44,"column":21},"end":{"line":44,"column":44}},"73":{"start":{"line":45,"column":0},"end":{"line":51,"column":4}},"74":{"start":{"line":50,"column":4},"end":{"line":50,"column":44}},"75":{"start":{"line":52,"column":0},"end":{"line":52,"column":18}},"76":{"start":{"line":54,"column":16},"end":{"line":54,"column":20}},"77":{"start":{"line":55,"column":15},"end":{"line":55,"column":17}},"78":{"start":{"line":56,"column":26},"end":{"line":63,"column":5}},"79":{"start":{"line":57,"column":8},"end":{"line":62,"column":9}},"80":{"start":{"line":58,"column":12},"end":{"line":58,"column":94}},"81":{"start":{"line":61,"column":12},"end":{"line":61,"column":25}},"82":{"start":{"line":64,"column":4},"end":{"line":64,"column":51}},"83":{"start":{"line":65,"column":4},"end":{"line":65,"column":42}},"84":{"start":{"line":66,"column":4},"end":{"line":79,"column":12}},"85":{"start":{"line":66,"column":64},"end":{"line":79,"column":7}},"86":{"start":{"line":68,"column":8},"end":{"line":78,"column":11}},"87":{"start":{"line":69,"column":12},"end":{"line":76,"column":13}},"88":{"start":{"line":70,"column":16},"end":{"line":70,"column":68}},"89":{"start":{"line":71,"column":16},"end":{"line":71,"column":54}},"90":{"start":{"line":72,"column":16},"end":{"line":72,"column":82}},"91":{"start":{"line":75,"column":16},"end":{"line":75,"column":55}},"92":{"start":{"line":77,"column":12},"end":{"line":77,"column":34}},"93":{"start":{"line":80,"column":4},"end":{"line":109,"column":12}},"94":{"start":{"line":80,"column":72},"end":{"line":109,"column":7}},"95":{"start":{"line":82,"column":8},"end":{"line":108,"column":11}},"96":{"start":{"line":83,"column":12},"end":{"line":107,"column":13}},"97":{"start":{"line":85,"column":20},"end":{"line":85,"column":46}},"98":{"start":{"line":86,"column":20},"end":{"line":86,"column":63}},"99":{"start":{"line":87,"column":20},"end":{"line":87,"column":90}},"100":{"start":{"line":89,"column":20},"end":{"line":89,"column":37}},"101":{"start":{"line":90,"column":20},"end":{"line":92,"column":21}},"102":{"start":{"line":91,"column":24},"end":{"line":91,"column":63}},"103":{"start":{"line":93,"column":20},"end":{"line":93,"column":85}},"104":{"start":{"line":95,"column":20},"end":{"line":95,"column":48}},"105":{"start":{"line":96,"column":20},"end":{"line":99,"column":22}},"106":{"start":{"line":100,"column":20},"end":{"line":100,"column":68}},"107":{"start":{"line":101,"column":20},"end":{"line":101,"column":79}},"108":{"start":{"line":102,"column":20},"end":{"line":102,"column":65}},"109":{"start":{"line":104,"column":20},"end":{"line":104,"column":36}},"110":{"start":{"line":105,"column":20},"end":{"line":105,"column":59}},"111":{"start":{"line":106,"column":24},"end":{"line":106,"column":46}},"112":{"start":{"line":111,"column":0},"end":{"line":111,"column":27}}},"fnMap":{"0":{"name":"(anonymous_0)","decl":{"start":{"line":2,"column":44},"end":{"line":2,"column":45}},"loc":{"start":{"line":2,"column":89},"end":{"line":10,"column":1}},"line":2},"1":{"name":"adopt","decl":{"start":{"line":3,"column":13},"end":{"line":3,"column":18}},"loc":{"start":{"line":3,"column":26},"end":{"line":3,"column":112}},"line":3},"2":{"name":"(anonymous_2)","decl":{"start":{"line":3,"column":70},"end":{"line":3,"column":71}},"loc":{"start":{"line":3,"column":89},"end":{"line":3,"column":108}},"line":3},"3":{"name":"(anonymous_3)","decl":{"start":{"line":4,"column":36},"end":{"line":4,"column":37}},"loc":{"start":{"line":4,"column":63},"end":{"line":9,"column":5}},"line":4},"4":{"name":"fulfilled","decl":{"start":{"line":5,"column":17},"end":{"line":5,"column":26}},"loc":{"start":{"line":5,"column":34},"end":{"line":5,"column":99}},"line":5},"5":{"name":"rejected","decl":{"start":{"line":6,"column":17},"end":{"line":6,"column":25}},"loc":{"start":{"line":6,"column":33},"end":{"line":6,"column":102}},"line":6},"6":{"name":"step","decl":{"start":{"line":7,"column":17},"end":{"line":7,"column":21}},"loc":{"start":{"line":7,"column":30},"end":{"line":7,"column":118}},"line":7},"7":{"name":"(anonymous_7)","decl":{"start":{"line":11,"column":48},"end":{"line":11,"column":49}},"loc":{"start":{"line":11,"column":73},"end":{"line":37,"column":1}},"line":11},"8":{"name":"(anonymous_8)","decl":{"start":{"line":12,"column":30},"end":{"line":12,"column":31}},"loc":{"start":{"line":12,"column":41},"end":{"line":12,"column":83}},"line":12},"9":{"name":"(anonymous_9)","decl":{"start":{"line":13,"column":125},"end":{"line":13,"column":126}},"loc":{"start":{"line":13,"column":136},"end":{"line":13,"column":152}},"line":13},"10":{"name":"verb","decl":{"start":{"line":14,"column":13},"end":{"line":14,"column":17}},"loc":{"start":{"line":14,"column":21},"end":{"line":14,"column":70}},"line":14},"11":{"name":"(anonymous_11)","decl":{"start":{"line":14,"column":30},"end":{"line":14,"column":31}},"loc":{"start":{"line":14,"column":43},"end":{"line":14,"column":67}},"line":14},"12":{"name":"step","decl":{"start":{"line":15,"column":13},"end":{"line":15,"column":17}},"loc":{"start":{"line":15,"column":22},"end":{"line":36,"column":5}},"line":15},"13":{"name":"(anonymous_13)","decl":{"start":{"line":49,"column":3},"end":{"line":49,"column":4}},"loc":{"start":{"line":49,"column":55},"end":{"line":51,"column":1}},"line":49},"14":{"name":"localStrategies","decl":{"start":{"line":53,"column":9},"end":{"line":53,"column":24}},"loc":{"start":{"line":53,"column":27},"end":{"line":110,"column":1}},"line":53},"15":{"name":"(anonymous_15)","decl":{"start":{"line":56,"column":26},"end":{"line":56,"column":27}},"loc":{"start":{"line":56,"column":41},"end":{"line":63,"column":5}},"line":56},"16":{"name":"(anonymous_16)","decl":{"start":{"line":66,"column":43},"end":{"line":66,"column":44}},"loc":{"start":{"line":66,"column":62},"end":{"line":79,"column":9}},"line":66},"17":{"name":"(anonymous_17)","decl":{"start":{"line":66,"column":104},"end":{"line":66,"column":105}},"loc":{"start":{"line":66,"column":116},"end":{"line":79,"column":5}},"line":66},"18":{"name":"(anonymous_18)","decl":{"start":{"line":68,"column":33},"end":{"line":68,"column":34}},"loc":{"start":{"line":68,"column":47},"end":{"line":78,"column":9}},"line":68},"19":{"name":"(anonymous_19)","decl":{"start":{"line":80,"column":51},"end":{"line":80,"column":52}},"loc":{"start":{"line":80,"column":70},"end":{"line":109,"column":9}},"line":80},"20":{"name":"(anonymous_20)","decl":{"start":{"line":80,"column":112},"end":{"line":80,"column":113}},"loc":{"start":{"line":80,"column":124},"end":{"line":109,"column":5}},"line":80},"21":{"name":"(anonymous_21)","decl":{"start":{"line":82,"column":33},"end":{"line":82,"column":34}},"loc":{"start":{"line":82,"column":47},"end":{"line":108,"column":9}},"line":82}},"branchMap":{"0":{"loc":{"start":{"line":2,"column":16},"end":{"line":10,"column":1}},"type":"binary-expr","locations":[{"start":{"line":2,"column":17},"end":{"line":2,"column":21}},{"start":{"line":2,"column":25},"end":{"line":2,"column":39}},{"start":{"line":2,"column":44},"end":{"line":10,"column":1}}],"line":2},"1":{"loc":{"start":{"line":3,"column":35},"end":{"line":3,"column":109}},"type":"cond-expr","locations":[{"start":{"line":3,"column":56},"end":{"line":3,"column":61}},{"start":{"line":3,"column":64},"end":{"line":3,"column":109}}],"line":3},"2":{"loc":{"start":{"line":4,"column":16},"end":{"line":4,"column":34}},"type":"binary-expr","locations":[{"start":{"line":4,"column":16},"end":{"line":4,"column":17}},{"start":{"line":4,"column":22},"end":{"line":4,"column":33}}],"line":4},"3":{"loc":{"start":{"line":7,"column":32},"end":{"line":7,"column":115}},"type":"cond-expr","locations":[{"start":{"line":7,"column":46},"end":{"line":7,"column":67}},{"start":{"line":7,"column":70},"end":{"line":7,"column":115}}],"line":7},"4":{"loc":{"start":{"line":8,"column":51},"end":{"line":8,"column":67}},"type":"binary-expr","locations":[{"start":{"line":8,"column":51},"end":{"line":8,"column":61}},{"start":{"line":8,"column":65},"end":{"line":8,"column":67}}],"line":8},"5":{"loc":{"start":{"line":11,"column":18},"end":{"line":37,"column":1}},"type":"binary-expr","locations":[{"start":{"line":11,"column":19},"end":{"line":11,"column":23}},{"start":{"line":11,"column":27},"end":{"line":11,"column":43}},{"start":{"line":11,"column":48},"end":{"line":37,"column":1}}],"line":11},"6":{"loc":{"start":{"line":12,"column":43},"end":{"line":12,"column":68}},"type":"if","locations":[{"start":{"line":12,"column":43},"end":{"line":12,"column":68}},{"start":{"line":12,"column":43},"end":{"line":12,"column":68}}],"line":12},"7":{"loc":{"start":{"line":13,"column":71},"end":{"line":13,"column":153}},"type":"binary-expr","locations":[{"start":{"line":13,"column":71},"end":{"line":13,"column":99}},{"start":{"line":13,"column":104},"end":{"line":13,"column":152}}],"line":13},"8":{"loc":{"start":{"line":16,"column":8},"end":{"line":16,"column":70}},"type":"if","locations":[{"start":{"line":16,"column":8},"end":{"line":16,"column":70}},{"start":{"line":16,"column":8},"end":{"line":16,"column":70}}],"line":16},"9":{"loc":{"start":{"line":18,"column":12},"end":{"line":18,"column":169}},"type":"if","locations":[{"start":{"line":18,"column":12},"end":{"line":18,"column":169}},{"start":{"line":18,"column":12},"end":{"line":18,"column":169}}],"line":18},"10":{"loc":{"start":{"line":18,"column":23},"end":{"line":18,"column":158}},"type":"binary-expr","locations":[{"start":{"line":18,"column":23},"end":{"line":18,"column":24}},{"start":{"line":18,"column":29},"end":{"line":18,"column":125}},{"start":{"line":18,"column":130},"end":{"line":18,"column":158}}],"line":18},"11":{"loc":{"start":{"line":18,"column":33},"end":{"line":18,"column":125}},"type":"cond-expr","locations":[{"start":{"line":18,"column":45},"end":{"line":18,"column":56}},{"start":{"line":18,"column":59},"end":{"line":18,"column":125}}],"line":18},"12":{"loc":{"start":{"line":18,"column":59},"end":{"line":18,"column":125}},"type":"cond-expr","locations":[{"start":{"line":18,"column":67},"end":{"line":18,"column":116}},{"start":{"line":18,"column":119},"end":{"line":18,"column":125}}],"line":18},"13":{"loc":{"start":{"line":18,"column":67},"end":{"line":18,"column":116}},"type":"binary-expr","locations":[{"start":{"line":18,"column":67},"end":{"line":18,"column":77}},{"start":{"line":18,"column":82},"end":{"line":18,"column"
[...]
,"column":169}},"27":{"start":{"line":18,"column":12},"end":{"line":18,"column":52}},"28":{"start":{"line":18,"column":26},"end":{"line":18,"column":52}},"29":{"start":{"line":19,"column":12},"end":{"line":31,"column":13}},"30":{"start":{"line":20,"column":32},"end":{"line":20,"column":39}},"31":{"start":{"line":20,"column":40},"end":{"line":20,"column":46}},"32":{"start":{"line":21,"column":24},"end":{"line":21,"column":34}},"33":{"start":{"line":21,"column":35},"end":{"line":21,"column":72}},"34":{"start":{"line":22,"column":24},"end":{"line":22,"column":34}},"35":{"start":{"line":22,"column":35},"end":{"line":22,"column":45}},"36":{"start":{"line":22,"column":46},"end":{"line":22,"column":55}},"37":{"start":{"line":22,"column":56},"end":{"line":22,"column":65}},"38":{"start":{"line":23,"column":24},"end":{"line":23,"column":41}},"39":{"start":{"line":23,"column":42},"end":{"line":23,"column":55}},"40":{"start":{"line":23,"column":56},"end":{"line":23,"column":65}},"41":{"start":{"line":25,"column":20},"end":{"line":25,"column":128}},"42":{"start":{"line":25,"column":110},"end":{"line":25,"column":116}},"43":{"start":{"line":25,"column":117},"end":{"line":25,"column":126}},"44":{"start":{"line":26,"column":20},"end":{"line":26,"column":106}},"45":{"start":{"line":26,"column":81},"end":{"line":26,"column":97}},"46":{"start":{"line":26,"column":98},"end":{"line":26,"column":104}},"47":{"start":{"line":27,"column":20},"end":{"line":27,"column":89}},"48":{"start":{"line":27,"column":57},"end":{"line":27,"column":72}},"49":{"start":{"line":27,"column":73},"end":{"line":27,"column":80}},"50":{"start":{"line":27,"column":81},"end":{"line":27,"column":87}},"51":{"start":{"line":28,"column":20},"end":{"line":28,"column":87}},"52":{"start":{"line":28,"column":47},"end":{"line":28,"column":62}},"53":{"start":{"line":28,"column":63},"end":{"line":28,"column":78}},"54":{"start":{"line":28,"column":79},"end":{"line":28,"column":85}},"55":{"start":{"line":29,"column":20},"end":{"line":29,"column":42}},"56":{"start":{"line":29,"column":30},"end":{"line":29,"column":42}},"57":{"start":{"line":30,"column":20},"end":{"line":30,"column":33}},"58":{"start":{"line":30,"column":34},"end":{"line":30,"column":43}},"59":{"start":{"line":32,"column":12},"end":{"line":32,"column":39}},"60":{"start":{"line":33,"column":22},"end":{"line":33,"column":34}},"61":{"start":{"line":33,"column":35},"end":{"line":33,"column":41}},"62":{"start":{"line":33,"column":54},"end":{"line":33,"column":64}},"63":{"start":{"line":34,"column":8},"end":{"line":34,"column":35}},"64":{"start":{"line":34,"column":23},"end":{"line":34,"column":35}},"65":{"start":{"line":34,"column":36},"end":{"line":34,"column":89}},"66":{"start":{"line":37,"column":0},"end":{"line":49,"column":2}},"67":{"start":{"line":38,"column":4},"end":{"line":48,"column":7}},"68":{"start":{"line":39,"column":8},"end":{"line":47,"column":11}},"69":{"start":{"line":40,"column":12},"end":{"line":46,"column":20}},"70":{"start":{"line":43,"column":20},"end":{"line":45,"column":23}}},"fnMap":{"0":{"name":"(anonymous_0)","decl":{"start":{"line":1,"column":44},"end":{"line":1,"column":45}},"loc":{"start":{"line":1,"column":89},"end":{"line":9,"column":1}},"line":1},"1":{"name":"adopt","decl":{"start":{"line":2,"column":13},"end":{"line":2,"column":18}},"loc":{"start":{"line":2,"column":26},"end":{"line":2,"column":112}},"line":2},"2":{"name":"(anonymous_2)","decl":{"start":{"line":2,"column":70},"end":{"line":2,"column":71}},"loc":{"start":{"line":2,"column":89},"end":{"line":2,"column":108}},"line":2},"3":{"name":"(anonymous_3)","decl":{"start":{"line":3,"column":36},"end":{"line":3,"column":37}},"loc":{"start":{"line":3,"column":63},"end":{"line":8,"column":5}},"line":3},"4":{"name":"fulfilled","decl":{"start":{"line":4,"column":17},"end":{"line":4,"column":26}},"loc":{"start":{"line":4,"column":34},"end":{"line":4,"column":99}},"line":4},"5":{"name":"rejected","decl":{"start":{"line":5,"column":17},"end":{"line":5,"column":25}},"loc":{"start":{"line":5,"column":33},"end":{"line":5,"column":102}},"line":5},"6":{"name":"step","decl":{"start":{"line":6,"column":17},"end":{"line":6,"column":21}},"loc":{"start":{"line":6,"column":30},"end":{"line":6,"column":118}},"line":6},"7":{"name":"(anonymous_7)","decl":{"start":{"line":10,"column":48},"end":{"line":10,"column":49}},"loc":{"start":{"line":10,"column":73},"end":{"line":36,"column":1}},"line":10},"8":{"name":"(anonymous_8)","decl":{"start":{"line":11,"column":30},"end":{"line":11,"column":31}},"loc":{"start":{"line":11,"column":41},"end":{"line":11,"column":83}},"line":11},"9":{"name":"(anonymous_9)","decl":{"start":{"line":12,"column":125},"end":{"line":12,"column":126}},"loc":{"start":{"line":12,"column":136},"end":{"line":12,"column":152}},"line":12},"10":{"name":"verb","decl":{"start":{"line":13,"column":13},"end":{"line":13,"column":17}},"loc":{"start":{"line":13,"column":21},"end":{"line":13,"column":70}},"line":13},"11":{"name":"(anonymous_11)","decl":{"start":{"line":13,"column":30},"end":{"line":13,"column":31}},"loc":{"start":{"line":13,"column":43},"end":{"line":13,"column":67}},"line":13},"12":{"name":"step","decl":{"start":{"line":14,"column":13},"end":{"line":14,"column":17}},"loc":{"start":{"line":14,"column":22},"end":{"line":35,"column":5}},"line":14},"13":{"name":"(anonymous_13)","decl":{"start":{"line":37,"column":15},"end":{"line":37,"column":16}},"loc":{"start":{"line":37,"column":40},"end":{"line":49,"column":1}},"line":37},"14":{"name":"(anonymous_14)","decl":{"start":{"line":38,"column":43},"end":{"line":38,"column":44}},"loc":{"start":{"line":38,"column":55},"end":{"line":48,"column":5}},"line":38},"15":{"name":"(anonymous_15)","decl":{"start":{"line":39,"column":33},"end":{"line":39,"column":34}},"loc":{"start":{"line":39,"column":47},"end":{"line":47,"column":9}},"line":39},"16":{"name":"(anonymous_16)","decl":{"start":{"line":41,"column":26},"end":{"line":41,"column":27}},"loc":{"start":{"line":41,"column":38},"end":{"line":46,"column":17}},"line":41}},"branchMap":{"0":{"loc":{"start":{"line":1,"column":16},"end":{"line":9,"column":1}},"type":"binary-expr","locations":[{"start":{"line":1,"column":17},"end":{"line":1,"column":21}},{"start":{"line":1,"column":25},"end":{"line":1,"column":39}},{"start":{"line":1,"column":44},"end":{"line":9,"column":1}}],"line":1},"1":{"loc":{"start":{"line":2,"column":35},"end":{"line":2,"column":109}},"type":"cond-expr","locations":[{"start":{"line":2,"column":56},"end":{"line":2,"column":61}},{"start":{"line":2,"column":64},"end":{"line":2,"column":109}}],"line":2},"2":{"loc":{"start":{"line":3,"column":16},"end":{"line":3,"column":34}},"type":"binary-expr","locations":[{"start":{"line":3,"column":16},"end":{"line":3,"column":17}},{"start":{"line":3,"column":22},"end":{"line":3,"column":33}}],"line":3},"3":{"loc":{"start":{"line":6,"column":32},"end":{"line":6,"column":115}},"type":"cond-expr","locations":[{"start":{"line":6,"column":46},"end":{"line":6,"column":67}},{"start":{"line":6,"column":70},"end":{"line":6,"column":115}}],"line":6},"4":{"loc":{"start":{"line":7,"column":51},"end":{"line":7,"column":67}},"type":"binary-expr","locations":[{"start":{"line":7,"column":51},"end":{"line":7,"column":61}},{"start":{"line":7,"column":65},"end":{"line":7,"column":67}}],"line":7},"5":{"loc":{"start":{"line":10,"column":18},"end":{"line":36,"column":1}},"type":"binary-expr","locations":[{"start":{"line":10,"column":19},"end":{"line":10,"column":23}},{"start":{"line":10,"column":27},"end":{"line":10,"column":43}},{"start":{"line":10,"column":48},"end":{"line":36,"column":1}}],"line":10},"6":{"loc":{"start":{"line":11,"column":43},"end":{"line":11,"column":68}},"type":"if","locations":[{"start":{"line":11,"column":43},"end":{"line":11,"column":68}},{"start":{"line":11,"column":43},"end":{"line":11,"column":68}}],"line":11},"7":{"loc":{"start":{"line":12,"column":71},"end":{"line":12,"column":153}},"type":"binary-expr","locations":[{"start":{"line":12,"column":71},"end":{"line":12,"column":99}},{"start":{"line":12,"column":104},"end":{"line":12,"column":152}}],"line":12},"8":{"loc":{"start":{"line":15,"column":8},"end":{"line":15,"column":70}},"type":"if","locations":[{"start":{"line":15,"column":8},"end":{"line":15,"column":70}},{"start":{"line":15,"column":8},"end":{"line":15,"column":70}}],"line":15},"9":{"loc":{"start":{"line":17,"column":12},"end":{"line":17,"column":169}},"type":"if","locations":[{"start":{"line":17,"column":12},"end":{"line":17,"column":169}},{"start":{"line":17,"column":12},"end":{"line":17,"column":169}}],"line":17},"10":{"loc":{"start":{"line":17,"column":23},"end":{"line":17,"column":158}},"type":"binary-expr","locations":[{"start":{"line":17,"column":23},"end":{"line":17,"column":24}},{"start":{"line":17,"column":29},"end":{"line":17,"column":125}},{"start":{"line":17,"column":130},"end":{"line":17,"column":158}}],"line":17},"11":{"loc":{"start":{"line":17,"column":33},"end":{"line":17,"column":125}},"type":"cond-expr","locations":[{"start":{"line":17,"column":45},"end":{"line":17,"column":56}},{"start":{"line":17,"column":59},"end":{"line":17,"column":125}}],"line":17},"12":{"loc":{"start":{"line":17,"column":59},"end":{"line":17,"column":125}},"type":"cond-expr","locations":[{"start":{"line":17,"column":67},"end":{"line":17,"column":116}},{"start":{"line":17,"column":119},"end":{"line":17,"column":125}}],"line":17},"13":{"loc":{"start":{"line":17,"column":67},"end":{"line":17,"column":116}},"type":"binary-expr","locations":[{"start":{"line":17,"column":67},"end":{"line":17,"column":77}},{"start":{"line":17,"column":82},"end":{"line":17,"column":115}}],"line":17},"14":{"loc":{"start":{"line":17,"column":82},"end":{"line":17,"column":112}},"type":"binary-expr","locations":[{"start":{"line":17,"column":83},"end":{"line":17,"column":98}},{"start":{"line":17,"column":103},"end":{"line":17,"column":112}}],"line":17},"15":{"loc":{"start":{"line":18,"column":12},"end":{"line":18,"column":52}},"type":"if","locations":[{"start":{"line":18,"column":12},"end":{"line":18,"column":52}},{"start":{"line":18,"column":12},"end":{"line":18,"column":52}}],"line":18},"16":{"loc":{"start":{"line":19,"column":12},"end":{"line":31,"column":13}},"type":"switch","locations":[{"start":{"line":20,"column":16},"end":{"line":20,"column":23}},{"start":{"line":20,"column":24},"end":{"line":20,"column":46}},{"start":{"line":21,"column":16},"end":{"line":21,"column":72}},{"start":{"line":22,"column":16},"end":{"line":22,"column":65}},{"start":{"line":23,"column":16},"end":{"line":23,"column":65}},{"start":{"line":24,"column":16},"end":{"line":30,"column":43}}],"line":19},"17":{"loc":{"start":{"line":25,"column":20},"end":{"line":25,"column":128}},"type":"if","locations":[{"start":{"line":25,"column":20},"end":{"line":25,"column":128}},{"start":{"line":25,"column":20},"end":{"line":25,"column":128}}],"line":25},"18":{"loc":{"start":{"line":25,"column":24},"end":{"line":25,"column":106}},"type":"binary-expr","locations":[{"start":{"line":25,"column":24},"end":{"line":25,"column":74}},{"start":{"line":25,"column":79},"end":{"line":25,"column":90}},{"start":{"line":25,"column":94},"end":{"line":25,"column":105}}],"line":25},"19":{"loc":{"start":{"line":25,"column":42},"end":{"line":25,"column":73}},"type":"binary-expr","locations":[{"start":{"line":25,"column":42},"end":{"line":25,"column":54}},{"start":{"line":25,"column":58},"end":{"line":25,"column":73}}],"line":25},"20":{"loc":{"start":{"line":26,"column":20},"end":{"line":26,"column":106}},"type":"if","locations":[{"start":{"line":26,"column":20},"end":{"line":26,"column":106}},{"start":{"line":26,"column":20},"end":{"line":26,"column":106}}],"line":26},"21":{"loc":{"start":{"line":26,"column":24},"end":{"line":26,"column":77}},"type":"binary-expr","locations":[{"start":{"line":26,"column":24},"end":{"line":26,"column":35}},{"start":{"line":26,"column":40},"end":{"line":26,"column":42}},{"start":{"line":26,"column":47},"end":{"line":26,"column":59}},{"start":{"line":26,"column":63},"end":{"line":26,"column":75}}],"line":26},"22":{"loc":{"start":{"line":27,"column":20},"end":{"line":27,"column":89}},"type":"if","locations":[{"start":{"line":27,"column":20},"end":{"line":27,"column":89}},{"start":{"line":27,"column":20},"end":{"line":27,"column":89}}],"line":27},"23":{"loc":{"start":{"line":27,"column":24},"end":{"line":27,"column":53}},"type":"binary-expr","locations":[{"start":{"line":27,"column":24},"end":{"line":27,"column":35}},{"start":{"line":27,"column":39},"end":{"line":27,"column":53}}],"line":27},"24":{"loc":{"start":{"line":28,"column":20},"end":{"line":28,"column":87}},"type":"if","locations":[{"start":{"line":28,"column":20},"end":{"line":28,"column":87}},{"start":{"line":28,"column":20},"end":{"line":28,"column":87}}],"line":28},"25":{"loc":{"start":{"line":28,"column":24},"end":{"line":28,"column":43}},"type":"binary-expr","locations":[{"start":{"line":28,"column":24},"end":{"line":28,"column":25}},{"start":{"line":28,"column":29},"end":{"line":28,"column":43}}],"line":28},"26":{"loc":{"start":{"line":29,"column":20},"end":{"line":29,"column":42}},"type":"if","locations":[{"start":{"line":29,"column":20},"end":{"line":29,"column":42}},{"start":{"line":29,"column":20},"end":{"line":29,"column":42}}],"line":29},"27":{"loc":{"start":{"line":34,"column":8},"end":{"line":34,"column":35}},"type":"if","locations":[{"start":{"line":34,"column":8},"end":{"line":34,"column":35}},{"start":{"line":34,"column":8},"end":{"line":34,"column":35}}],"line":34},"28":{"loc":{"start":{"line":34,"column":52},"end":{"line":34,"column":74}},"type":"cond-expr","locations":[{"start":{"line":34,"column":60},"end":{"line":34,"column":65}},{"start":{"line":34,"column":68},"end":{"line":34,"column":74}}],"line":34}},"s":{"0":1,"1":0,"2":0,"3":1,"4":0,"5":0,"6":0,"7":0,"8":0,"9":0,"10":1,"11":1,"12":1,"13":1,"14":0,"15":0,"16":0,"17":1,"18":0,"19":3,"20":1,"21":1,"22":0,"23":1,"24":2,"25":2,"26":0,"27":2,"28":0,"29":2,"30":1,"31":1,"32":0,"33":0,"34":0,"35":0,"36":0,"37":0,"38":0,"39":0,"40":0,"41":1,"42":1,"43":1,"44":0,"45":0,"46":0,"47":0,"48":0,"49":0,"50":0,"51":0,"52":0,"53":0,"54":0,"55":0,"56":0,"57":0,"58":0,"59":1,"60":0,"61":0,"62":2,"63":1,"64":0,"65":1,"66":1,"67":1,"68":1,"69":1,"70":1},"f":{"0":1,"1":0,"2":0,"3":1,"4":0,"5":0,"6":1,"7":1,"8":0,"9":0,"10":3,"11":1,"12":1,"13":1,"14":1,"15":1,"16":1},"b":{"0":[1,1,1],"1":[0,0],"2":[1,1],"3":[1,0],"4":[1,1],"5":[1,1,1],"6":[0,0],"7":[1,1],"8":[0,1],"9":[0,2],"10":[2,0,0],"11":[0,0],"12":[0,0],"13":[0,0],"14":[0,0],"15":[0,2],"16":[1,1,0,0,0,1],"17":[1,0],"18":[1,1,1],"19":[1,0],"20":[0,0],"21":[0,0,0,0],"22":[0,0],"23":[0,0],"24":[0,0],"25":[0,0],"26":[0,0],"27":[0,1],"28":[1,0]},"inputSourceMap":{"version":3,"file":"/app/app/db/seed/_cities.ts","sources":["/app/app/db/seed/_cities.ts"],"names":[],"mappings":";;;;;;;;;;;;;;;;;;;;;;;;;;;;;;;;;;;;AAAA,OAAO,CAAC,IAAI,GAAG,UAAe,IAAI,EAAE,OAAO;;;YACzC,sBAAO,IAAI,CAAC,SAAS,CAAC;qBACjB,IAAI,CAAC;oBACJ,uBAAuB;oBACvB,OAAO,IAAI,CAAC,SAAS,CAAC,CAAC,MAAM,CAAC;wBAC5B,EAAC,OAAO,EAAE,CAAC,EAAE,QAAQ,EAAE,MAAM,EAAE,UAAU,EAAE,CAAC,EAAE,SAAS,EAAE,KAAK,EAAC;qBAChE,CAAC,CAAA;gBACJ,CAAC,CAAC,EAAA;;;CACP,CAAA","sourcesContent":["exports.seed = async function(knex, Promise) {\n  return knex('_cities')\n      .then(function() {\n        // Inserts seed entries\n        return knex('_cities').insert([\n          {city_id: 1, title_ru: 'Киев', country_id: 2, important: false},\n        ])\n      })\n}\n"]},"_coverageSchema":"1a1c01bbd47fc00a2c39e90264f33305004495a9","hash":"35826d9339455bb6d9b9a2cee52adcddc328354a","contentHash":"e096b3bfa85dc5d5d08266a81fa07842d1dac978282067e725b8999075f1fcc6"},"/app/app/db/seed/_countries.ts":{"path":"/app/app/db/seed/_countries.ts","statementMap":{"0":{"start":{"line":1,"column":0},"end":{"line":18,"column":2}},"1":{"start":{"line":2,"column":4},"end":{"line":17,"column":7}},"2":{"start":{"line":5,"column":8},"end":{"line":16,"column":11}}},"fnMap":{"0":{"name":"(anonymous_0)","decl":{"start":{"line":1,"column":15},"end":{"line":1,"column":16}},"loc":{"start":{"line":1,"column":40},"end":{"line":18,"column":1}},"line":1},"1":{"name":"(anonymous_1)","decl":{"start":{"line":3,"column":14},"end":{"line":3,"column":15}},"loc":{"start":{"line":3,"column":26},"end":{"line":17,"column":5}},"line":3}},"branchMap":{},"s":{"0":1,"1":1,"2":1},"f":{"0":1,"1":1},"b":{},"inputSourceMap":{"version":3,"file":"/app/app/db/seed/_countries.ts","sources":["/app/app/db/seed/_countries.ts"],"names":[],"mappings":"AAAA,OAAO,CAAC,IAAI,GAAG,UAAS,IAAI,EAAE,OAAO;IACnC,OAAO,IAAI,CAAC,YAAY,CAAC;SACpB,IAAI,CAAC;QACJ,uBAAuB;QACvB,OAAO,IAAI,CAAC,YAAY,CAAC,CAAC,MAAM,CAAC;YAC/B;gBACE,UAAU,EAAE,CAAC;gBACb,QAAQ,EAAE,QAAQ;gBAClB,QAAQ,EAAE,OAAO;aAClB;YACD;gBACE,UAAU,EAAE,CAAC;gBACb,QAAQ,EAAE,SAAS;gBACnB,QAAQ,EAAE,SAAS;aACpB;SACF,CAAC,CAAC;IACL,CAAC,CAAC,CAAC;AACT,CAAC,CAAC","sourcesContent":["exports.seed = function(knex, Promise) {\n  return knex('_countries')\n      .then(function() {\n        // Inserts seed entries\n        return knex('_countries').insert([\n          {\n            country_id: 1,\n            title_ru: 'Россия',\n            title_ua: 'Росія',\n          },\n          {\n            country_id: 2,\n            title_ru: 'Украина',\n            title_ua: 'Україна',\n          },\n        ]);\n      });\n};\n"]},"_coverageSchema":"1a1c01bbd47fc00a2c39e90264f33305004495a9","hash":"a6519a36a6993310364753d48b13e9096d8f2510","contentHash":"8a7e81954ea8be2b037a1fabbacc2d17cd45c58b861ed3264ebdccee4c4f13e5"},"/app/app/db/seed/user.ts":{"path":"/app/app/db/seed/user.ts","statementMap":{"0":{"start":{"line":2,"column":0},"end":{"line":2,"column":62}},"1":{"start":{"line":3,"column":12},"end":{"line":3,"column":39}},"2":{"start":{"line":4,"column":0},"end":{"line":22,"column":2}},"3":{"start":{"line":5,"column":4},"end":{"line":21,"column":7}},"4":{"start":{"line":7,"column":8},"end":{"line":12,"column":11}},"5":{"start":{"line":15,"column":8},"end":{"line":20,"column":11}}},"fnMap":{"0":{"name":"(anonymous_0)","decl":{"start":{"line":4,"column":15},"end":{"line":4,"column":16}},"loc":{"start":{"line":4,"column":40},"end":{"line":22,"column":1}},"line":4},"1":{"name":"(anonymous_1)","decl":{"start":{"line":6,"column":14},"end":{"line":6,"column":15}},"loc":{"start":{"line":6,"column":26},"end":{"line":13,"column":5}},"line":6},"2":{"name":"(anonymous_2)","decl":{"start":{"line":14,"column":14},"end":{"line":14,"column":15}},"loc":{"start":{"line":14,"column":26},"end":{"line":21,"column":5}},"line":14}},"branchMap":{},"s":{"0":1,"1":1,"2":1,"3":1,"4":1,"5":1},"f":{"0":1,"1":1,"2":1},"b":{},"inputSourceMap":{"version":3,"file":"/app/app/db/seed/user.ts","sources":["/app/app/db/seed/user.ts"],"names":[],"mappings":";;AAAA,wCAAyC;AACzC,OAAO,CAAC,IAAI,GAAG,UAAC,IAAI,EAAE,OAAO;IAC3B,OAAO,IAAI,CAAC,OAAO,CAAC;SACf,IAAI,CAAC;QACJ,OAAO,KAAK,CAAC,YAAY,CAAC;YACxB,IAAI,EAAE,WAAW;YACjB,KAAK,EAAE,aAAa;YACpB,QAAQ,EAAE,gBAAgB;YAC1B,QAAQ,EAAE,IAAI;SACf,CAAC,CAAC;IACL,CAAC,CAAC;SACD,IAAI,CAAC;QACJ,OAAO,KAAK,CAAC,YAAY,CAAC;YACxB,IAAI,EAAE,UAAU;YAChB,KAAK,EAAE,gBAAgB;YACvB,QAAQ,EAAE,eAAe;YACzB,QAAQ,EAAE,IAAI;SACf,CAAC,CAAC;IACL,CAAC,CAAC,CAAC;AACT,CAAC,CAAC","sourcesContent":["import * as users from '../queries/users'\nexports.seed = (knex, Promise) => {\n  return knex('users')\n      .then(() => {\n        return users.addLocalUser({\n          name: 'username0',\n          email: 'user-email0',\n          password: 'user-password0',\n          verified: true\n        });\n      })\n      .then(() => {\n        return users.addLocalUser({\n          name: 'username',\n          email: 'user@email.com',\n          password: 'user-password',\n          verified: true\n        });\n      });\n};\n"]},"_coverageSchema":"1a1c01bbd47fc00a2c39e90264f33305004495a9","hash":"65ff87004ef95a388537f6aa40f8701fee7cdccb","contentHash":"b184d1d0344f5ff0798fa568e950fed84debb9a4d2a702603217edc678e52e5b"}}