{"/app/app/test/integrations/auth.spec.ts":{"path":"/app/app/test/integrations/auth.spec.ts","statementMap":{"0":{"start":{"line":2,"column":16},"end":{"line":10,"column":1}},"1":{"start":{"line":3,"column":28},"end":{"line":3,"column":110}},"2":{"start":{"line":3,"column":91},"end":{"line":3,"column":106}},"3":{"start":{"line":4,"column":4},"end":{"line":9,"column":7}},"4":{"start":{"line":5,"column":36},"end":{"line":5,"column":97}},"5":{"start":{"line":5,"column":42},"end":{"line":5,"column":70}},"6":{"start":{"line":5,"column":85},"end":{"line":5,"column":95}},"7":{"start":{"line":6,"column":35},"end":{"line":6,"column":100}},"8":{"start":{"line":6,"column":41},"end":{"line":6,"column":73}},"9":{"start":{"line":6,"column":88},"end":{"line":6,"column":98}},"10":{"start":{"line":7,"column":32},"end":{"line":7,"column":116}},"11":{"start":{"line":8,"column":8},"end":{"line":8,"column":78}},"12":{"start":{"line":11,"column":18},"end":{"line":37,"column":1}},"13":{"start":{"line":12,"column":12},"end":{"line":12,"column":104}},"14":{"start":{"line":12,"column":43},"end":{"line":12,"column":68}},"15":{"start":{"line":12,"column":57},"end":{"line":12,"column":68}},"16":{"start":{"line":12,"column":69},"end":{"line":12,"column":81}},"17":{"start":{"line":13,"column":4},"end":{"line":13,"column":157}},"18":{"start":{"line":13,"column":138},"end":{"line":13,"column":150}},"19":{"start":{"line":14,"column":23},"end":{"line":14,"column":68}},"20":{"start":{"line":14,"column":45},"end":{"line":14,"column":65}},"21":{"start":{"line":16,"column":8},"end":{"line":16,"column":70}},"22":{"start":{"line":16,"column":15},"end":{"line":16,"column":70}},"23":{"start":{"line":17,"column":8},"end":{"line":34,"column":66}},"24":{"start":{"line":17,"column":18},"end":{"line":34,"column":66}},"25":{"start":{"line":18,"column":12},"end":{"line":18,"column":169}},"26":{"start":{"line":18,"column":160},"end":{"line":18,"column":169}},"27":{"start":{"line":19,"column":12},"end":{"line":19,"column":52}},"28":{"start":{"line":19,"column":26},"end":{"line":19,"column":52}},"29":{"start":{"line":20,"column":12},"end":{"line":32,"column":13}},"30":{"start":{"line":21,"column":32},"end":{"line":21,"column":39}},"31":{"start":{"line":21,"column":40},"end":{"line":21,"column":46}},"32":{"start":{"line":22,"column":24},"end":{"line":22,"column":34}},"33":{"start":{"line":22,"column":35},"end":{"line":22,"column":72}},"34":{"start":{"line":23,"column":24},"end":{"line":23,"column":34}},"35":{"start":{"line":23,"column":35},"end":{"line":23,"column":45}},"36":{"start":{"line":23,"column":46},"end":{"line":23,"column":55}},"37":{"start":{"line":23,"column":56},"end":{"line":23,"column":65}},"38":{"start":{"line":24,"column":24},"end":{"line":24,"column":41}},"39":{"start":{"line":24,"column":42},"end":{"line":24,"column":55}},"40":{"start":{"line":24,"column":56},"end":{"line":24,"column":65}},"41":{"start":{"line":26,"column":20},"end":{"line":26,"column":128}},"42":{"start":{"line":26,"column":110},"end":{"line":26,"column":116}},"43":{"start":{"line":26,"column":117},"end":{"line":26,"column":126}},"44":{"start":{"line":27,"column":20},"end":{"line":27,"column":106}},"45":{"start":{"line":27,"column":81},"end":{"line":27,"column":97}},"46":{"start":{"line":27,"column":98},"end":{"line":27,"column":104}},"47":{"start":{"line":28,"column":20},"end":{"line":28,"column":89}},"48":{"start":{"line":28,"column":57},"end":{"line":28,"column":72}},"49":{"start":{"line":28,"column":73},"end":{"line":28,"column":80}},"50":{"start":{"line":28,"column":81},"end":{"line":28,"column":87}},"51":{"start":{"line":29,"column":20},"end":{"line":29,"column":87}},"52":{"start":{"line":29,"column":47},"end":{"line":29,"column":62}},"53":{"start":{"line":29,"column":63},"end":{"line":29,"column":78}},"54":{"start":{"line":29,"column":79},"end":{"line":29,"column":85}},"55":{"start":{"line":30,"column":20},"end":{"line":30,"column":42}},"56":{"start":{"line":30,"column":30},"end":{"line":30,"column":42}},"57":{"start":{"line":31,"column":20},"end":{"line":31,"column":33}},"58":{"start":{"line":31,"column":34},"end":{"line":31,"column":43}},"59":{"start":{"line":33,"column":12},"end":{"line":33,"column":39}},"60":{"start":{"line":34,"column":22},"end":{"line":34,"column":34}},"61":{"start":{"line":34,"column":35},"end":{"line":34,"column":41}},"62":{"start":{"line":34,"column":54},"end":{"line":34,"column":64}},"63":{"start":{"line":35,"column":8},"end":{"line":35,"column":35}},"64":{"start":{"line":35,"column":23},"end":{"line":35,"column":35}},"65":{"start":{"line":35,"column":36},"end":{"line":35,"column":89}},"66":{"start":{"line":38,"column":0},"end":{"line":38,"column":62}},"67":{"start":{"line":39,"column":15},"end":{"line":39,"column":32}},"68":{"start":{"line":40,"column":13},"end":{"line":40,"column":39}},"69":{"start":{"line":41,"column":10},"end":{"line":41,"column":30}},"70":{"start":{"line":42,"column":18},"end":{"line":42,"column":40}},"71":{"start":{"line":43,"column":11},"end":{"line":43,"column":26}},"72":{"start":{"line":44,"column":12},"end":{"line":44,"column":28}},"73":{"start":{"line":45,"column":15},"end":{"line":45,"column":35}},"74":{"start":{"line":46,"column":15},"end":{"line":46,"column":47}},"75":{"start":{"line":47,"column":11},"end":{"line":47,"column":48}},"76":{"start":{"line":48,"column":14},"end":{"line":48,"column":45}},"77":{"start":{"line":49,"column":0},"end":{"line":49,"column":122}},"78":{"start":{"line":49,"column":43},"end":{"line":49,"column":119}},"79":{"start":{"line":49,"column":77},"end":{"line":49,"column":112}},"80":{"start":{"line":50,"column":0},"end":{"line":50,"column":120}},"81":{"start":{"line":50,"column":46},"end":{"line":50,"column":117}},"82":{"start":{"line":50,"column":80},"end":{"line":50,"column":110}},"83":{"start":{"line":51,"column":0},"end":{"line":51,"column":19}},"84":{"start":{"line":53,"column":4},"end":{"line":73,"column":7}},"85":{"start":{"line":54,"column":8},"end":{"line":72,"column":11}},"86":{"start":{"line":55,"column":12},"end":{"line":71,"column":13}},"87":{"start":{"line":57,"column":20},"end":{"line":57,"column":108}},"88":{"start":{"line":57,"column":92},"end":{"line":57,"column":104}},"89":{"start":{"line":58,"column":20},"end":{"line":61,"column":59}},"90":{"start":{"line":63,"column":20},"end":{"line":63,"column":30}},"91":{"start":{"line":64,"column":20},"end":{"line":67,"column":70}},"92":{"start":{"line":69,"column":20},"end":{"line":69,"column":30}},"93":{"start":{"line":70,"column":20},"end":{"line":70,"column":42}},"94":{"start":{"line":75,"column":0},"end":{"line":225,"column":3}},"95":{"start":{"line":76,"column":4},"end":{"line":85,"column":7}},"96":{"start":{"line":77,"column":8},"end":{"line":84,"column":11}},"97":{"start":{"line":80,"column":12},"end":{"line":80,"column":51}},"98":{"start":{"line":83,"column":12},"end":{"line":83,"column":45}},"99":{"start":{"line":86,"column":4},"end":{"line":89,"column":7}},"100":{"start":{"line":87,"column":8},"end":{"line":87,"column":24}},"101":{"start":{"line":88,"column":8},"end":{"line":88,"column":49}},"102":{"start":{"line":90,"column":4},"end":{"line":106,"column":11}},"103":{"start":{"line":90,"column":51},"end":{"line":106,"column":7}},"104":{"start":{"line":92,"column":8},"end":{"line":105,"column":11}},"105":{"start":{"line":93,"column":12},"end":{"line":104,"column":13}},"106":{"start":{"line":95,"column":20},"end":{"line":95,"column":108}},"107":{"start":{"line":95,"column":92},"end":{"line":95,"column":104}},"108":{"start":{"line":96,"column":20},"end":{"line":99,"column":59}},"109":{"start":{"line":101,"column":20},"end":{"line":101,"column":36}},"110":{"start":{"line":102,"column":20},"end":{"line":102,"column":65}},"111":{"start":{"line":103,"column":20},"end":{"line":103,"column":42}},"112":{"start":{"line":107,"column":4},"end":{"line":127,"column":11}},"113":{"start":{"line":107,"column":61},"end":{"line":127,"column":7}},"114":{"start":{"line":109,"column":8},"end":{"line":126,"column":11}},"115":{"start":{"line":110,"column":12},"end":{"line":125,"column":13}},"116":{"start":{"line":111,"column":24},"end":{"line":111,"column":61}},"117":{"start":{"line":113,"column":20},"end":{"line":113,"column":30}},"118":{"start":{"line":114,"column":20},"end":{"line":118,"column":69}},"119":{"start":{"line":120,"column":20},"end":{"line":120,"column":36}},"120":{"start":{"line":121,"column":20},"end":{"line":121,"column":131}},"121":{"start":{"line":122,"column":20},"end":{"line":122,"column":135}},"122":{"start":{"line":123,"column":20},"end":{"line":123,"column":69}},"123":{"start":{"line":124,"column":20},"end":{"line":124,"column":42}},"124":{"start":{"line":128,"column":4},"end":{"line":166,"column":11}},"125":{"start":{"line":128,"column":76},"end":{"line":166,"column":7}},"126":{"start":{"line":130,"column":8},"end":{"line":165,"column":11}},"127":{"start":{"line":131,"column":12},"end":{"line":164,"column":13}},"128":{"start":{"line":132,"column":24},"end":{"line":132,"column":61}},"129":{"start":{"line":134,"column":20},"end":{"line":134,"column":30}},"130":{"start":{"line":135,"column":20},"end":{"line":139,"column":69}},"131":{"start":{"line":141,"column":20},"end":{"line":141,"column":41}},"132":{"start":{"line":142,"column":20},"end":{"line":143,"column":125}},"133":{"start":{"line":143,"column":48},"end":{"line":143,"column":78}},"134":{"start":{"line":144,"column":20},"end":{"line":148,"column":70}},"135":{"start":{"line":150,"column":20},"end":{"line":150,"column":36}},"136":{"start":{"line":151,"column":20},"end":{"line":151,"column":131}},"137":{"start":{"line":152,"column":20},"end":{"line":152,"column":135}},"138":{"start":{"line":153,"column":20},"end":{"line":153,"column":69}},"139":{"start":{"line":154,"column":20},"end":{"line":158,"column":70}},"140":{"start":{"line":160,"column":20},"end":{"line":160,"column":42}},"141":{"start":{"line":161,"column":20},"end":{"line":161,"column":92}},"142":{"start":{"line":162,"column":20},"end":{"line":162,"column":75}},"143":{"start":{"line":163,"column":20},"end":{"line":163,"column":42}},"144":{"start":{"line":167,"column":4},"end":{"line":185,"column":11}},"145":{"start":{"line":167,"column":66},"end":{"line":185,"column":7}},"146":{"start":{"line":169,"column":8},"end":{"line":184,"column":11}},"147":{"start":{"line":170,"column":12},"end":{"line":183,"column":13}},"148":{"start":{"line":171,"column":24},"end":{"line":171,"column":61}},"149":{"start":{"line":173,"column":20},"end":{"line":173,"column":30}},"150":{"start":{"line":174,"column":20},"end":{"line":178,"column":70}},"151":{"start":{"line":180,"column":20},"end":{"line":180,"column":42}},"152":{"start":{"line":181,"column":20},"end":{"line":181,"column":75}},"153":{"start":{"line":182,"column":20},"end":{"line":182,"column":42}},"154":{"start":{"line":186,"column":4},"end":{"line":224,"column":11}},"155":{"start":{"line":186,"column":47},"end":{"line":224,"column":7}},"156":{"start":{"line":188,"column":8},"end":{"line":223,"column":11}},"157":{"start":{"line":189,"column":12},"end":{"line":222,"column":13}},"158":{"start":{"line":191,"column":20},"end":{"line":191,"column":113}},"159":{"start":{"line":191,"column":97},"end":{"line":191,"column":109}},"160":{"start":{"line":192,"column":20},"end":{"line":192,"column":57}},"161":{"start":{"line":194,"column":20},"end":{"line":194,"column":30}},"162":{"start":{"line":195,"column":20},"end":{"line":199,"column":69}},"163":{"start":{"line":201,"column":20},"end":{"line":201,"column":36}},"164":{"start":{"line":202,"column":20},"end":{"line":202,"column":79}},"165":{"start":{"line":203,"column":20},"end":{"line":203,"column":89}},"166":{"start":{"line":204,"column":20},"end":{"line":209,"column":70}},"167":{"start":{"line":211,"column":20},"end":{"line":211,"column":42}},"168":{"start":{"line":212,"column":20},"end":{"line":212,"column":75}},"169":{"start":{"line":213,"column":20},"end":{"line":217,"column":145}},"170":{"start":{"line":219,"column":20},"end":{"line":219,"column":47}},"171":{"start":{"line":220,"column":20},"end":{"line":220,"column":80}},"172":{"start":{"line":221,"column":20},"end":{"line":221,"column":42}}},"fnMap":{"0":{"name":"(anonymous_0)","decl":{"start":{"line":2,"column":44},"end":{"line":2,"column":45}},"loc":{"start":{"line":2,"column":89},"end":{"line":10,"column":1}},"line":2},"1":{"name":"adopt","decl":{"start":{"line":3,"column":13},"end":{"line":3,"column":18}},"loc":{"start":{"line":3,"column":26},"end":{"line":3,"column":112}},"line":3},"2":{"name":"(anonymous_2)","decl":{"start":{"line":3,"column":70},"end":{"line":3,"column":71}},"loc":{"start":{"line":3,"column":89},"end":{"line":3,"column":108}},"line":3},"3":{"name":"(anonymous_3)","decl":{"start":{"line":4,"column":36},"end":{"line":4,"column":37}},"loc":{"start":{"line":4,"column":63},"end":{"line":9,"column":5}},"line":4},"4":{"name":"fulfilled","decl":{"start":{"line":5,"column":17},"end":{"line":5,"column":26}},"loc":{"start":{"line":5,"column":34},"end":{"line":5,"column":99}},"line":5},"5":{"name":"rejected","decl":{"start":{"line":6,"column":17},"end":{"line":6,"column":25}},"loc":{"start":{"line":6,"column":33},"end":{"line":6,"column":102}},"line":6},"6":{"name":"step","decl":{"start":{"line":7,"column":17},"end":{"line":7,"column":21}},"loc":{"start":{"line":7,"column":30},"end":{"line":7,"column":118}},"line":7},"7":{"name":"(anonymous_7)","decl":{"start":{"line":11,"column":48},"end":{"line":11,"column":49}},"loc":{"start":{"line":11,"column":73},"end":{"line":37,"column":1}},"line":11},"8":{"name":"(anonymous_8)","decl":{"start":{"line":12,"column":30},"end":{"line":12,"column":31}},"loc":{"start":{"line":12,"column":41},"end":{"line":12,"column":83}},"line":12},"9":{"name":"(anonymous_9)","decl":{"start":{"line":13,"column":125},"end":{"line":13,"column":126}},"loc":{"start":{"line":13,"column":136},"end":{"line":13,"column":152}},"line":13},"10":{"name":"verb","decl":{"start":{"line":14,"column":13},"end":{"line":14,"column":17}},"loc":{"start":{"line":14,"column":21},"end":{"line":14,"column":70}},"line":14},"11":{"name":"(anonymous_11)","decl":{"start":{"line":14,"column":30},"end":{"line":14,"column":31}},"loc":{"start":{"line":14,"column":43},"end":{"line":14,"column":67}},"line":14},"12":{"name":"step","decl":{"start":{"line":15,"column":13},"end":{"line":15,"column":17}},"loc":{"start":{"line":15,"column":22},"end":{"line":36,"column":5}},"line":15},"13":{"name":"(anonymous_13)","decl":{"start":{"line":49,"column":26},"end":{"line":49,"column":27}},"loc":{"start":{"line":49,"column":41},"end":{"line":49,"column":121}},"line":49},"14":{"name":"(anonymous_14)","decl":{"start":{"line":49,"column":61},"end":{"line":49,"column":62}},"loc":{"start":{"line":49,"column":75},"end":{"line":49,"column":114}},"line":49},"15":{"name":"(anonymous_15)","decl":{"start":{"line":50,"column":29},"end":{"line":50,"column":30}},"loc":{"start":{"line":50,"column":44},"end":{"line":50,"column":119}},"line":50},"16":{"name":"(anonymous_16)","decl":{"start":{"line":50,"column":64},"end":{"line":50,"column":65}},"loc":{"start":{"line":50,"column":78},"end":{"line":50,"column":112}},"line":50},"17":{"name":"registerUser","decl":{"start":{"line":52,"column":9},"end":{"line":52,"column":21}},"loc":{"start":{"line":52,"column":24},"end":{"line":74,"column":1}},"line":52},"18":{"name":"(anonymous_18)","decl":{"start":{"line":53,"column":43},"end":{"line":53,"column":44}},"loc":{"start":{"line":53,"column":55},"end":{"line":73,"column":5}},"line":53},"19":{"name":"(anonymous_19)","decl":{"start":{"line":54,"column":33},"end":{"line":54,"column":34}},"loc":{"start":{"line":54,"column":47},"end":{"line":72,"column":9}},"line":54},"20":{"name":"fakeFn","decl":{"start":{"line":57,"column":81},"end":{"line":57,"column":87}},"loc":{"start":{"line":57,"column":90},"end":{"line":57,"column":106}},"line":57},"21":{"name":"(anonymous_21)","decl":{"start":{"line":75,"column":26},"end":{"line":75,"column":27}},"loc":{"start":{"line":75,"column":38},"end":{"line":225,"column":1}},"line":75},"22":{"name":"(anonymous_22)","decl":{"start":{"line":76,"column":15},"end":{"line":76,"column":16}},"loc":{"start":{"line":76,"column":27},"end":{"line":85,"column":5}},"line":76},"23":{"name":"(anonymous_23)","decl":{"start":{"line":79,"column":18},"end":{"line":79,"column":19}},"loc":{"start":{"line":79,"column":30},"end":{"line":81,"column":9}},"line":79},"24":{"name":"(anonymous_24)","decl":{"start":{"line":82,"column":18},"end":{"line":82,"column":19}},"loc":{"start":{"line":82,"column":30},"end":{"line":84,"column":9}},"line":82},"25":{"name":"(anonymous_25)","decl":{"start":{"line":86,"column":14},"end":{"line":86,"column":15}},"loc":{"start":{"line":86,"column":26},"end":{"line":89,"column":5}},"line":86},"26":{"name":"(anonymous_26)","decl":{"start":{"line":90,"column":37},"end":{"line":90,"column":38}},"loc":{"start":{"line":90,"column":49},"end":{"line":106,"column":9}},"line":90},"27":{"name":"(anonymous_27)","decl":{"start":{"line":90,"column":92},"end":{"line":90,"column":93}},"loc":{"start":{"line":90,"column":104},"end":{"line":106,"column":5}},"line":90},"28":{"name":"(anonymous_28)","decl":{"start":{"line":92,"column":33},"end":{"line":92,"column":34}},"loc":{"start":{"line":92,"column":47},"end":{"line":105,"column":9}},"line":92},"29":{"name":"fakeFn","decl":{"start":{"line":95,"column":81},"end":{"line":95,"column":87}},"loc":{"start":{"line":95,"column":90},"end":{"line":95,"column":106}},"line":95},"30":{"name":"(anonymous_30)","decl":{"start":{"line":107,"column":47},"end":{"line":107,"column":48}},"loc":{"start":{"line":107,"column":59},"end":{"line":127,"column":9}},"line":107},"31":{"name":"(anonymous_31)","decl":{"start":{"line":107,"column":102},"end":{"line":107,"column":103}},"loc":{"start":{"line":107,"column":114},"end":{"line":127,"column":5}},"line":107},"32":{"name":"(anonymous_32)","decl":{"start":{"line":109,"column":33},"end":{"line":109,"column":34}},"loc":{"start":{"line":109,"column":47},"end":{"line":126,"column":9}},"line":109},"33":{"name":"(anonymous_33)","decl":{"start":{"line":128,"column":62},"end":{"line":128,"column":63}},"loc":{"start":{"line":128,"column":74},"end":{"line":166,"column":9}},"line":128},"34":{"name":"(anonymous_34)","decl":{"start":{"line":128,"column":117},"end":{"line":128,"column":118}},"loc":{"start":{"line":128,"column":129},"end":{"line":166,"column":5}},"line":128},"35":{"name":"(anonymous_35)","decl":{"start":{"line":130,"column":33},"end":{"line":130,"column":34}},"loc":{"start":{"line":130,"column":47},"end":{"line":165,"column":9}},"line":130},"36":{"name":"(anonymous_36)","decl":{"start":{"line":143,"column":32},"end":{"line":143,"column":33}},"loc":{"start":{"line":143,"column":46},"end":{"line":143,"column":80}},"line":143},"37":{"name":"(anonymous_37)","decl":{"start":{"line":167,"column":52},"end":{"line":167,"column":53}},"loc":{"start":{"line":167,"column":64},"end":{"line":185,"column":9}},"line":167},"38":{"name":"(anonymous_38)","decl":{"start":{"line":167,"column":107},"end":{"line":167,"column":108}},"loc":{"start":{"line":167,"column":119},"end":{"line":185,"column":5}},"line":167},"39":{"name":"(anonymous_39)","decl":{"start":{"line":169,"column":33},"end":{"line":169,"column":34}},"loc":{"start":{"line":169,"column":47},"end":{"line":184,"column":9}},"line":169},"40":{"name":"(anonymous_40)","decl":{"start":{"line":186,"column":33},"end":{"line":186,"column":34}},"loc":{"start":{"line":186,"column":45},"end":{"line":224,"column":9}},"line":186},"41":{"name":"(anonymous_41)","decl":{"start":{"line":186,"column":88},"end":{"line":186,"column":89}},"loc":{"start":{"line":186,"column":100},"end":{"line":224,"column":5}},"line":186},"42":{"name":"(anonymous_42)","decl":{"start":{"line":188,"column":33},"end":{"line":188,"column":34}},"loc":{"start":{"line":188,"column":47},"end":{"line":223,"column":9}},"line":188},"43":{"name":"fakeFn","decl":{"start":{"line":191,"column":86},"end":{"line":191,"column":92}},"loc":{"start":{"line":191,"column":95},"end":{"line":191,"column":111}},"line":191}},"branchMap":{"0":{"loc":{"start":{"line":2,"column":16},"end":{"line":10,"column":1}},"type":"binary-expr","locations":[{"start":{"line":2,"column":17},"end":{"line":2,"column":21}},{"start":{"line":2,"column":25},"end":{"line":2,"column":39}},{"start":{"line":2,"column":44},"end":{"line":10,"column":1}}],"line":2},"1":{"loc":{"start":{"line":3,"column":35},"end":{"line":3,"column":109}},"type":"cond-expr","locations":[{"start":{"line":3,"column":56},"end":{"line":3,"column":61}},{"start":{"line":3,"column":64},"end":{"line":3,"column":109}}],"line":3},"2":{"loc":{"start":{"line":4,"column":16},"end":{"line":4,"column":34}},"type":"binary-expr","locations":[{"start":{"line":4,"column":16},"end":{"line":4,"column":17}},{"start":{"line":4,"column":22},"end":{"line":4,"column":33}}],"line":4},"3":{"loc":{"start":{"line":7,"column":32},"end":{"line":7,"column":115}},"type":"cond-expr","locations":[{"start":{"line":7,"column":46},"end":{"line":7,"column":67}},{"start":{"line":7,"column":70},"end":{"line":7,"column":115}}],"line":7},"4":{"loc":{"start":{"line":8,"column":51},"end":{"line":8,"column":67}},"type":"binary-expr","locations":[{"start":{"line":8,"column":51},"end":{"line":8,"column":61}},{"start":{"line":8,"column":65},"end":{"line":8,"column":67}}],"line":8},"5":{"loc":{"start":{"line":11,"column":18},"end":{"line":37,"column":1}},"type":"binary-expr","locations":[{"start":{"line":11,"column":19},"end":{"line":11,"column":23}},{"start":{"line":11,"column":27},"end":{"line":11,"column":43}},{"start":{"line":11,"column":48},"end":{"line":37,"column":1}}],"line":11},"6":{"loc":{"start":{"line":12,"column":43},"end":{"line":12,"column":68}},"type":"if","locations":[{"start":{"line":12,"column":43},"end":{"line":12,"column":68}},{"start":{"line":12,"column":43},"end":{"line":12,"column":68}}],"line":12},"7":{"loc":{"start":{"line":13,"column":71},"end":{"line":13,"column":153}},"type":"binary-expr","locations":[{"start":{"line":13,"column":71},"end":{"line":13,"column":99}},{"start":{"line":13,"column":104},"end":{"line":13,"column":152}}],"line":13},"8":{"loc":{"start":{"line":16,"column":8},"end":{"line":16,"column":70}},"type":"if","locations":[{"start":{"line":16,"column":8},"end":{"line":16,"column":70}},{"start":{"line":16,"column":8},"end":{"line":16,"column":70}}],"line":16},"9":{"loc":{"start":{"line":18,"column":12},"end":{"line":18,"column":169}},"type":"if","locations":[{"start":{"line":18,"column":12},"end":{"line":18,"column":169}},{"start":{"line":18,"column":12},"end":{"line":18,"column":169}}],"line":18},"10":{"loc":{"start":{"line":18,"column":23},"end":{"line":18,"column":158}},"type":"binary-expr","locations":[{"start":{"line":18,"column":23},"end":{"line":18,"column":24}},{"start":{"line":18,"column":29},"end":{"line":18,"column":125}},{"start":{"line":18,"column":130},"end":{"line":18,"column":158}}],"line":18},"11":{"loc":{"start":{"line":18,"column":33},"end":{"line":18,"column":125}},"type":"cond-expr","locations":[{"start":{"line":18,"column":45},"end":{"line":18,"column":56}},{"start":{"line":18,"column":59},"end":{"line":18,"column":125}}],"line":18},"12":{"loc":{"start":{"line":18,"column":59},"end":{"line":18,"column":125}},"type":"cond-expr","locations":[{"start":{"line":18,"column":67},"end":{"line":18,"column":116}},{"start":{"line":18,"column":119},"end":{"line":18,"column":125}}],"line":18},"13":{"loc":{"start":{"line":18,"column":67},"end":{"line":18,"column":116}},"type":"binary-expr","locations":[{"start":{"line":18,"column":67},"end":{"line":18,"column":77}},{"start":{"line":18,"column":82},"end":{"line":18,"column":115}}],"line":18},"14":{"loc":{"start":{"line":18,"column":82},"end":{"line":18,"column":112}},"type":"binary-expr","locations":[{"start":{"line":18,"column":83},"end":{"line":18,"column":98}},{"start":{"line":18,"column":103},"end":{"line":18,"column":112}}],"line":18},"15":{"loc":{"start":{"line":19,"column":12},"end":{"line":19,"column":52}},"type":"if","locations":[{"start":{"line":19,"column":12},"end":{"line":19,"column":52}},{"start":{"line":19,"column":12},"end":{"line":19,"column":52}}],"line":19},"16":{"loc":{"start":{"line":20,"column":12},"end":{"line":32,"column":13}},"type":"switch","locations":[{"start":{"line":21,"column":16},"end":{"line":21,"column":23}},{"start":{"line":21,"column":24},"end":{"line":21,"column":46}},{"start":{"line":22,"column":16},"end":{"line":22,"column":72}},{"start":{"line":23,"column":16},"end":{"line":23,"column":65}},{"start":{"line":24,"column":16},"end":{"line":24,"column":65}},{"start":{"line":25,"column":16},"end":{"line":31,"column":43}}],"line":20},"17":{"loc":{"start":{"line":26,"column":20},"end":{"line":26,"column":128}},"type":"if","locations":[{"start":{"line":26,"column":20},"end":{"line":26,"column":128}},{"start":{"line":26,"column":20},"end":{"line":26,"column":128}}],"line":26},"18":{"loc":{"start":{"line":26,"column":24},"end":{"line":26,"column":106}},"type":"binary-expr","locations":[{"start":{"line":26,"column":24},"end":{"line":26,"column":74}},{"start":{"line":26,"column":79},"end":{"line":26,"column":90}},{"start":{"line":26,"column":94},"end":{"line":26,"column":105}}],"line":26},"19":{"loc":{"start":{"line":26,"column":42},"end":{"line":26,"column":73}},"type":"binary-expr","locations":[{"start":{"line":26,"column":42},"end":{"line":26,"column":54}},{"start":{"line":26,"column":58},"end":{"line":26,"column":73}}],"line":26},"20":{"loc":{"start":{"line":27,"column":20},"end":{"line":27,"column":106}},"type":"if","locations":[{"start":{"line":27,"column":20},"end":{"line":27,"column":106}},{"start":{"line":27,"column":20},"end":{"line":27,"column":106}}],"line":27},"21":{"loc":{"start":{"line":27,"column":24},"end":{"line":27,"column":77}},"type":"binary-expr","locations":[{"start":{"line":27,"column":24},"end":{"line":27,"column":35}},{"start":{"line":27,"column":40},"end":{"line":27,"column":42}},{"start":{"line":27,"column":47},"end":{"line":27,"column":59}},{"start":{"line":27,"column":63},"end":{"line":27,"column":75}}],"line":27},"22":{"loc":{"start":{"line":28,"column":20},"end":{"line":28,"column":89}},"type":"if","locations":[{"start":{"line":28,"column":20},"end":{"line":28,"column":89}},{"start":{"line":28,"column":20},"end":{"line":28,"column":89}}],"line":28},"23":{"loc":{"start":{"line":28,"column":24},"end":{"line":28,"column":53}},"type":"binary-expr","locations":[{"start":{"line":28,"column":24},"end":{"line":28,"column":35}},{"start":{"line":28,"column":39},"end":{"line":28,"column":53}}],"line":28},"24":{"loc":{"start":{"line":29,"column":20},"end":{"line":29,"column":87}},"type":"if","locations":[{"start":{"line":29,"column":20},"end":{"line":29,"column":87}},{"start":{"line":29,"column":20},"end":{"line":29,"column":87}}],"line":29},"25":{"loc":{"start":{"line":29,"column":24},"end":{"line":29,"column":43}},"type":"binary-expr","locations":[{"start":{"line":29,"column":24},"end":{"line":29,"column":25}},{"start":{"line":29,"column":29},"end":{"line":29,"column":43}}],"line":29},"26":{"loc":{"start":{"line":30,"column":20},"end":{"line":30,"column":42}},"type":"if","locations":[{"start":{"line":30,"column":20},"end":{"line":30,"column":42}},{"start":{"line":30,"column":20},"end":{"line":30,"column":42}}],"line":30},"27":{"loc":{"start":{"line":35,"column":8},"end":{"line":35,"column":35}},"type":"if","locations":[{"start":{"line":35,"column":8},"end":{"line":35,"column":35}},{"start":{"line":35,"column":8},"end":{"line":35,"column":35}}],"line":35},"28":{"loc":{"start":{"line":35,"column":52},"end":{"line":35,"column":74}},"type":"cond-expr","locations":[{"start":{"line":35,"column":60},"end":{"line":35,"column":65}},{"start":{"line":35,"column":68},"end":{"line":35,"column":74}}],"line":35},"29":{"loc":{"start":{"line":55,"column":12},"end":{"line":71,"column":13}},"type":"switch","locations":[{"start":{"line":56,"column":16},"end":{"line":61,"column":59}},{"start":{"line":62,"column":16},"end":{"line":67,"column":70}},{"start":{"line":68,"column":16},"end":{"line":70,"column":42}}],"line":55},"30":{"loc":{"start":{"line":93,"column":12},"end":{"line":104,"column":13}},"type":"switch","locations":[{"start":{"line":94,"column":16},"end":{"line":99,"column":59}},{"start":{"line":100,"column":16},"end":{"line":103,"column":42}}],"line":93},"31":{"loc":{"start":{"line":110,"column":12},"end":{"line":125,"column":13}},"type":"switch","locations":[{"start":{"line":111,"column":16},"end":{"line":111,"column":61}},{"start":{"line":112,"column":16},"end":{"line":118,"column":69}},{"start":{"line":119,"column":16},"end":{"line":124,"column":42}}],"line":110},"32":{"loc":{"start":{"line":131,"column":12},"end":{"line":164,"column":13}},"type":"switch","locations":[{"start":{"line":132,"column":16},"end":{"line":132,"column":61}},{"start":{"line":133,"column":16},"end":{"line":139,"column":69}},{"start":{"line":140,"column":16},"end":{"line":148,"column":70}},{"start":{"line":149,"column":16},"end":{"line":158,"column":70}},{"start":{"line":159,"column":16},"end":{"line":163,"column":42}}],"line":131},"33":{"loc":{"start":{"line":170,"column":12},"end":{"line":183,"column":13}},"type":"switch","locations":[{"start":{"line":171,"column":16},"end":{"line":171,"column":61}},{"start":{"line":172,"column":16},"end":{"line":178,"column":70}},{"start":{"line":179,"column":16},"end":{"line":182,"column":42}}],"line":170},"34":{"loc":{"start":{"line":189,"column":12},"end":{"line":222,"column":13}},"type":"switch","locations":[{"start":{"line":190,"column":16},"end":{"line":192,"column":57}},{"start":{"line":193,"column":16},"end":{"line":199,"column":69}},{"start":{"line":200,"column":16},"end":{"line":209,"column":70}},{"start":{"line":210,"column":16},"end":{"line":217,"column":145}},{"start":{"line":218,"column":16},"end":{"line":221,"column":42}}],"line":189}},"s":{"0":1,"1":21,"2":17,"3":9,"4":21,"5":21,"6":0,"7":0,"8":0,"9":0,"10":30,"11":9,"12":1,"13":9,"14":21,"15":0,"16":21,"17":9,"18":0,"19":27,"20":30,"21":30,"22":0,"23":30,"24":60,"25":60,"26":0,"27":60,"28":0,"29":60,"30":30,"31":30,"32":21,"33":21,"34":0,"35":0,"36":0,"37":0,"38":0,"39":0,"40":0,"41":9,"42":9,"43":9,"44":0,"45":0,"46":0,"47":0,"48":0,"49":0,"50":0,"51":0,"52":0,"53":0,"54":0,"55":0,"56":0,"57":0,"58":0,"59":30,"60":0,"61":0,"62":60,"63":9,"64":0,"65":9,"66":1,"67":1,"68":1,"69":1,"70":1,"71":1,"72":1,"73":1,"74":1,"75":1,"76":1,"77":1,"78":5,"79":14,"80":1,"81":5,"82":14,"83":1,"84":4,"85":4,"86":12,"87":4,"88":4,"89":4,"90":4,"91":4,"92":4,"93":4,"94":1,"95":1,"96":5,"97":5,"98":5,"99":1,"100":5,"101":5,"102":1,"103":1,"104":1,"105":2,"106":1,"107":1,"108":1,"109":1,"110":1,"111":1,"112":1,"113":1,"114":1,"115":3,"116":1,"117":1,"118":1,"119":1,"120":1,"121":1,"122":1,"123":1,"124":1,"125":1,"126":1,"127":5,"128":1,"129":1,"130":1,"131":1,"132":1,"133":3,"134":1,"135":1,"136":1,"137":1,"138":1,"139":1,"140":1,"141":1,"142":1,"143":1,"144":1,"145":1,"146":1,"147":3,"148":1,"149":1,"150":1,"151":1,"152":1,"153":1,"154":1,"155":1,"156":1,"157":5,"158":1,"159":0,"160":1,"161":1,"162":1,"163":1,"164":1,"165":1,"166":1,"167":1,"168":1,"169":1,"170":1,"171":1,"172":1},"f":{"0":9,"1":21,"2":17,"3":9,"4":21,"5":0,"6":30,"7":9,"8":21,"9":0,"10":27,"11":30,"12":30,"13":5,"14":14,"15":5,"16":14,"17":4,"18":4,"19":12,"20":4,"21":1,"22":5,"23":5,"24":5,"25":5,"26":1,"27":1,"28":2,"29":1,"30":1,"31":1,"32":3,"33":1,"34":1,"35":5,"36":3,"37":1,"38":1,"39":3,"40":1,"41":1,"42":5,"43":0},"b":{"0":[1,1,1],"1":[4,17],"2":[9,9],"3":[9,21],"4":[9,9],"5":[1,1,1],"6":[0,21],"7":[9,9],"8":[0,30],"9":[0,60],"10":[60,0,0],"11":[0,0],"12":[0,0],"13":[0,0],"14":[0,0],"15":[0,60],"16":[30,30,21,0,0,9],"17":[9,0],"18":[9,9,9],"19":[9,0],"20":[0,0],"21":[0,0,0,0],"22":[0,0],"23":[0,0],"24":[0,0],"25":[0,0],"26":[0,0],"27":[0,9],"28":[9,0],"29":[4,4,4],"30":[1,1],"31":[1,1,1],"32":[1,1,1,1,1],"33":[1,1,1],"34":[1,1,1,1,1]},"inputSourceMap":{"version":3,"file":"/app/app/test/integrations/auth.spec.ts","sources":["/app/app/test/integrations/auth.spec.ts"],"names":[],"mappings":";;;;;;;;;;;;;;;;;;;;;;;;;;;;;;;;;;;;;;AAAA,iCAAyC;AACzC,wCAAkC;AAElC,+BAA2B;AAC3B,yCAA4D;AAC5D,IAAM,IAAI,GAAG,OAAO,CAAC,MAAM,CAAC,CAAA;AAC5B,IAAM,KAAK,GAAG,OAAO,CAAC,OAAO,CAAC,CAAA;AAC9B,IAAM,QAAQ,GAAG,OAAO,CAAC,WAAW,CAAC,CAAA;AACrC,gDAA6C;AAC7C,iDAAkD;AAClD,8CAA8C;AACjC,QAAA,eAAe,GAAG,UAAC,GAAG,IAAK,OAAA,GAAG,CAAC,MAAM,CAAC,UAAA,EAAE,IAAI,OAAA,EAAE,CAAC,QAAQ,CAAC,cAAc,CAAC,EAA3B,CAA2B,CAAC,CAAC,CAAC,CAAC,EAAhD,CAAgD,CAAA;AAC3E,QAAA,kBAAkB,GAAG,UAAC,GAAG,IAAK,OAAA,GAAG,CAAC,MAAM,CAAC,UAAA,EAAE,IAAI,OAAA,EAAE,CAAC,QAAQ,CAAC,SAAS,CAAC,EAAtB,CAAsB,CAAC,CAAC,CAAC,CAAC,EAA3C,CAA2C,CAAA;AAEtF,IAAI,CAAC,GAAG,CAAC,QAAQ,CAAC,CAAA;AAClB,SAAe,YAAY;;;;;oBACvB,KAAK,CAAC,IAAI,CAAC,IAAI,EAAE,uBAAuB,CAAC,CAAC,SAAS,CAAC,SAAS,MAAM,KAAI,OAAO,IAAI,CAAA,CAAA,CAAC,CAAC,CAAA;oBAEpF,qBAAM,IAAI;6BACL,OAAO,CAAC,WAAG,CAAC;6BACZ,IAAI,CAAC,oBAAoB,CAAC;6BAC1B,IAAI,CAAC,sBAAU,CAAC,EAAA;;oBAHrB,SAGqB,CAAA;oBAErB,qBAAM,IAAI;6BACL,OAAO,CAAC,WAAG,CAAC;6BACZ,GAAG,CAAC,yBAAuB,gBAAO,CAAC,sBAAU,CAAC,KAAK,CAAG,CAAC;6BACvD,GAAG,CAAC,cAAc,EAAE,kBAAkB,CAAC,EAAA;;oBAH5C,SAG4C,CAAA;;;;;CAC/C;AACD,QAAQ,CAAC,eAAe,EAAE;IACxB,UAAU,CAAC;QACT,OAAO,cAAI,CAAC,OAAO;aACd,QAAQ,EAAE;aACV,IAAI,CAAC;YACJ,OAAO,cAAI,CAAC,OAAO,CAAC,MAAM,EAAE,CAAA;QAC9B,CAAC,CAAC;aACD,IAAI,CAAC;YACJ,OAAO,cAAI,CAAC,IAAI,CAAC,GAAG,EAAE,CAAA;QACxB,CAAC,CAAC,CAAA;IACR,CAAC,CAAC,CAAA;IACF,SAAS,CAAC;QACR,KAAK,CAAC,OAAO,EAAE,CAAA;QACf,OAAO,cAAI,CAAC,OAAO,CAAC,QAAQ,EAAE,CAAA;IAChC,CAAC,CAAC,CAAA;IAEF,EAAE,CAAC,4BAA4B,EAAE;;;;;oBAC/B,KAAK,CAAC,IAAI,CAAC,IAAI,EAAE,uBAAuB,CAAC,CAAC,SAAS,CAAC,SAAS,MAAM,KAAI,OAAO,IAAI,CAAA,CAAA,CAAC,CAAC,CAAA;oBAExE,qBAAM,IAAI;6BACD,OAAO,CAAC,WAAG,CAAC;6BACZ,IAAI,CAAC,oBAAoB,CAAC;6BAC1B,IAAI,CAAC,sBAAU,CAAC,EAAA;;oBAH/B,GAAG,GAAG,SAGyB;oBACrC,eAAM,CAAC,WAAW,CAAC,GAAG,CAAC,MAAM,EAAE,GAAG,CAAC,CAAA;;;;SACpC,CAAC,CAAA;IAEF,EAAE,CAAC,sCAAsC,EAAE;;;;wBACvC,qBAAM,YAAY,EAAE,EAAA;;oBAApB,SAAoB,CAAA;oBAER,qBAAM,IAAI;6BACD,OAAO,CAAC,WAAG,CAAC;6BACZ,IAAI,CAAC,aAAa,CAAC;6BACnB,GAAG,CAAC,cAAc,EAAE,kBAAkB,CAAC;6BACvC,IAAI,CAAC,gCAAoB,CAAC,EAAA;;oBAJzC,GAAG,GAAG,SAImC;oBAE/C,eAAM,CAAC,WAAW,CAAC,uBAAe,CAAC,GAAG,CAAC,OAAO,CAAC,YAAY,CAAC,CAAC,CAAC,QAAQ,CAAC,cAAc,CAAC,EAAE,IAAI,CAAC,CAAA;oBAC7F,eAAM,CAAC,WAAW,CAAC,0BAAkB,CAAC,GAAG,CAAC,OAAO,CAAC,YAAY,CAAC,CAAC,CAAC,QAAQ,CAAC,eAAe,CAAC,EAAE,IAAI,CAAC,CAAA;oBACjG,eAAM,CAAC,WAAW,CAAC,GAAG,CAAC,UAAU,EAAE,GAAG,CAAC,CAAA;;;;SAC1C,CAAC,CAAA;IAEF,EAAE,CAAC,qDAAqD,EAAE;;;;wBACtD,qBAAM,YAAY,EAAE,EAAA;;oBAApB,SAAoB,CAAA;oBAEH,qBAAM,IAAI;6BACtB,OAAO,CAAC,WAAG,CAAC;6BACZ,IAAI,CAAC,aAAa,CAAC;6BACnB,GAAG,CAAC,cAAc,EAAE,kBAAkB,CAAC;6BACvC,IAAI,CAAC,gCAAoB,CAAC,EAAA;;oBAJzB,QAAQ,GAAG,SAIc;oBAEzB,YAAY,GAAG,QAAQ,CAAC,OAAO,CAAC,YAAY,CAAC;yBAC9C,MAAM,CAAC,UAAA,EAAE,IAAI,OAAA,EAAE,CAAC,QAAQ,CAAC,SAAS,CAAC,EAAtB,CAAsB,CAAC,CAAC,CAAC,CAAC,CAAC,KAAK,CAAC,eAAe,CAAC,CAAC,CAAC,CAAC,CAAC,KAAK,CAAC,GAAG,CAAC,CAAC,CAAC,CAAC,CAAA;oBAExE,qBAAM,IAAI;6BACjB,OAAO,CAAC,WAAG,CAAC;6BACZ,IAAI,CAAC,qBAAqB,CAAC;6BAC3B,IAAI,CAAC,EAAC,YAAY,cAAA,EAAC,CAAC;6BACpB,GAAG,CAAC,cAAc,EAAE,kBAAkB,CAAC,EAAA;;oBAJtC,GAAG,GAAG,SAIgC;oBAE5C,eAAM,CAAC,WAAW,CAAC,uBAAe,CAAC,GAAG,CAAC,OAAO,CAAC,YAAY,CAAC,CAAC,CAAC,QAAQ,CAAC,cAAc,CAAC,EAAE,IAAI,CAAC,CAAA;oBAC7F,eAAM,CAAC,WAAW,CAAC,0BAAkB,CAAC,GAAG,CAAC,OAAO,CAAC,YAAY,CAAC,CAAC,CAAC,QAAQ,CAAC,eAAe,CAAC,EAAE,IAAI,CAAC,CAAA;oBACjG,eAAM,CAAC,WAAW,CAAC,GAAG,CAAC,UAAU,EAAE,GAAG,CAAC,CAAA;oBAErB,qBAAM,IAAI;6BACvB,OAAO,CAAC,WAAG,CAAC;6BACZ,IAAI,CAAC,qBAAqB,CAAC;6BAC3B,IAAI,CAAC,EAAC,YAAY,cAAA,EAAC,CAAC;6BACpB,GAAG,CAAC,cAAc,EAAE,kBAAkB,CAAC,EAAA;;oBAJtC,SAAS,GAAG,SAI0B;oBAE5C,eAAM,CAAC,WAAW,CAAC,SAAS,CAAC,OAAO,CAAC,YAAY,CAAC,EAAE,SAAS,CAAC,CAAA;oBAC9D,eAAM,CAAC,WAAW,CAAC,SAAS,CAAC,UAAU,EAAE,GAAG,CAAC,CAAA;;;;SAChD,CAAC,CAAA;IAEF,EAAE,CAAC,2CAA2C,EAAE;;;;wBAC5C,qBAAM,YAAY,EAAE,EAAA;;oBAApB,SAAoB,CAAA;oBACF,qBAAM,IAAI;6BACvB,OAAO,CAAC,WAAG,CAAC;6BACZ,IAAI,CAAC,uBAAuB,CAAC;6BAC7B,IAAI,CAAC,EAAC,KAAK,EAAE,gCAAoB,CAAC,KAAK,EAAC,CAAC;6BACzC,GAAG,CAAC,cAAc,EAAE,kBAAkB,CAAC,EAAA;;oBAJtC,SAAS,GAAG,SAI0B;oBAE5C,eAAM,CAAC,WAAW,CAAC,SAAS,CAAC,UAAU,EAAE,GAAG,CAAC,CAAA;;;;SAChD,CAAC,CAAA;IAEF,EAAE,CAAC,wBAAwB,EAAE;;;;;oBACzB,KAAK,CAAC,IAAI,CAAC,eAAW,EAAE,iBAAiB,CAAC,CAAC,SAAS,CAAC,SAAS,MAAM,KAAI,OAAO,IAAI,CAAA,CAAA,CAAC,CAAC,CAAA;oBACrF,qBAAM,YAAY,EAAE,EAAA;;oBAApB,SAAoB,CAAA;oBACR,qBAAM,IAAI;6BACjB,OAAO,CAAC,WAAG,CAAC;6BACZ,IAAI,CAAC,aAAa,CAAC;6BACnB,GAAG,CAAC,cAAc,EAAE,kBAAkB,CAAC;6BACvC,IAAI,CAAC,gCAAoB,CAAC,EAAA;;oBAJzB,GAAG,GAAG,SAImB;oBACzB,KAAK,GAAG,uBAAe,CAAC,GAAG,CAAC,OAAO,CAAC,YAAY,CAAC,CAAC,CAAA;oBAClD,YAAY,GAAG,0BAAkB,CAAC,GAAG,CAAC,OAAO,CAAC,YAAY,CAAC,CAAC,CAAA;oBAEhD,qBAAM,IAAI;6BACvB,OAAO,CAAC,WAAG,CAAC;6BACZ,IAAI,CAAC,uBAAuB,CAAC;6BAC7B,IAAI,CAAC,EAAC,QAAQ,EAAE,gCAAoB,CAAC,QAAQ,GAAC,GAAG,EAAC,CAAC;6BACnD,GAAG,CAAC,QAAQ,EAAE,KAAK,GAAC,GAAG,GAAC,YAAY,CAAC;6BACrC,GAAG,CAAC,cAAc,EAAE,kBAAkB,CAAC,EAAA;;oBALtC,SAAS,GAAG,SAK0B;oBAC5C,eAAM,CAAC,WAAW,CAAC,SAAS,CAAC,UAAU,EAAE,GAAG,CAAC,CAAA;oBAEtB,qBAAM,IAAI;6BAC5B,OAAO,CAAC,WAAG,CAAC;6BACZ,IAAI,CAAC,aAAa,CAAC;6BACnB,GAAG,CAAC,cAAc,EAAE,kBAAkB,CAAC;6BACvC,IAAI,CAAC,EAAC,KAAK,EAAE,gCAAoB,CAAC,KAAK,EAAE,QAAQ,EAAG,gCAAoB,CAAC,QAAQ,GAAC,GAAG,EAAC,CAAC,EAAA;;oBAJtF,cAAc,GAAG,SAIqE;oBAE5F,eAAM,CAAC,WAAW,CAAC,cAAc,CAAC,UAAU,EAAE,GAAG,CAAC,CAAA;;;;SACrD,CAAC,CAAA;AACJ,CAAC,CAAC,CAAA","sourcesContent":["import { strict as assert } from 'assert'\nimport knex from '../../libs/knex'\n\nimport app from '../../../'\nimport {MockedUser, MockedUserCredetials} from './mock.user'\nconst chai = require('chai')\nconst sinon = require('sinon')\nconst chaiHttp = require('chai-http')\nimport {encrypt} from '../../services/crypto'\nimport * as auth from '../../../app/services/auth'\nimport userService from '../../services/users'\nexport const filterAuthToken = (arr) => arr.filter(it => it.includes('token=Bearer'))[0]\nexport const filterRefreshToken = (arr) => arr.filter(it => it.includes('refresh'))[0]\n\nchai.use(chaiHttp)\nasync function registerUser() {\n    sinon.stub(auth, 'sendConfirmationEmail').callsFake(function fakeFn() {return true})\n\n    await chai\n        .request(app)\n        .post('/auth/registration')\n        .send(MockedUser)\n\n    await chai\n        .request(app)\n        .get(`/auth/confirm-email/${encrypt(MockedUser.email)}`)\n        .set('content-type', 'application/json')\n}\ndescribe('routes : auth', () => {\n  beforeEach(() => {\n    return knex.migrate\n        .rollback()\n        .then(() => {\n          return knex.migrate.latest()\n        })\n        .then(() => {\n          return knex.seed.run()\n        })\n  })\n  afterEach(() => {\n    sinon.restore()\n    return knex.migrate.rollback()\n  })\n\n  it('should register a new user', async () => {\n    sinon.stub(auth, 'sendConfirmationEmail').callsFake(function fakeFn() {return true})\n\n    const res = await chai\n                        .request(app)\n                        .post('/auth/registration')\n                        .send(MockedUser)\n    assert.strictEqual(res.status, 200)\n  })\n\n  it('should login user and provide tokens', async () => {\n      await registerUser()\n\n      const res = await chai\n                          .request(app)\n                          .post(`/auth/login`)\n                          .set('content-type', 'application/json')\n                          .send(MockedUserCredetials)\n\n      assert.strictEqual(filterAuthToken(res.headers['set-cookie']).includes('token=Bearer'), true)\n      assert.strictEqual(filterRefreshToken(res.headers['set-cookie']).includes('refreshToken='), true)\n      assert.strictEqual(res.statusCode, 200)\n  })\n\n  it('should give credentials via refresh token only once', async () => {\n      await registerUser()\n\n      const loginRes = await chai\n          .request(app)\n          .post(`/auth/login`)\n          .set('content-type', 'application/json')\n          .send(MockedUserCredetials)\n\n      const refreshToken = loginRes.headers['set-cookie']\n          .filter(it => it.includes('refresh'))[0].split('refreshToken=')[1].split(';')[0]\n\n      const res = await chai\n          .request(app)\n          .post(`/auth/refresh-token`)\n          .send({refreshToken})\n          .set('content-type', 'application/json')\n\n      assert.strictEqual(filterAuthToken(res.headers['set-cookie']).includes('token=Bearer'), true)\n      assert.strictEqual(filterRefreshToken(res.headers['set-cookie']).includes('refreshToken='), true)\n      assert.strictEqual(res.statusCode, 200)\n\n      const secondRes = await chai\n          .request(app)\n          .post(`/auth/refresh-token`)\n          .send({refreshToken})\n          .set('content-type', 'application/json')\n\n      assert.strictEqual(secondRes.headers['set-cookie'], undefined)\n      assert.strictEqual(secondRes.statusCode, 403)\n  })\n\n  it('should update password on forgot password', async () => {\n      await registerUser()\n      const secondRes = await chai\n          .request(app)\n          .post(`/auth/forgot-password`)\n          .send({email: MockedUserCredetials.email})\n          .set('content-type', 'application/json')\n\n      assert.strictEqual(secondRes.statusCode, 200)\n  })\n\n  it('should change password', async () => {\n      sinon.stub(userService, 'sendNewPassword').callsFake(function fakeFn() {return true})\n      await registerUser()\n      const res = await chai\n          .request(app)\n          .post(`/auth/login`)\n          .set('content-type', 'application/json')\n          .send(MockedUserCredetials)\n      const token = filterAuthToken(res.headers['set-cookie'])\n      const refreshToken = filterRefreshToken(res.headers['set-cookie'])\n\n      const secondRes = await chai\n          .request(app)\n          .post(`/auth/change-password`)\n          .send({password: MockedUserCredetials.password+'1'})\n          .set('Cookie', token+';'+refreshToken)\n          .set('content-type', 'application/json')\n      assert.strictEqual(secondRes.statusCode, 200)\n\n      const newPasswordRes = await chai\n          .request(app)\n          .post(`/auth/login`)\n          .set('content-type', 'application/json')\n          .send({email: MockedUserCredetials.email, password:  MockedUserCredetials.password+'1'})\n\n      assert.strictEqual(newPasswordRes.statusCode, 200)\n  })\n})\n"]},"_coverageSchema":"1a1c01bbd47fc00a2c39e90264f33305004495a9","hash":"841c406a64f71e147a52a6536fb6a1c05276b12a","contentHash":"8e7b940c820816174d4e07076c599e02a0aff953ab8a03c15967888747b01e6a"},"/app/app/libs/knex/index.ts":{"path":"/app/app/libs/knex/index.ts","statementMap":{"0":{"start":{"line":2,"column":0},"end":{"line":2,"column":62}},"1":{"start":{"line":3,"column":15},"end":{"line":3,"column":38}},"2":{"start":{"line":4,"column":20},"end":{"line":4,"column":50}},"3":{"start":{"line":4,"column":68},"end":{"line":4,"column":98}},"4":{"start":{"line":4,"column":114},"end":{"line":4,"column":142}},"5":{"start":{"line":4,"column":164},"end":{"line":4,"column":198}},"6":{"start":{"line":4,"column":216},"end":{"line":4,"column":246}},"7":{"start":{"line":6,"column":11},"end":{"line":23,"column":2}},"8":{"start":{"line":24,"column":0},"end":{"line":24,"column":23}}},"fnMap":{},"branchMap":{},"s":{"0":1,"1":1,"2":1,"3":1,"4":1,"5":1,"6":1,"7":1,"8":1},"f":{},"b":{},"inputSourceMap":{"version":3,"file":"/app/app/libs/knex/index.ts","sources":["/app/app/libs/knex/index.ts"],"names":[],"mappings":";;AAAA,uCAAiC;AAG/B,IAAA,8CAAa,EACb,8CAAa,EACb,0CAAW,EACX,sDAAiB,EACjB,8CAAa,CACJ;AACX,2BAA2B;AAC3B,IAAM,IAAI,GAAG,OAAO,CAAC,MAAM,CAAC,CAAC;IAC3B,MAAM,EAAE,IAAI;IACZ,OAAO,EAAE,MAAM;IACf,UAAU,EAAE;QACV,IAAI,EAAE,aAAa;QACnB,IAAI,EAAE,aAAa;QACnB,QAAQ,EAAE,iBAAiB;QAC3B,QAAQ,EAAE,WAAW;QACrB,IAAI,EAAE,aAAa;KACpB;IACD,UAAU,EAAE;QACV,SAAS,EAAE,SAAS,GAAG,sBAAsB;QAC7C,SAAS,EAAE,iBAAiB;KAC7B;IACD,KAAK,EAAE;QACL,SAAS,EAAE,SAAS,GAAG,gBAAgB;KACxC;CACF,CAAC,CAAC;AACH,kBAAe,IAAI,CAAC","sourcesContent":["import config from '../../config'\n\nconst {\n  POSTGRES_HOST,\n  POSTGRES_USER,\n  POSTGRES_DB,\n  POSTGRES_PASSWORD,\n  POSTGRES_PORT,\n} = config;\n// tslint:disable-next-line\nconst knex = require('knex')({\n  client: 'pg',\n  version: '11.1',\n  connection: {\n    host: POSTGRES_HOST,\n    user: POSTGRES_USER,\n    password: POSTGRES_PASSWORD,\n    database: POSTGRES_DB,\n    port: POSTGRES_PORT,\n  },\n  migrations: {\n    directory: __dirname + '/../../db/migrations',\n    tableName: 'knex-migrations',\n  },\n  seeds: {\n    directory: __dirname + '/../../db/seed',\n  },\n});\nexport default knex;\n"]},"_coverageSchema":"1a1c01bbd47fc00a2c39e90264f33305004495a9","hash":"3cb20efed12b872ddc8451b8e7184ceb41003e49","contentHash":"72a2d2a4da3f4cef1a872301584e5521fad42073683b94e04a1f652552deaadb"},"/app/app/config/index.ts":{"path":"/app/app/config/index.ts","statementMap":{"0":{"start":{"line":2,"column":0},"end":{"line":2,"column":62}},"1":{"start":{"line":3,"column":13},"end":{"line":3,"column":30}},"2":{"start":{"line":4,"column":0},"end":{"line":6,"column":1}},"3":{"start":{"line":5,"column":4},"end":{"line":5,"column":20}},"4":{"start":{"line":7,"column":0},"end":{"line":25,"column":2}}},"fnMap":{},"branchMap":{"0":{"loc":{"start":{"line":4,"column":0},"end":{"line":6,"column":1}},"type":"if","locations":[{"start":{"line":4,"column":0},"end":{"line":6,"column":1}},{"start":{"line":4,"column":0},"end":{"line":6,"column":1}}],"line":4},"1":{"loc":{"start":{"line":4,"column":4},"end":{"line":4,"column":77}},"type":"binary-expr","locations":[{"start":{"line":4,"column":4},"end":{"line":4,"column":42}},{"start":{"line":4,"column":46},"end":{"line":4,"column":77}}],"line":4},"2":{"loc":{"start":{"line":8,"column":9},"end":{"line":8,"column":46}},"type":"binary-expr","locations":[{"start":{"line":8,"column":9},"end":{"line":8,"column":29}},{"start":{"line":8,"column":33},"end":{"line":8,"column":46}}],"line":8},"3":{"loc":{"start":{"line":10,"column":19},"end":{"line":10,"column":58}},"type":"binary-expr","locations":[{"start":{"line":10,"column":19},"end":{"line":10,"column":44}},{"start":{"line":10,"column":48},"end":{"line":10,"column":58}}],"line":10},"4":{"loc":{"start":{"line":11,"column":19},"end":{"line":11,"column":58}},"type":"binary-expr","locations":[{"start":{"line":11,"column":19},"end":{"line":11,"column":44}},{"start":{"line":11,"column":48},"end":{"line":11,"column":58}}],"line":11},"5":{"loc":{"start":{"line":12,"column":17},"end":{"line":12,"column":54}},"type":"binary-expr","locations":[{"start":{"line":12,"column":17},"end":{"line":12,"column":40}},{"start":{"line":12,"column":44},"end":{"line":12,"column":54}}],"line":12},"6":{"loc":{"start":{"line":13,"column":23},"end":{"line":13,"column":66}},"type":"binary-expr","locations":[{"start":{"line":13,"column":23},"end":{"line":13,"column":52}},{"start":{"line":13,"column":56},"end":{"line":13,"column":66}}],"line":13},"7":{"loc":{"start":{"line":14,"column":19},"end":{"line":14,"column":52}},"type":"binary-expr","locations":[{"start":{"line":14,"column":19},"end":{"line":14,"column":44}},{"start":{"line":14,"column":48},"end":{"line":14,"column":52}}],"line":14},"8":{"loc":{"start":{"line":15,"column":10},"end":{"line":15,"column":48}},"type":"binary-expr","locations":[{"start":{"line":15,"column":10},"end":{"line":15,"column":40}},{"start":{"line":15,"column":44},"end":{"line":15,"column":48}}],"line":15},"9":{"loc":{"start":{"line":22,"column":16},"end":{"line":22,"column":63}},"type":"binary-expr","locations":[{"start":{"line":22,"column":16},"end":{"line":22,"column":38}},{"start":{"line":22,"column":42},"end":{"line":22,"column":63}}],"line":22},"10":{"loc":{"start":{"line":23,"column":10},"end":{"line":23,"column":53}},"type":"binary-expr","locations":[{"start":{"line":23,"column":10},"end":{"line":23,"column":26}},{"start":{"line":23,"column":30},"end":{"line":23,"column":53}}],"line":23},"11":{"loc":{"start":{"line":24,"column":27},"end":{"line":24,"column":70}},"type":"binary-expr","locations":[{"start":{"line":24,"column":27},"end":{"line":24,"column":60}},{"start":{"line":24,"column":64},"end":{"line":24,"column":70}}],"line":24}},"s":{"0":1,"1":1,"2":1,"3":1,"4":1},"f":{},"b":{"0":[1,0],"1":[1,1],"2":[1,0],"3":[1,0],"4":[1,0],"5":[1,0],"6":[1,0],"7":[1,0],"8":[1,0],"9":[1,0],"10":[1,0],"11":[1,0]},"inputSourceMap":{"version":3,"file":"/app/app/config/index.ts","sources":["/app/app/config/index.ts"],"names":[],"mappings":";;AAAA,+BAAgC;AAChC,IAAI,OAAO,CAAC,GAAG,CAAC,QAAQ,KAAK,aAAa,IAAI,OAAO,CAAC,GAAG,CAAC,QAAQ,KAAK,MAAM,EAAE;IAC7E,MAAM,CAAC,MAAM,EAAE,CAAA;CAChB;AACD,kBAAe;IACb,GAAG,EAAE,OAAO,CAAC,GAAG,CAAC,QAAQ,IAAI,aAAa;IAC1C,IAAI,EAAE,OAAO,CAAC,GAAG,EAAE;IAEnB,aAAa,EAAE,OAAO,CAAC,GAAG,CAAC,aAAa,IAAI,UAAU;IACtD,aAAa,EAAE,OAAO,CAAC,GAAG,CAAC,aAAa,IAAI,UAAU;IACtD,WAAW,EAAE,OAAO,CAAC,GAAG,CAAC,WAAW,IAAI,UAAU;IAClD,iBAAiB,EAAE,OAAO,CAAC,GAAG,CAAC,iBAAiB,IAAI,UAAU;IAC9D,aAAa,EAAE,OAAO,CAAC,GAAG,CAAC,aAAa,IAAI,IAAI;IAEhD,IAAI,EAAE,QAAQ,CAAC,OAAO,CAAC,GAAG,CAAC,IAAI,EAAE,EAAE,CAAC,IAAG,IAAI;IAE3C,gBAAgB,EAAE,OAAO,CAAC,GAAG,CAAC,gBAAgB;IAC9C,oBAAoB,EAAE,OAAO,CAAC,GAAG,CAAC,oBAAoB;IACtD,mBAAmB,EAAE,OAAO,CAAC,GAAG,CAAC,mBAAmB;IAEpD,mBAAmB,EAAE,OAAO,CAAC,GAAG,CAAC,mBAAmB;IACpD,eAAe,EAAE,OAAO,CAAC,GAAG,CAAC,eAAe;IAC5C,mBAAmB,EAAE,OAAO,CAAC,GAAG,CAAC,mBAAmB;IAEpD,UAAU,EAAE,OAAO,CAAC,GAAG,CAAC,UAAU,IAAI,qBAAqB;IAC3D,IAAI,EAAE,OAAO,CAAC,GAAG,CAAC,IAAI,IAAI,uBAAuB;IACjD,qBAAqB,EAAE,OAAO,CAAC,GAAG,CAAC,qBAAqB,IAAI,MAAM;CACnE,CAAC","sourcesContent":["import * as dotEnv from 'dotenv'\nif (process.env.NODE_ENV === 'development' || process.env.NODE_ENV === 'test') {\n  dotEnv.config()\n}\nexport default {\n  env: process.env.NODE_ENV || 'development',\n  root: process.cwd(),\n\n  POSTGRES_HOST: process.env.POSTGRES_HOST || 'postgres',\n  POSTGRES_USER: process.env.POSTGRES_USER || 'postgres',\n  POSTGRES_DB: process.env.POSTGRES_DB || 'postgres',\n  POSTGRES_PASSWORD: process.env.POSTGRES_PASSWORD || 'postgres',\n  POSTGRES_PORT: process.env.POSTGRES_PORT || 5432,\n\n  PORT: parseInt(process.env.PORT, 10)|| 5000,\n\n  GOOGLE_CLIENT_ID: process.env.GOOGLE_CLIENT_ID,\n  GOOGLE_CLIENT_SECRET: process.env.GOOGLE_CLIENT_SECRET,\n  GOOGLE_REDIRECT_URI: process.env.GOOGLE_REDIRECT_URI,\n\n  GMAIL_REFRESH_TOKEN: process.env.GMAIL_REFRESH_TOKEN,\n  GMAIL_CLIENT_ID: process.env.GMAIL_CLIENT_ID,\n  GMAIL_CLIENT_SECRET: process.env.GMAIL_CLIENT_SECRET,\n\n  JWT_SECRET: process.env.JWT_SECRET || 'asdasdasdasdasdssss',\n  HOST: process.env.HOST || 'http://localhost:3050',\n  GAME_CHAT_ROOM_PREFIX: process.env.GAME_CHAT_ROOM_PREFIX || 'game'\n};\n"]},"_coverageSchema":"1a1c01bbd47fc00a2c39e90264f33305004495a9","hash":"4597d6a1de883994c3b6b2f172b79e22db72dad9","contentHash":"48d159762f5d51d14ff82ed786c7fa6cc94fdc4370cd72b3cfcd4de01afa6052"},"/app/index.ts":{"path":"/app/index.ts","statementMap":{"0":{"start":{"line":2,"column":0},"end":{"line":2,"column":62}},"1":{"start":{"line":3,"column":10},"end":{"line":3,"column":24}},"2":{"start":{"line":4,"column":15},"end":{"line":4,"column":44}},"3":{"start":{"line":5,"column":13},"end":{"line":5,"column":42}},"4":{"start":{"line":6,"column":17},"end":{"line":6,"column":47}},"5":{"start":{"line":7,"column":10},"end":{"line":7,"column":19}},"6":{"start":{"line":8,"column":0},"end":{"line":8,"column":41}},"7":{"start":{"line":9,"column":0},"end":{"line":9,"column":32}},"8":{"start":{"line":10,"column":0},"end":{"line":10,"column":36}},"9":{"start":{"line":11,"column":0},"end":{"line":11,"column":32}},"10":{"start":{"line":12,"column":13},"end":{"line":12,"column":44}},"11":{"start":{"line":13,"column":0},"end":{"line":13,"column":37}},"12":{"start":{"line":14,"column":0},"end":{"line":14,"column":25}}},"fnMap":{},"branchMap":{},"s":{"0":1,"1":1,"2":1,"3":1,"4":1,"5":1,"6":1,"7":1,"8":1,"9":1,"10":1,"11":1,"12":1},"f":{},"b":{},"inputSourceMap":{"version":3,"file":"/app/index.ts","sources":["/app/index.ts"],"names":[],"mappings":";;AAAA,yBAA0B;AAC1B,6CAA4C;AAC5C,2CAAsD;AACtD,gDAA2C;AAC3C,IAAM,GAAG,GAAG,IAAI,GAAG,EAAE,CAAC;AACtB,GAAG,CAAC,GAAG,CAAC,kBAAQ,CAAC,UAAU,EAAE,CAAC,CAAA;AAC9B,0BAAmB,CAAC,GAAG,CAAC,CAAC;AACzB,gBAAW,CAAC,aAAa,CAAC,GAAG,CAAC,CAAC;AAC/B,gBAAW,CAAC,SAAS,CAAC,GAAG,CAAC,CAAC;AAC3B,IAAM,MAAM,GAAG,gBAAW,CAAC,SAAS,CAAC,GAAG,CAAC,CAAC;AAC1C,gBAAW,CAAC,WAAW,CAAC,MAAM,CAAC,CAAC;AAChC,kBAAe,MAAM,CAAA","sourcesContent":["import * as Koa from 'koa'\nimport ServerUtils from './app/utils/server'\nimport {addSocketsToContext} from './app/sockets/init'\nimport passport from './app/libs/passport';\nconst app = new Koa();\napp.use(passport.initialize())\naddSocketsToContext(app);\nServerUtils.addMiddleware(app);\nServerUtils.addRoutes(app);\nconst server = ServerUtils.runServer(app);\nServerUtils.wrapSockets(server);\nexport default server\n"]},"_coverageSchema":"1a1c01bbd47fc00a2c39e90264f33305004495a9","hash":"4fbded3da7e2b3f471e4d2545ff6a428c6743d14","contentHash":"29ab1fadf4657796a8923a18d8172f88aff081124edb8c25553688b9a76d6d3f"},"/app/app/utils/server.ts":{"path":"/app/app/utils/server.ts","statementMap":{"0":{"start":{"line":2,"column":0},"end":{"line":2,"column":62}},"1":{"start":{"line":3,"column":15},"end":{"line":3,"column":35}},"2":{"start":{"line":4,"column":9},"end":{"line":4,"column":22}},"3":{"start":{"line":5,"column":11},"end":{"line":5,"column":26}},"4":{"start":{"line":6,"column":14},"end":{"line":6,"column":36}},"5":{"start":{"line":7,"column":19},"end":{"line":7,"column":40}},"6":{"start":{"line":8,"column":13},"end":{"line":8,"column":39}},"7":{"start":{"line":9,"column":28},"end":{"line":31,"column":3}},"8":{"start":{"line":12,"column":4},"end":{"line":15,"column":6}},"9":{"start":{"line":13,"column":23},"end":{"line":13,"column":94}},"10":{"start":{"line":14,"column":8},"end":{"line":14,"column":113}},"11":{"start":{"line":14,"column":46},"end":{"line":14,"column":109}},"12":{"start":{"line":16,"column":4},"end":{"line":18,"column":6}},"13":{"start":{"line":17,"column":8},"end":{"line":17,"column":129}},"14":{"start":{"line":19,"column":4},"end":{"line":25,"column":6}},"15":{"start":{"line":20,"column":21},"end":{"line":20,"column":23}},"16":{"start":{"line":21,"column":8},"end":{"line":23,"column":11}},"17":{"start":{"line":22,"column":12},"end":{"line":22,"column":103}},"18":{"start":{"line":24,"column":8},"end":{"line":24,"column":33}},"19":{"start":{"line":26,"column":4},"end":{"line":29,"column":6}},"20":{"start":{"line":27,"column":8},"end":{"line":27,"column":68}},"21":{"start":{"line":28,"column":8},"end":{"line":28,"column":65}},"22":{"start":{"line":30,"column":4},"end":{"line":30,"column":18}},"23":{"start":{"line":32,"column":0},"end":{"line":32,"column":25}}},"fnMap":{"0":{"name":"(anonymous_0)","decl":{"start":{"line":9,"column":28},"end":{"line":9,"column":29}},"loc":{"start":{"line":9,"column":40},"end":{"line":31,"column":1}},"line":9},"1":{"name":"Server","decl":{"start":{"line":10,"column":13},"end":{"line":10,"column":19}},"loc":{"start":{"line":10,"column":22},"end":{"line":11,"column":5}},"line":10},"2":{"name":"(anonymous_2)","decl":{"start":{"line":12,"column":27},"end":{"line":12,"column":28}},"loc":{"start":{"line":12,"column":42},"end":{"line":15,"column":5}},"line":12},"3":{"name":"(anonymous_3)","decl":{"start":{"line":14,"column":25},"end":{"line":14,"column":26}},"loc":{"start":{"line":14,"column":44},"end":{"line":14,"column":111}},"line":14},"4":{"name":"(anonymous_4)","decl":{"start":{"line":16,"column":23},"end":{"line":16,"column":24}},"loc":{"start":{"line":16,"column":41},"end":{"line":18,"column":5}},"line":16},"5":{"name":"(anonymous_5)","decl":{"start":{"line":19,"column":23},"end":{"line":19,"column":24}},"loc":{"start":{"line":19,"column":38},"end":{"line":25,"column":5}},"line":19},"6":{"name":"(anonymous_6)","decl":{"start":{"line":21,"column":68},"end":{"line":21,"column":69}},"loc":{"start":{"line":21,"column":94},"end":{"line":23,"column":9}},"line":21},"7":{"name":"(anonymous_7)","decl":{"start":{"line":26,"column":25},"end":{"line":26,"column":26}},"loc":{"start":{"line":26,"column":43},"end":{"line":29,"column":5}},"line":26}},"branchMap":{"0":{"loc":{"start":{"line":17,"column":15},"end":{"line":17,"column":128}},"type":"cond-expr","locations":[{"start":{"line":17,"column":49},"end":{"line":17,"column":85}},{"start":{"line":17,"column":88},"end":{"line":17,"column":128}}],"line":17}},"s":{"0":1,"1":1,"2":1,"3":1,"4":1,"5":1,"6":1,"7":1,"8":1,"9":1,"10":1,"11":4,"12":1,"13":1,"14":1,"15":1,"16":1,"17":3,"18":1,"19":1,"20":1,"21":1,"22":1,"23":1},"f":{"0":1,"1":0,"2":1,"3":4,"4":1,"5":1,"6":3,"7":1},"b":{"0":[0,1]},"inputSourceMap":{"version":3,"file":"/app/app/utils/server.ts","sources":["/app/app/utils/server.ts"],"names":[],"mappings":";;AAAA,oCAA8B;AAC9B,uBAAwB;AACxB,2BAA4B;AAC5B,qCAAsC;AACtC,yCAA+B;AAC/B,wCAAyD;AAEzD;IAAA;IAmBA,CAAC;IAlBU,oBAAa,GAApB,UAAqB,GAAG;QACpB,IAAM,QAAQ,GAAG,EAAE,CAAC,WAAW,CAAC,IAAI,CAAC,IAAI,CAAC,SAAS,EAAE,0BAA0B,CAAC,CAAC,CAAC,IAAI,EAAE,CAAC;QACzF,QAAQ,CAAC,OAAO,CAAC,UAAC,OAAO,IAAK,OAAA,OAAO,CAAC,0BAA0B,GAAG,OAAO,CAAC,CAAC,IAAI,CAAC,GAAG,CAAC,EAAvD,CAAuD,CAAC,CAAC;IAC3F,CAAC;IACM,gBAAS,GAAhB,UAAiB,MAAM;QACnB,OAAO,MAAM,KAAK,gBAAM,CAAC,GAAG,CAAC,CAAC,CAAC,MAAM,CAAC,MAAM,CAAC,gBAAM,CAAC,IAAI,CAAC,CAAC,CAAC,CAAC,MAAM,CAAC,MAAM,CAAC,gBAAM,CAAC,IAAI,GAAC,CAAC,CAAC,CAAA;IAC5F,CAAC;IACM,gBAAS,GAAhB,UAAiB,GAAG;QAChB,IAAM,MAAM,GAAG,EAAE,CAAC;QAClB,EAAE,CAAC,WAAW,CAAC,IAAI,CAAC,IAAI,CAAC,SAAS,EAAE,aAAa,CAAC,CAAC,CAAC,OAAO,CAAC,UAAC,cAAc;YACvE,MAAM,CAAC,IAAI,CAAC,OAAO,CAAC,cAAc,GAAC,cAAc,CAAC,CAAC,GAAG,CAAC,oBAAM,EAAE,CAAC,CAAC,MAAM,EAAE,CAAC,CAAA;QAC9E,CAAC,CAAC,CAAC;QACH,GAAG,CAAC,GAAG,CAAC,OAAO,CAAC,MAAM,CAAC,CAAC,CAAC;IAC7B,CAAC;IACM,kBAAW,GAAlB,UAAmB,MAAM;QACrB,oBAAa,CAAC,MAAM,CAAC,MAAM,EAAE,EAAC,WAAW,EAAE,KAAK,EAAC,CAAC,CAAC;QACnD,iBAAU,CAAC,MAAM,CAAC,MAAM,EAAE,EAAC,WAAW,EAAE,KAAK,EAAC,CAAC,CAAC;IACpD,CAAC;IACL,aAAC;AAAD,CAAC,AAnBD,IAmBC;AACD,kBAAe,MAAM,CAAA","sourcesContent":["import config from '../config'\nimport * as fs from 'fs'\nimport * as path from 'path'\nimport * as compose from 'koa-compose'\nimport cookie from 'koa-cookie'\nimport {gameSocket, generalSocket} from '../sockets/init'\n\nclass Server {\n    static addMiddleware(app): void {\n        const handlers = fs.readdirSync(path.join(__dirname, './../middleware/default/')).sort();\n        handlers.forEach((handler) => require('./../middleware/default/' + handler).init(app));\n    }\n    static runServer(koaApp) {\n        return 'test' !== config.env ? koaApp.listen(config.PORT) : koaApp.listen(config.PORT+2)\n    }\n    static addRoutes(app): void {\n        const routes = [];\n        fs.readdirSync(path.join(__dirname, './../routes')).forEach((middlewarePath) => {\n            routes.push(require('./../routes/'+middlewarePath).use(cookie()).routes())\n        });\n        app.use(compose(routes));\n    }\n    static wrapSockets(server) {\n        generalSocket.attach(server, {pingTimeout: 60000});\n        gameSocket.attach(server, {pingTimeout: 60000});\n    }\n}\nexport default Server\n\n\n"]},"_coverageSchema":"1a1c01bbd47fc00a2c39e90264f33305004495a9","hash":"61d64e3f75db61c1a9002b7486bde54a7f5479a7","contentHash":"ea9376dde8a3946512dd63376b5101934d38836f0bed168252fca0513dc42c91"},"/app/app/sockets/init.ts":{"path":"/app/app/sockets/init.ts","statementMap":{"0":{"start":{"line":2,"column":0},"end":{"line":2,"column":62}},"1":{"start":{"line":3,"column":20},"end":{"line":3,"column":44}},"2":{"start":{"line":4,"column":0},"end":{"line":4,"column":43}},"3":{"start":{"line":5,"column":23},"end":{"line":5,"column":50}},"4":{"start":{"line":6,"column":0},"end":{"line":6,"column":49}},"5":{"start":{"line":7,"column":26},"end":{"line":11,"column":5}},"6":{"start":{"line":7,"column":43},"end":{"line":11,"column":3}},"7":{"start":{"line":8,"column":4},"end":{"line":8,"column":39}},"8":{"start":{"line":9,"column":4},"end":{"line":9,"column":45}},"9":{"start":{"line":10,"column":4},"end":{"line":10,"column":18}},"10":{"start":{"line":12,"column":0},"end":{"line":12,"column":50}}},"fnMap":{"0":{"name":"(anonymous_0)","decl":{"start":{"line":7,"column":26},"end":{"line":7,"column":27}},"loc":{"start":{"line":7,"column":41},"end":{"line":11,"column":5}},"line":7},"1":{"name":"(anonymous_1)","decl":{"start":{"line":7,"column":58},"end":{"line":7,"column":59}},"loc":{"start":{"line":7,"column":79},"end":{"line":11,"column":1}},"line":7}},"branchMap":{},"s":{"0":1,"1":1,"2":1,"3":1,"4":1,"5":1,"6":1,"7":34,"8":34,"9":34,"10":1},"f":{"0":1,"1":34},"b":{},"inputSourceMap":{"version":3,"file":"/app/app/sockets/init.ts","sources":["/app/app/sockets/init.ts"],"names":[],"mappings":";;AAAA,6CAAsC;AAWpC,qBAXK,qBAAU,CAWL;AAVZ,mDAA4C;AAS1C,wBATK,wBAAa,CASL;AAPf,IAAM,mBAAmB,GAAG,UAAC,GAAG,IAAK,OAAA,GAAG,CAAC,GAAG,CAAC,UAAC,GAAG,EAAE,IAAI;IACrD,GAAG,CAAC,MAAM,GAAG,qBAAU,CAAA;IACvB,GAAG,CAAC,SAAS,GAAG,wBAAa,CAAA;IAC7B,OAAO,IAAI,EAAE,CAAA;AACf,CAAC,CAAC,EAJmC,CAInC,CAAA;AAKA,kDAAmB","sourcesContent":["import gameSocket from './game-socket'\nimport generalSocket from './general-socket'\n\nconst addSocketsToContext = (app) => app.use((ctx, next) => {\n  ctx.ioGame = gameSocket\n  ctx.ioGeneral = generalSocket\n  return next()\n})\n\nexport {\n  generalSocket,\n  gameSocket,\n  addSocketsToContext,\n}\n"]},"_coverageSchema":"1a1c01bbd47fc00a2c39e90264f33305004495a9","hash":"23e9f0324ea1f315a810f374ae9c21a756dee8e3","contentHash":"0f9ae718759169255fb0b26fdfe7351fbb01cb408af9285529151f91dd8d0315"},"/app/app/sockets/game-socket.ts":{"path":"/app/app/sockets/game-socket.ts","statementMap":{"0":{"start":{"line":2,"column":0},"end":{"line":2,"column":62}},"1":{"start":{"line":3,"column":15},"end":{"line":3,"column":35}},"2":{"start":{"line":4,"column":17},"end":{"line":4,"column":49}},"3":{"start":{"line":5,"column":0},"end":{"line":10,"column":3}},"4":{"start":{"line":6,"column":4},"end":{"line":9,"column":7}},"5":{"start":{"line":7,"column":8},"end":{"line":7,"column":60}},"6":{"start":{"line":8,"column":8},"end":{"line":8,"column":26}},"7":{"start":{"line":11,"column":0},"end":{"line":11,"column":29}}},"fnMap":{"0":{"name":"(anonymous_0)","decl":{"start":{"line":5,"column":28},"end":{"line":5,"column":29}},"loc":{"start":{"line":5,"column":46},"end":{"line":10,"column":1}},"line":5},"1":{"name":"(anonymous_1)","decl":{"start":{"line":6,"column":22},"end":{"line":6,"column":23}},"loc":{"start":{"line":6,"column":38},"end":{"line":9,"column":5}},"line":6}},"branchMap":{},"s":{"0":1,"1":1,"2":1,"3":1,"4":0,"5":0,"6":0,"7":1},"f":{"0":0,"1":0},"b":{},"inputSourceMap":{"version":3,"file":"/app/app/sockets/game-socket.ts","sources":["/app/app/sockets/game-socket.ts"],"names":[],"mappings":";;AAAA,oCAAqC;AACrC,IAAM,UAAU,GAAG,QAAQ,CAAC,EAAC,IAAI,EAAE,YAAY,EAAC,CAAC,CAAC;AAClD,UAAU,CAAC,EAAE,CAAC,YAAY,EAAE,UAAC,MAAM;IACjC,MAAM,CAAC,EAAE,CAAC,MAAM,EAAE,UAAC,IAAI;QACrB,OAAO,CAAC,MAAM,CAAC,KAAK,CAAC,yBAAuB,IAAM,CAAC,CAAC;QACpD,MAAM,CAAC,IAAI,CAAC,IAAI,CAAC,CAAA;IACnB,CAAC,CAAC,CAAA;AACJ,CAAC,CAAC,CAAC;AACH,kBAAe,UAAU,CAAA","sourcesContent":["import * as socketIo from 'socket.io'\nconst gameSocket = socketIo({path: '/chat/game'});\ngameSocket.on('connection', (socket) => {\n  socket.on('join', (room) => {\n    process.stdout.write(`connected to room - ${room}`);\n    socket.join(room)\n  })\n});\nexport default gameSocket\n"]},"_coverageSchema":"1a1c01bbd47fc00a2c39e90264f33305004495a9","hash":"ad3707ca837a80371dcd69421574f0d7def298f8","contentHash":"593d13f94916b303b53cf98ef0b41a80dd6315e472630f32d392170ccd0f81ed"},"/app/app/sockets/general-socket.ts":{"path":"/app/app/sockets/general-socket.ts","statementMap":{"0":{"start":{"line":2,"column":0},"end":{"line":2,"column":62}},"1":{"start":{"line":3,"column":15},"end":{"line":3,"column":35}},"2":{"start":{"line":4,"column":20},"end":{"line":4,"column":55}},"3":{"start":{"line":5,"column":0},"end":{"line":5,"column":32}}},"fnMap":{},"branchMap":{},"s":{"0":1,"1":1,"2":1,"3":1},"f":{},"b":{},"inputSourceMap":{"version":3,"file":"/app/app/sockets/general-socket.ts","sources":["/app/app/sockets/general-socket.ts"],"names":[],"mappings":";;AAAA,oCAAqC;AACrC,IAAM,aAAa,GAAG,QAAQ,CAAC,EAAC,IAAI,EAAE,eAAe,EAAC,CAAC,CAAC;AACxD,kBAAe,aAAa,CAAA","sourcesContent":["import * as socketIo from 'socket.io'\nconst generalSocket = socketIo({path: '/chat/general'});\nexport default generalSocket\n"]},"_coverageSchema":"1a1c01bbd47fc00a2c39e90264f33305004495a9","hash":"44ec64966b4044cbcbd0c3f8f8539c4114026e1d","contentHash":"0caf5ebe257a52f86fb5cd5d40bffc66fe60533610a6aa9834d662b36cc7d518"},"/app/app/libs/passport.ts":{"path":"/app/app/libs/passport.ts","statementMap":{"0":{"start":{"line":2,"column":16},"end":{"line":10,"column":1}},"1":{"start":{"line":3,"column":28},"end":{"line":3,"column":110}},"2":{"start":{"line":3,"column":91},"end":{"line":3,"column":106}},"3":{"start":{"line":4,"column":4},"end":{"line":9,"column":7}},"4":{"start":{"line":5,"column":36},"end":{"line":5,"column":97}},"5":{"start":{"line":5,"column":42},"end":{"line":5,"column":70}},"6":{"start":{"line":5,"column":85},"end":{"line":5,"column":95}},"7":{"start":{"line":6,"column":35},"end":{"line":6,"column":100}},"8":{"start":{"line":6,"column":41},"end":{"line":6,"column":73}},"9":{"start":{"line":6,"column":88},"end":{"line":6,"column":98}},"10":{"start":{"line":7,"column":32},"end":{"line":7,"column":116}},"11":{"start":{"line":8,"column":8},"end":{"line":8,"column":78}},"12":{"start":{"line":11,"column":18},"end":{"line":37,"column":1}},"13":{"start":{"line":12,"column":12},"end":{"line":12,"column":104}},"14":{"start":{"line":12,"column":43},"end":{"line":12,"column":68}},"15":{"start":{"line":12,"column":57},"end":{"line":12,"column":68}},"16":{"start":{"line":12,"column":69},"end":{"line":12,"column":81}},"17":{"start":{"line":13,"column":4},"end":{"line":13,"column":157}},"18":{"start":{"line":13,"column":138},"end":{"line":13,"column":150}},"19":{"start":{"line":14,"column":23},"end":{"line":14,"column":68}},"20":{"start":{"line":14,"column":45},"end":{"line":14,"column":65}},"21":{"start":{"line":16,"column":8},"end":{"line":16,"column":70}},"22":{"start":{"line":16,"column":15},"end":{"line":16,"column":70}},"23":{"start":{"line":17,"column":8},"end":{"line":34,"column":66}},"24":{"start":{"line":17,"column":18},"end":{"line":34,"column":66}},"25":{"start":{"line":18,"column":12},"end":{"line":18,"column":169}},"26":{"start":{"line":18,"column":160},"end":{"line":18,"column":169}},"27":{"start":{"line":19,"column":12},"end":{"line":19,"column":52}},"28":{"start":{"line":19,"column":26},"end":{"line":19,"column":52}},"29":{"start":{"line":20,"column":12},"end":{"line":32,"column":13}},"30":{"start":{"line":21,"column":32},"end":{"line":21,"column":39}},"31":{"start":{"line":21,"column":40},"end":{"line":21,"column":46}},"32":{"start":{"line":22,"column":24},"end":{"line":22,"column":34}},"33":{"start":{"line":22,"column":35},"end":{"line":22,"column":72}},"34":{"start":{"line":23,"column":24},"end":{"line":23,"column":34}},"35":{"start":{"line":23,"column":35},"end":{"line":23,"column":45}},"36":{"start":{"line":23,"column":46},"end":{"line":23,"column":55}},"37":{"start":{"line":23,"column":56},"end":{"line":23,"column":65}},"38":{"start":{"line":24,"column":24},"end":{"line":24,"column":41}},"39":{"start":{"line":24,"column":42},"end":{"line":24,"column":55}},"40":{"start":{"line":24,"column":56},"end":{"line":24,"column":65}},"41":{"start":{"line":26,"column":20},"end":{"line":26,"column":128}},"42":{"start":{"line":26,"column":110},"end":{"line":26,"column":116}},"43":{"start":{"line":26,"column":117},"end":{"line":26,"column":126}},"44":{"start":{"line":27,"column":20},"end":{"line":27,"column":106}},"45":{"start":{"line":27,"column":81},"end":{"line":27,"column":97}},"46":{"start":{"line":27,"column":98},"end":{"line":27,"column":104}},"47":{"start":{"line":28,"column":20},"end":{"line":28,"column":89}},"48":{"start":{"line":28,"column":57},"end":{"line":28,"column":72}},"49":{"start":{"line":28,"column":73},"end":{"line":28,"column":80}},"50":{"start":{"line":28,"column":81},"end":{"line":28,"column":87}},"51":{"start":{"line":29,"column":20},"end":{"line":29,"column":87}},"52":{"start":{"line":29,"column":47},"end":{"line":29,"column":62}},"53":{"start":{"line":29,"column":63},"end":{"line":29,"column":78}},"54":{"start":{"line":29,"column":79},"end":{"line":29,"column":85}},"55":{"start":{"line":30,"column":20},"end":{"line":30,"column":42}},"56":{"start":{"line":30,"column":30},"end":{"line":30,"column":42}},"57":{"start":{"line":31,"column":20},"end":{"line":31,"column":33}},"58":{"start":{"line":31,"column":34},"end":{"line":31,"column":43}},"59":{"start":{"line":33,"column":12},"end":{"line":33,"column":39}},"60":{"start":{"line":34,"column":22},"end":{"line":34,"column":34}},"61":{"start":{"line":34,"column":35},"end":{"line":34,"column":41}},"62":{"start":{"line":34,"column":54},"end":{"line":34,"column":64}},"63":{"start":{"line":35,"column":8},"end":{"line":35,"column":35}},"64":{"start":{"line":35,"column":23},"end":{"line":35,"column":35}},"65":{"start":{"line":35,"column":36},"end":{"line":35,"column":89}},"66":{"start":{"line":38,"column":0},"end":{"line":38,"column":62}},"67":{"start":{"line":39,"column":10},"end":{"line":39,"column":33}},"68":{"start":{"line":40,"column":15},"end":{"line":40,"column":38}},"69":{"start":{"line":41,"column":15},"end":{"line":41,"column":32}},"70":{"start":{"line":42,"column":16},"end":{"line":42,"column":46}},"71":{"start":{"line":43,"column":15},"end":{"line":43,"column":35}},"72":{"start":{"line":44,"column":21},"end":{"line":44,"column":47}},"73":{"start":{"line":45,"column":18},"end":{"line":45,"column":45}},"74":{"start":{"line":46,"column":13},"end":{"line":46,"column":42}},"75":{"start":{"line":47,"column":21},"end":{"line":47,"column":55}},"76":{"start":{"line":48,"column":21},"end":{"line":48,"column":44}},"77":{"start":{"line":49,"column":0},"end":{"line":55,"column":4}},"78":{"start":{"line":54,"column":4},"end":{"line":54,"column":44}},"79":{"start":{"line":56,"column":0},"end":{"line":56,"column":18}},"80":{"start":{"line":58,"column":16},"end":{"line":58,"column":20}},"81":{"start":{"line":59,"column":15},"end":{"line":59,"column":17}},"82":{"start":{"line":60,"column":26},"end":{"line":67,"column":5}},"83":{"start":{"line":61,"column":8},"end":{"line":66,"column":9}},"84":{"start":{"line":62,"column":12},"end":{"line":62,"column":94}},"85":{"start":{"line":65,"column":12},"end":{"line":65,"column":25}},"86":{"start":{"line":68,"column":4},"end":{"line":68,"column":51}},"87":{"start":{"line":69,"column":4},"end":{"line":69,"column":42}},"88":{"start":{"line":70,"column":4},"end":{"line":88,"column":12}},"89":{"start":{"line":70,"column":67},"end":{"line":88,"column":7}},"90":{"start":{"line":72,"column":8},"end":{"line":87,"column":11}},"91":{"start":{"line":73,"column":12},"end":{"line":86,"column":13}},"92":{"start":{"line":75,"column":20},"end":{"line":75,"column":36}},"93":{"start":{"line":76,"column":20},"end":{"line":76,"column":70}},"94":{"start":{"line":78,"column":20},"end":{"line":78,"column":37}},"95":{"start":{"line":79,"column":20},"end":{"line":81,"column":21}},"96":{"start":{"line":80,"column":24},"end":{"line":80,"column":65}},"97":{"start":{"line":82,"column":20},"end":{"line":84,"column":21}},"98":{"start":{"line":83,"column":24},"end":{"line":83,"column":97}},"99":{"start":{"line":85,"column":20},"end":{"line":85,"column":42}},"100":{"start":{"line":89,"column":4},"end":{"line":118,"column":12}},"101":{"start":{"line":89,"column":72},"end":{"line":118,"column":7}},"102":{"start":{"line":91,"column":8},"end":{"line":117,"column":11}},"103":{"start":{"line":92,"column":12},"end":{"line":116,"column":13}},"104":{"start":{"line":94,"column":20},"end":{"line":94,"column":46}},"105":{"start":{"line":95,"column":20},"end":{"line":95,"column":93}},"106":{"start":{"line":96,"column":20},"end":{"line":96,"column":90}},"107":{"start":{"line":98,"column":20},"end":{"line":98,"column":37}},"108":{"start":{"line":99,"column":20},"end":{"line":101,"column":21}},"109":{"start":{"line":100,"column":24},"end":{"line":100,"column":63}},"110":{"start":{"line":102,"column":20},"end":{"line":102,"column":85}},"111":{"start":{"line":104,"column":20},"end":{"line":104,"column":48}},"112":{"start":{"line":105,"column":20},"end":{"line":105,"column":90}},"113":{"start":{"line":107,"column":20},"end":{"line":107,"column":30}},"114":{"start":{"line":108,"column":20},"end":{"line":108,"column":72}},"115":{"start":{"line":109,"column":20},"end":{"line":109,"column":68}},"116":{"start":{"line":110,"column":20},"end":{"line":110,"column":79}},"117":{"start":{"line":111,"column":20},"end":{"line":111,"column":65}},"118":{"start":{"line":113,"column":20},"end":{"line":113,"column":36}},"119":{"start":{"line":114,"column":20},"end":{"line":114,"column":59}},"120":{"start":{"line":115,"column":24},"end":{"line":115,"column":46}},"121":{"start":{"line":120,"column":0},"end":{"line":120,"column":27}}},"fnMap":{"0":{"name":"(anonymous_0)","decl":{"start":{"line":2,"column":44},"end":{"line":2,"column":45}},"loc":{"start":{"line":2,"column":89},"end":{"line":10,"column":1}},"line":2},"1":{"name":"adopt","decl":{"start":{"line":3,"column":13},"end":{"line":3,"column":18}},"loc":{"start":{"line":3,"column":26},"end":{"line":3,"column":112}},"line":3},"2":{"name":"(anonymous_2)","decl":{"start":{"line":3,"column":70},"end":{"line":3,"column":71}},"loc":{"start":{"line":3,"column":89},"end":{"line":3,"column":108}},"line":3},"3":{"name":"(anonymous_3)","decl":{"start":{"line":4,"column":36},"end":{"line":4,"column":37}},"loc":{"start":{"line":4,"column":63},"end":{"line":9,"column":5}},"line":4},"4":{"name":"fulfilled","decl":{"start":{"line":5,"column":17},"end":{"line":5,"column":26}},"loc":{"start":{"line":5,"column":34},"end":{"line":5,"column":99}},"line":5},"5":{"name":"rejected","decl":{"start":{"line":6,"column":17},"end":{"line":6,"column":25}},"loc":{"start":{"line":6,"column":33},"end":{"line":6,"column":102}},"line":6},"6":{"name":"step","decl":{"start":{"line":7,"column":17},"end":{"line":7,"column":21}},"loc":{"start":{"line":7,"column":30},"end":{"line":7,"column":118}},"line":7},"7":{"name":"(anonymous_7)","decl":{"start":{"line":11,"column":48},"end":{"line":11,"column":49}},"loc":{"start":{"line":11,"column":73},"end":{"line":37,"column":1}},"line":11},"8":{"name":"(anonymous_8)","decl":{"start":{"line":12,"column":30},"end":{"line":12,"column":31}},"loc":{"start":{"line":12,"column":41},"end":{"line":12,"column":83}},"line":12},"9":{"name":"(anonymous_9)","decl":{"start":{"line":13,"column":125},"end":{"line":13,"column":126}},"loc":{"start":{"line":13,"column":136},"end":{"line":13,"column":152}},"line":13},"10":{"name":"verb","decl":{"start":{"line":14,"column":13},"end":{"line":14,"column":17}},"loc":{"start":{"line":14,"column":21},"end":{"line":14,"column":70}},"line":14},"11":{"name":"(anonymous_11)","decl":{"start":{"line":14,"column":30},"end":{"line":14,"column":31}},"loc":{"start":{"line":14,"column":43},"end":{"line":14,"column":67}},"line":14},"12":{"name":"step","decl":{"start":{"line":15,"column":13},"end":{"line":15,"column":17}},"loc":{"start":{"line":15,"column":22},"end":{"line":36,"column":5}},"line":15},"13":{"name":"(anonymous_13)","decl":{"start":{"line":53,"column":3},"end":{"line":53,"column":4}},"loc":{"start":{"line":53,"column":55},"end":{"line":55,"column":1}},"line":53},"14":{"name":"localStrategies","decl":{"start":{"line":57,"column":9},"end":{"line":57,"column":24}},"loc":{"start":{"line":57,"column":27},"end":{"line":119,"column":1}},"line":57},"15":{"name":"(anonymous_15)","decl":{"start":{"line":60,"column":26},"end":{"line":60,"column":27}},"loc":{"start":{"line":60,"column":41},"end":{"line":67,"column":5}},"line":60},"16":{"name":"(anonymous_16)","decl":{"start":{"line":70,"column":40},"end":{"line":70,"column":41}},"loc":{"start":{"line":70,"column":65},"end":{"line":88,"column":9}},"line":70},"17":{"name":"(anonymous_17)","decl":{"start":{"line":70,"column":107},"end":{"line":70,"column":108}},"loc":{"start":{"line":70,"column":119},"end":{"line":88,"column":5}},"line":70},"18":{"name":"(anonymous_18)","decl":{"start":{"line":72,"column":33},"end":{"line":72,"column":34}},"loc":{"start":{"line":72,"column":47},"end":{"line":87,"column":9}},"line":72},"19":{"name":"(anonymous_19)","decl":{"start":{"line":89,"column":51},"end":{"line":89,"column":52}},"loc":{"start":{"line":89,"column":70},"end":{"line":118,"column":9}},"line":89},"20":{"name":"(anonymous_20)","decl":{"start":{"line":89,"column":112},"end":{"line":89,"column":113}},"loc":{"start":{"line":89,"column":124},"end":{"line":118,"column":5}},"line":89},"21":{"name":"(anonymous_21)","decl":{"start":{"line":91,"column":33},"end":{"line":91,"column":34}},"loc":{"start":{"line":91,"column":47},"end":{"line":117,"column":9}},"line":91}},"branchMap":{"0":{"loc":{"start":{"line":2,"column":16},"end":{"line":10,"column":1}},"type":"binary-expr","locations":[{"start":{"line":2,"column":17},"end":{"line":2,"column":21}},{"start":{"line":2,"column":25},"end":{"line":2,"column":39}},{"start":{"line":2,"column":44},"end":{"line":10,"column":1}}],"line":2},"1":{"loc":{"start":{"line":3,"column":35},"end":{"line":3,"column":109}},"type":"cond-expr","locations":[{"start":{"line":3,"column":56},"end":{"line":3,"column":61}},{"start":{"line":3,"column":64},"end":{"line":3,"column":109}}],"line":3},"2":{"loc":{"start":{"line":4,"column":16},"end":{"line":4,"column":34}},"type":"binary-expr","locations":[{"start":{"line":4,"column":16},"end":{"line":4,"column":17}},{"start":{"line":4,"column":22},"end":{"line":4,"column":33}}],"line":4},"3":{"loc":{"start":{"line":7,"column":32},"end":{"line":7,"column":115}},"type":"cond-expr","locations":[{"start":{"line":7,"column":46},"end":{"line":7,"column":67}},{"start":{"line":7,"column":70},"end":{"line":7,"column":115}}],"line":7},"4":{"loc":{"start":{"line":8,"column":51},"end":{"line":8,"column":67}},"type":"binary-expr","locations":[{"start":{"line":8,"column":51},"end":{"line":8,"column":61}},{"start":{"line":8,"column":65},"end":{"line":8,"column":67}}],"line":8},"5":{"loc":{"start":{"line":11,"column":18},"end":{"line":37,"column":1}},"type":"binary-expr","locations":[{"start":{"line":11,"column":19},"end":{"line":11,"column":23}},{"start":{"line":11,"column":27},"end":{"line":11,"column":43}},{"start":{"line":11,"column":48},"end":{"line":37,"column":1}}],"line":11},"6":{"loc":{"start":{"line":12,"column":43},"end":{"line":12,"column":68}},"type":"if","locations":[{"start":{"line":12,"column":43},"end":{"line":12,"column":68}},{"start":{"line":12,"column":43},"end":{"line":12,"column":68}}],"line":12},"7":{"loc":{"start":{"line":13,"column":71},"end":{"line":13,"column":153}},"type":"binary-expr","locations":[{"start":{"line":13,"column":71},"end":{"line":13,"column":99}},{"start":{"line":13,"column":104},"end":{"line":13,"column":152}}],"line":13},"8":{"loc":{"start":{"line":16,"column":8},"end":{"line":16,"column":70}},"type":"if","locations":[{"start":{"line":16,"column":8},"end":{"line":16,"column":70}},{"start":{"line":16,"column":8},"end":{"line":16,"column":70}}],"line":16},"9":{"loc":{"start":{"line":18,"column":12},"end":{"line":18,"column":169}},"type":"if","locations":[{"start":{"line":18,"column":12},"end":{"line":18,"column":169}},{"start":{"line":18,"column":12},"end":{"line":18,"column":169}}],"line":18},"10":{"loc":{"start":{"line":18,"column":23},"end":{"line":18,"column":158}},"type":"binary-expr","locations":[{"start":{"line":18,"column":23},"end":{"line":18,"column":24}},{"start":{"line":18,"column":29},"end":{"line":18,"column":125}},{"start":{"line":18,"column":130},"end":{"line":18,"column":158}}],"line":18},"11":{"loc":{"start":{"line":18,"column":33},"end":{"line":18,"column":125}},"type":"cond-expr","locations":[{"start":{"
[...]
169}},"27":{"start":{"line":18,"column":12},"end":{"line":18,"column":52}},"28":{"start":{"line":18,"column":26},"end":{"line":18,"column":52}},"29":{"start":{"line":19,"column":12},"end":{"line":31,"column":13}},"30":{"start":{"line":20,"column":32},"end":{"line":20,"column":39}},"31":{"start":{"line":20,"column":40},"end":{"line":20,"column":46}},"32":{"start":{"line":21,"column":24},"end":{"line":21,"column":34}},"33":{"start":{"line":21,"column":35},"end":{"line":21,"column":72}},"34":{"start":{"line":22,"column":24},"end":{"line":22,"column":34}},"35":{"start":{"line":22,"column":35},"end":{"line":22,"column":45}},"36":{"start":{"line":22,"column":46},"end":{"line":22,"column":55}},"37":{"start":{"line":22,"column":56},"end":{"line":22,"column":65}},"38":{"start":{"line":23,"column":24},"end":{"line":23,"column":41}},"39":{"start":{"line":23,"column":42},"end":{"line":23,"column":55}},"40":{"start":{"line":23,"column":56},"end":{"line":23,"column":65}},"41":{"start":{"line":25,"column":20},"end":{"line":25,"column":128}},"42":{"start":{"line":25,"column":110},"end":{"line":25,"column":116}},"43":{"start":{"line":25,"column":117},"end":{"line":25,"column":126}},"44":{"start":{"line":26,"column":20},"end":{"line":26,"column":106}},"45":{"start":{"line":26,"column":81},"end":{"line":26,"column":97}},"46":{"start":{"line":26,"column":98},"end":{"line":26,"column":104}},"47":{"start":{"line":27,"column":20},"end":{"line":27,"column":89}},"48":{"start":{"line":27,"column":57},"end":{"line":27,"column":72}},"49":{"start":{"line":27,"column":73},"end":{"line":27,"column":80}},"50":{"start":{"line":27,"column":81},"end":{"line":27,"column":87}},"51":{"start":{"line":28,"column":20},"end":{"line":28,"column":87}},"52":{"start":{"line":28,"column":47},"end":{"line":28,"column":62}},"53":{"start":{"line":28,"column":63},"end":{"line":28,"column":78}},"54":{"start":{"line":28,"column":79},"end":{"line":28,"column":85}},"55":{"start":{"line":29,"column":20},"end":{"line":29,"column":42}},"56":{"start":{"line":29,"column":30},"end":{"line":29,"column":42}},"57":{"start":{"line":30,"column":20},"end":{"line":30,"column":33}},"58":{"start":{"line":30,"column":34},"end":{"line":30,"column":43}},"59":{"start":{"line":32,"column":12},"end":{"line":32,"column":39}},"60":{"start":{"line":33,"column":22},"end":{"line":33,"column":34}},"61":{"start":{"line":33,"column":35},"end":{"line":33,"column":41}},"62":{"start":{"line":33,"column":54},"end":{"line":33,"column":64}},"63":{"start":{"line":34,"column":8},"end":{"line":34,"column":35}},"64":{"start":{"line":34,"column":23},"end":{"line":34,"column":35}},"65":{"start":{"line":34,"column":36},"end":{"line":34,"column":89}},"66":{"start":{"line":37,"column":0},"end":{"line":49,"column":2}},"67":{"start":{"line":38,"column":4},"end":{"line":48,"column":7}},"68":{"start":{"line":39,"column":8},"end":{"line":47,"column":11}},"69":{"start":{"line":40,"column":12},"end":{"line":46,"column":20}},"70":{"start":{"line":43,"column":20},"end":{"line":45,"column":23}}},"fnMap":{"0":{"name":"(anonymous_0)","decl":{"start":{"line":1,"column":44},"end":{"line":1,"column":45}},"loc":{"start":{"line":1,"column":89},"end":{"line":9,"column":1}},"line":1},"1":{"name":"adopt","decl":{"start":{"line":2,"column":13},"end":{"line":2,"column":18}},"loc":{"start":{"line":2,"column":26},"end":{"line":2,"column":112}},"line":2},"2":{"name":"(anonymous_2)","decl":{"start":{"line":2,"column":70},"end":{"line":2,"column":71}},"loc":{"start":{"line":2,"column":89},"end":{"line":2,"column":108}},"line":2},"3":{"name":"(anonymous_3)","decl":{"start":{"line":3,"column":36},"end":{"line":3,"column":37}},"loc":{"start":{"line":3,"column":63},"end":{"line":8,"column":5}},"line":3},"4":{"name":"fulfilled","decl":{"start":{"line":4,"column":17},"end":{"line":4,"column":26}},"loc":{"start":{"line":4,"column":34},"end":{"line":4,"column":99}},"line":4},"5":{"name":"rejected","decl":{"start":{"line":5,"column":17},"end":{"line":5,"column":25}},"loc":{"start":{"line":5,"column":33},"end":{"line":5,"column":102}},"line":5},"6":{"name":"step","decl":{"start":{"line":6,"column":17},"end":{"line":6,"column":21}},"loc":{"start":{"line":6,"column":30},"end":{"line":6,"column":118}},"line":6},"7":{"name":"(anonymous_7)","decl":{"start":{"line":10,"column":48},"end":{"line":10,"column":49}},"loc":{"start":{"line":10,"column":73},"end":{"line":36,"column":1}},"line":10},"8":{"name":"(anonymous_8)","decl":{"start":{"line":11,"column":30},"end":{"line":11,"column":31}},"loc":{"start":{"line":11,"column":41},"end":{"line":11,"column":83}},"line":11},"9":{"name":"(anonymous_9)","decl":{"start":{"line":12,"column":125},"end":{"line":12,"column":126}},"loc":{"start":{"line":12,"column":136},"end":{"line":12,"column":152}},"line":12},"10":{"name":"verb","decl":{"start":{"line":13,"column":13},"end":{"line":13,"column":17}},"loc":{"start":{"line":13,"column":21},"end":{"line":13,"column":70}},"line":13},"11":{"name":"(anonymous_11)","decl":{"start":{"line":13,"column":30},"end":{"line":13,"column":31}},"loc":{"start":{"line":13,"column":43},"end":{"line":13,"column":67}},"line":13},"12":{"name":"step","decl":{"start":{"line":14,"column":13},"end":{"line":14,"column":17}},"loc":{"start":{"line":14,"column":22},"end":{"line":35,"column":5}},"line":14},"13":{"name":"(anonymous_13)","decl":{"start":{"line":37,"column":15},"end":{"line":37,"column":16}},"loc":{"start":{"line":37,"column":40},"end":{"line":49,"column":1}},"line":37},"14":{"name":"(anonymous_14)","decl":{"start":{"line":38,"column":43},"end":{"line":38,"column":44}},"loc":{"start":{"line":38,"column":55},"end":{"line":48,"column":5}},"line":38},"15":{"name":"(anonymous_15)","decl":{"start":{"line":39,"column":33},"end":{"line":39,"column":34}},"loc":{"start":{"line":39,"column":47},"end":{"line":47,"column":9}},"line":39},"16":{"name":"(anonymous_16)","decl":{"start":{"line":41,"column":26},"end":{"line":41,"column":27}},"loc":{"start":{"line":41,"column":38},"end":{"line":46,"column":17}},"line":41}},"branchMap":{"0":{"loc":{"start":{"line":1,"column":16},"end":{"line":9,"column":1}},"type":"binary-expr","locations":[{"start":{"line":1,"column":17},"end":{"line":1,"column":21}},{"start":{"line":1,"column":25},"end":{"line":1,"column":39}},{"start":{"line":1,"column":44},"end":{"line":9,"column":1}}],"line":1},"1":{"loc":{"start":{"line":2,"column":35},"end":{"line":2,"column":109}},"type":"cond-expr","locations":[{"start":{"line":2,"column":56},"end":{"line":2,"column":61}},{"start":{"line":2,"column":64},"end":{"line":2,"column":109}}],"line":2},"2":{"loc":{"start":{"line":3,"column":16},"end":{"line":3,"column":34}},"type":"binary-expr","locations":[{"start":{"line":3,"column":16},"end":{"line":3,"column":17}},{"start":{"line":3,"column":22},"end":{"line":3,"column":33}}],"line":3},"3":{"loc":{"start":{"line":6,"column":32},"end":{"line":6,"column":115}},"type":"cond-expr","locations":[{"start":{"line":6,"column":46},"end":{"line":6,"column":67}},{"start":{"line":6,"column":70},"end":{"line":6,"column":115}}],"line":6},"4":{"loc":{"start":{"line":7,"column":51},"end":{"line":7,"column":67}},"type":"binary-expr","locations":[{"start":{"line":7,"column":51},"end":{"line":7,"column":61}},{"start":{"line":7,"column":65},"end":{"line":7,"column":67}}],"line":7},"5":{"loc":{"start":{"line":10,"column":18},"end":{"line":36,"column":1}},"type":"binary-expr","locations":[{"start":{"line":10,"column":19},"end":{"line":10,"column":23}},{"start":{"line":10,"column":27},"end":{"line":10,"column":43}},{"start":{"line":10,"column":48},"end":{"line":36,"column":1}}],"line":10},"6":{"loc":{"start":{"line":11,"column":43},"end":{"line":11,"column":68}},"type":"if","locations":[{"start":{"line":11,"column":43},"end":{"line":11,"column":68}},{"start":{"line":11,"column":43},"end":{"line":11,"column":68}}],"line":11},"7":{"loc":{"start":{"line":12,"column":71},"end":{"line":12,"column":153}},"type":"binary-expr","locations":[{"start":{"line":12,"column":71},"end":{"line":12,"column":99}},{"start":{"line":12,"column":104},"end":{"line":12,"column":152}}],"line":12},"8":{"loc":{"start":{"line":15,"column":8},"end":{"line":15,"column":70}},"type":"if","locations":[{"start":{"line":15,"column":8},"end":{"line":15,"column":70}},{"start":{"line":15,"column":8},"end":{"line":15,"column":70}}],"line":15},"9":{"loc":{"start":{"line":17,"column":12},"end":{"line":17,"column":169}},"type":"if","locations":[{"start":{"line":17,"column":12},"end":{"line":17,"column":169}},{"start":{"line":17,"column":12},"end":{"line":17,"column":169}}],"line":17},"10":{"loc":{"start":{"line":17,"column":23},"end":{"line":17,"column":158}},"type":"binary-expr","locations":[{"start":{"line":17,"column":23},"end":{"line":17,"column":24}},{"start":{"line":17,"column":29},"end":{"line":17,"column":125}},{"start":{"line":17,"column":130},"end":{"line":17,"column":158}}],"line":17},"11":{"loc":{"start":{"line":17,"column":33},"end":{"line":17,"column":125}},"type":"cond-expr","locations":[{"start":{"line":17,"column":45},"end":{"line":17,"column":56}},{"start":{"line":17,"column":59},"end":{"line":17,"column":125}}],"line":17},"12":{"loc":{"start":{"line":17,"column":59},"end":{"line":17,"column":125}},"type":"cond-expr","locations":[{"start":{"line":17,"column":67},"end":{"line":17,"column":116}},{"start":{"line":17,"column":119},"end":{"line":17,"column":125}}],"line":17},"13":{"loc":{"start":{"line":17,"column":67},"end":{"line":17,"column":116}},"type":"binary-expr","locations":[{"start":{"line":17,"column":67},"end":{"line":17,"column":77}},{"start":{"line":17,"column":82},"end":{"line":17,"column":115}}],"line":17},"14":{"loc":{"start":{"line":17,"column":82},"end":{"line":17,"column":112}},"type":"binary-expr","locations":[{"start":{"line":17,"column":83},"end":{"line":17,"column":98}},{"start":{"line":17,"column":103},"end":{"line":17,"column":112}}],"line":17},"15":{"loc":{"start":{"line":18,"column":12},"end":{"line":18,"column":52}},"type":"if","locations":[{"start":{"line":18,"column":12},"end":{"line":18,"column":52}},{"start":{"line":18,"column":12},"end":{"line":18,"column":52}}],"line":18},"16":{"loc":{"start":{"line":19,"column":12},"end":{"line":31,"column":13}},"type":"switch","locations":[{"start":{"line":20,"column":16},"end":{"line":20,"column":23}},{"start":{"line":20,"column":24},"end":{"line":20,"column":46}},{"start":{"line":21,"column":16},"end":{"line":21,"column":72}},{"start":{"line":22,"column":16},"end":{"line":22,"column":65}},{"start":{"line":23,"column":16},"end":{"line":23,"column":65}},{"start":{"line":24,"column":16},"end":{"line":30,"column":43}}],"line":19},"17":{"loc":{"start":{"line":25,"column":20},"end":{"line":25,"column":128}},"type":"if","locations":[{"start":{"line":25,"column":20},"end":{"line":25,"column":128}},{"start":{"line":25,"column":20},"end":{"line":25,"column":128}}],"line":25},"18":{"loc":{"start":{"line":25,"column":24},"end":{"line":25,"column":106}},"type":"binary-expr","locations":[{"start":{"line":25,"column":24},"end":{"line":25,"column":74}},{"start":{"line":25,"column":79},"end":{"line":25,"column":90}},{"start":{"line":25,"column":94},"end":{"line":25,"column":105}}],"line":25},"19":{"loc":{"start":{"line":25,"column":42},"end":{"line":25,"column":73}},"type":"binary-expr","locations":[{"start":{"line":25,"column":42},"end":{"line":25,"column":54}},{"start":{"line":25,"column":58},"end":{"line":25,"column":73}}],"line":25},"20":{"loc":{"start":{"line":26,"column":20},"end":{"line":26,"column":106}},"type":"if","locations":[{"start":{"line":26,"column":20},"end":{"line":26,"column":106}},{"start":{"line":26,"column":20},"end":{"line":26,"column":106}}],"line":26},"21":{"loc":{"start":{"line":26,"column":24},"end":{"line":26,"column":77}},"type":"binary-expr","locations":[{"start":{"line":26,"column":24},"end":{"line":26,"column":35}},{"start":{"line":26,"column":40},"end":{"line":26,"column":42}},{"start":{"line":26,"column":47},"end":{"line":26,"column":59}},{"start":{"line":26,"column":63},"end":{"line":26,"column":75}}],"line":26},"22":{"loc":{"start":{"line":27,"column":20},"end":{"line":27,"column":89}},"type":"if","locations":[{"start":{"line":27,"column":20},"end":{"line":27,"column":89}},{"start":{"line":27,"column":20},"end":{"line":27,"column":89}}],"line":27},"23":{"loc":{"start":{"line":27,"column":24},"end":{"line":27,"column":53}},"type":"binary-expr","locations":[{"start":{"line":27,"column":24},"end":{"line":27,"column":35}},{"start":{"line":27,"column":39},"end":{"line":27,"column":53}}],"line":27},"24":{"loc":{"start":{"line":28,"column":20},"end":{"line":28,"column":87}},"type":"if","locations":[{"start":{"line":28,"column":20},"end":{"line":28,"column":87}},{"start":{"line":28,"column":20},"end":{"line":28,"column":87}}],"line":28},"25":{"loc":{"start":{"line":28,"column":24},"end":{"line":28,"column":43}},"type":"binary-expr","locations":[{"start":{"line":28,"column":24},"end":{"line":28,"column":25}},{"start":{"line":28,"column":29},"end":{"line":28,"column":43}}],"line":28},"26":{"loc":{"start":{"line":29,"column":20},"end":{"line":29,"column":42}},"type":"if","locations":[{"start":{"line":29,"column":20},"end":{"line":29,"column":42}},{"start":{"line":29,"column":20},"end":{"line":29,"column":42}}],"line":29},"27":{"loc":{"start":{"line":34,"column":8},"end":{"line":34,"column":35}},"type":"if","locations":[{"start":{"line":34,"column":8},"end":{"line":34,"column":35}},{"start":{"line":34,"column":8},"end":{"line":34,"column":35}}],"line":34},"28":{"loc":{"start":{"line":34,"column":52},"end":{"line":34,"column":74}},"type":"cond-expr","locations":[{"start":{"line":34,"column":60},"end":{"line":34,"column":65}},{"start":{"line":34,"column":68},"end":{"line":34,"column":74}}],"line":34}},"s":{"0":1,"1":0,"2":0,"3":9,"4":0,"5":0,"6":0,"7":0,"8":0,"9":0,"10":9,"11":9,"12":1,"13":9,"14":0,"15":0,"16":0,"17":9,"18":0,"19":27,"20":9,"21":9,"22":0,"23":9,"24":18,"25":18,"26":0,"27":18,"28":0,"29":18,"30":9,"31":9,"32":0,"33":0,"34":0,"35":0,"36":0,"37":0,"38":0,"39":0,"40":0,"41":9,"42":9,"43":9,"44":0,"45":0,"46":0,"47":0,"48":0,"49":0,"50":0,"51":0,"52":0,"53":0,"54":0,"55":0,"56":0,"57":0,"58":0,"59":9,"60":0,"61":0,"62":18,"63":9,"64":0,"65":9,"66":1,"67":9,"68":9,"69":9,"70":9},"f":{"0":9,"1":0,"2":0,"3":9,"4":0,"5":0,"6":9,"7":9,"8":0,"9":0,"10":27,"11":9,"12":9,"13":9,"14":9,"15":9,"16":9},"b":{"0":[1,1,1],"1":[0,0],"2":[9,9],"3":[9,0],"4":[9,9],"5":[1,1,1],"6":[0,0],"7":[9,9],"8":[0,9],"9":[0,18],"10":[18,0,0],"11":[0,0],"12":[0,0],"13":[0,0],"14":[0,0],"15":[0,18],"16":[9,9,0,0,0,9],"17":[9,0],"18":[9,9,9],"19":[9,0],"20":[0,0],"21":[0,0,0,0],"22":[0,0],"23":[0,0],"24":[0,0],"25":[0,0],"26":[0,0],"27":[0,9],"28":[9,0]},"inputSourceMap":{"version":3,"file":"/app/app/db/seed/_cities.ts","sources":["/app/app/db/seed/_cities.ts"],"names":[],"mappings":";;;;;;;;;;;;;;;;;;;;;;;;;;;;;;;;;;;;AAAA,OAAO,CAAC,IAAI,GAAG,UAAe,IAAI,EAAE,OAAO;;;YACzC,sBAAO,IAAI,CAAC,SAAS,CAAC;qBACjB,IAAI,CAAC;oBACJ,uBAAuB;oBACvB,OAAO,IAAI,CAAC,SAAS,CAAC,CAAC,MAAM,CAAC;wBAC5B,EAAC,OAAO,EAAE,CAAC,EAAE,QAAQ,EAAE,MAAM,EAAE,UAAU,EAAE,CAAC,EAAE,SAAS,EAAE,KAAK,EAAC;qBAChE,CAAC,CAAA;gBACJ,CAAC,CAAC,EAAA;;;CACP,CAAA","sourcesContent":["exports.seed = async function(knex, Promise) {\n  return knex('_cities')\n      .then(function() {\n        // Inserts seed entries\n        return knex('_cities').insert([\n          {city_id: 1, title_ru: 'Киев', country_id: 2, important: false},\n        ])\n      })\n}\n"]},"_coverageSchema":"1a1c01bbd47fc00a2c39e90264f33305004495a9","hash":"35826d9339455bb6d9b9a2cee52adcddc328354a","contentHash":"e369fd324b2cacf1723e0f164ff81d91c5581f2e3320699f2ff2498786a83453"},"/app/app/db/seed/_countries.ts":{"path":"/app/app/db/seed/_countries.ts","statementMap":{"0":{"start":{"line":1,"column":0},"end":{"line":18,"column":2}},"1":{"start":{"line":2,"column":4},"end":{"line":17,"column":7}},"2":{"start":{"line":5,"column":8},"end":{"line":16,"column":11}}},"fnMap":{"0":{"name":"(anonymous_0)","decl":{"start":{"line":1,"column":15},"end":{"line":1,"column":16}},"loc":{"start":{"line":1,"column":40},"end":{"line":18,"column":1}},"line":1},"1":{"name":"(anonymous_1)","decl":{"start":{"line":3,"column":14},"end":{"line":3,"column":15}},"loc":{"start":{"line":3,"column":26},"end":{"line":17,"column":5}},"line":3}},"branchMap":{},"s":{"0":1,"1":9,"2":9},"f":{"0":9,"1":9},"b":{},"inputSourceMap":{"version":3,"file":"/app/app/db/seed/_countries.ts","sources":["/app/app/db/seed/_countries.ts"],"names":[],"mappings":"AAAA,OAAO,CAAC,IAAI,GAAG,UAAS,IAAI,EAAE,OAAO;IACnC,OAAO,IAAI,CAAC,YAAY,CAAC;SACpB,IAAI,CAAC;QACJ,uBAAuB;QACvB,OAAO,IAAI,CAAC,YAAY,CAAC,CAAC,MAAM,CAAC;YAC/B;gBACE,UAAU,EAAE,CAAC;gBACb,QAAQ,EAAE,QAAQ;gBAClB,QAAQ,EAAE,OAAO;aAClB;YACD;gBACE,UAAU,EAAE,CAAC;gBACb,QAAQ,EAAE,SAAS;gBACnB,QAAQ,EAAE,SAAS;aACpB;SACF,CAAC,CAAC;IACL,CAAC,CAAC,CAAC;AACT,CAAC,CAAC","sourcesContent":["exports.seed = function(knex, Promise) {\n  return knex('_countries')\n      .then(function() {\n        // Inserts seed entries\n        return knex('_countries').insert([\n          {\n            country_id: 1,\n            title_ru: 'Россия',\n            title_ua: 'Росія',\n          },\n          {\n            country_id: 2,\n            title_ru: 'Украина',\n            title_ua: 'Україна',\n          },\n        ]);\n      });\n};\n"]},"_coverageSchema":"1a1c01bbd47fc00a2c39e90264f33305004495a9","hash":"a6519a36a6993310364753d48b13e9096d8f2510","contentHash":"98cca2f8bcbef5353a7f92a6a381a88ef41074a113e4b57b6c4c9d37d402ffca"},"/app/app/db/seed/user.ts":{"path":"/app/app/db/seed/user.ts","statementMap":{"0":{"start":{"line":2,"column":0},"end":{"line":2,"column":62}},"1":{"start":{"line":3,"column":12},"end":{"line":3,"column":39}},"2":{"start":{"line":4,"column":0},"end":{"line":22,"column":2}},"3":{"start":{"line":5,"column":4},"end":{"line":21,"column":7}},"4":{"start":{"line":7,"column":8},"end":{"line":12,"column":11}},"5":{"start":{"line":15,"column":8},"end":{"line":20,"column":11}}},"fnMap":{"0":{"name":"(anonymous_0)","decl":{"start":{"line":4,"column":15},"end":{"line":4,"column":16}},"loc":{"start":{"line":4,"column":40},"end":{"line":22,"column":1}},"line":4},"1":{"name":"(anonymous_1)","decl":{"start":{"line":6,"column":14},"end":{"line":6,"column":15}},"loc":{"start":{"line":6,"column":26},"end":{"line":13,"column":5}},"line":6},"2":{"name":"(anonymous_2)","decl":{"start":{"line":14,"column":14},"end":{"line":14,"column":15}},"loc":{"start":{"line":14,"column":26},"end":{"line":21,"column":5}},"line":14}},"branchMap":{},"s":{"0":1,"1":1,"2":1,"3":9,"4":9,"5":9},"f":{"0":9,"1":9,"2":9},"b":{},"inputSourceMap":{"version":3,"file":"/app/app/db/seed/user.ts","sources":["/app/app/db/seed/user.ts"],"names":[],"mappings":";;AAAA,wCAAyC;AACzC,OAAO,CAAC,IAAI,GAAG,UAAC,IAAI,EAAE,OAAO;IAC3B,OAAO,IAAI,CAAC,OAAO,CAAC;SACf,IAAI,CAAC;QACJ,OAAO,KAAK,CAAC,YAAY,CAAC;YACxB,IAAI,EAAE,WAAW;YACjB,KAAK,EAAE,aAAa;YACpB,QAAQ,EAAE,gBAAgB;YAC1B,QAAQ,EAAE,IAAI;SACf,CAAC,CAAC;IACL,CAAC,CAAC;SACD,IAAI,CAAC;QACJ,OAAO,KAAK,CAAC,YAAY,CAAC;YACxB,IAAI,EAAE,UAAU;YAChB,KAAK,EAAE,gBAAgB;YACvB,QAAQ,EAAE,eAAe;YACzB,QAAQ,EAAE,IAAI;SACf,CAAC,CAAC;IACL,CAAC,CAAC,CAAC;AACT,CAAC,CAAC","sourcesContent":["import * as users from '../queries/users'\nexports.seed = (knex, Promise) => {\n  return knex('users')\n      .then(() => {\n        return users.addLocalUser({\n          name: 'username0',\n          email: 'user-email0',\n          password: 'user-password0',\n          verified: true\n        });\n      })\n      .then(() => {\n        return users.addLocalUser({\n          name: 'username',\n          email: 'user@email.com',\n          password: 'user-password',\n          verified: true\n        });\n      });\n};\n"]},"_coverageSchema":"1a1c01bbd47fc00a2c39e90264f33305004495a9","hash":"65ff87004ef95a388537f6aa40f8701fee7cdccb","contentHash":"ee539bd442df00eee8adfc028134901992f91fd3f3cd84df729f793ac54dbc69"}}